### 2026-06-04T05:10:32+00:00
CONTAINER ID   NAME       CPU %     MEM USAGE / LIMIT     MEM %     NET I/O   BLOCK I/O         PIDS
4c8918896d0b   database   162.19%   94.65MiB / 3.762GiB   2.46%     0B / 0B   59.9MB / 7.09MB   21
371269d194bc   swss       151.35%   142.2MiB / 3.762GiB   3.69%     0B / 0B   40MB / 29.9MB     62
3f8b3ff7e0c0   syncd      7.55%     91.77MiB / 3.762GiB   2.38%     0B / 0B   64MB / 7.3MB      41
09ceb1ab8951   bgp        0.12%     118.2MiB / 3.762GiB   3.07%     0B / 0B   32.7MB / 7.26MB   29
### 2026-06-04T05:10:37+00:00
CONTAINER ID   NAME       CPU %     MEM USAGE / LIMIT     MEM %     NET I/O   BLOCK I/O         PIDS
4c8918896d0b   database   129.62%   94.51MiB / 3.762GiB   2.45%     0B / 0B   59.9MB / 7.09MB   21
371269d194bc   swss       208.28%   139.5MiB / 3.762GiB   3.62%     0B / 0B   40MB / 30MB       62
3f8b3ff7e0c0   syncd      2.53%     91.77MiB / 3.762GiB   2.38%     0B / 0B   64MB / 7.3MB      41
09ceb1ab8951   bgp        0.27%     118MiB / 3.762GiB     3.06%     0B / 0B   32.7MB / 7.26MB   29
### 2026-06-04T05:10:42+00:00
CONTAINER ID   NAME       CPU %     MEM USAGE / LIMIT     MEM %     NET I/O   BLOCK I/O         PIDS
4c8918896d0b   database   55.99%    94.59MiB / 3.762GiB   2.46%     0B / 0B   59.9MB / 7.09MB   21
371269d194bc   swss       99.77%    143MiB / 3.762GiB     3.71%     0B / 0B   40MB / 30MB       62
3f8b3ff7e0c0   syncd      1.29%     91.82MiB / 3.762GiB   2.38%     0B / 0B   64MB / 7.3MB      41
09ceb1ab8951   bgp        0.12%     118MiB / 3.762GiB     3.06%     0B / 0B   32.7MB / 7.26MB   29
### 2026-06-04T05:10:47+00:00
CONTAINER ID   NAME       CPU %     MEM USAGE / LIMIT     MEM %     NET I/O   BLOCK I/O         PIDS
4c8918896d0b   database   66.87%    93.89MiB / 3.762GiB   2.44%     0B / 0B   59.9MB / 7.09MB   21
371269d194bc   swss       76.15%    147.2MiB / 3.762GiB   3.82%     0B / 0B   40MB / 30MB       62
3f8b3ff7e0c0   syncd      1.63%     91.77MiB / 3.762GiB   2.38%     0B / 0B   64MB / 7.3MB      41
09ceb1ab8951   bgp        0.21%     118MiB / 3.762GiB     3.06%     0B / 0B   32.7MB / 7.26MB   29
### 2026-06-04T05:10:52+00:00
CONTAINER ID   NAME       CPU %     MEM USAGE / LIMIT     MEM %     NET I/O   BLOCK I/O         PIDS
4c8918896d0b   database   43.60%    94.09MiB / 3.762GiB   2.44%     0B / 0B   59.9MB / 7.09MB   21
371269d194bc   swss       48.80%    148.2MiB / 3.762GiB   3.85%     0B / 0B   40MB / 30MB       62
3f8b3ff7e0c0   syncd      1.63%     91.77MiB / 3.762GiB   2.38%     0B / 0B   64MB / 7.3MB      41
09ceb1ab8951   bgp        0.12%     118MiB / 3.762GiB     3.06%     0B / 0B   32.7MB / 7.26MB   29
### 2026-06-04T05:10:58+00:00
CONTAINER ID   NAME       CPU %     MEM USAGE / LIMIT     MEM %     NET I/O   BLOCK I/O         PIDS
4c8918896d0b   database   30.80%    94.5MiB / 3.762GiB    2.45%     0B / 0B   59.9MB / 7.09MB   21
371269d194bc   swss       44.28%    136.8MiB / 3.762GiB   3.55%     0B / 0B   40MB / 31.2MB     62
3f8b3ff7e0c0   syncd      1.47%     91.77MiB / 3.762GiB   2.38%     0B / 0B   64MB / 7.3MB      41
09ceb1ab8951   bgp        1.14%     118.1MiB / 3.762GiB   3.07%     0B / 0B   32.7MB / 7.26MB   29
### 2026-06-04T05:11:03+00:00
CONTAINER ID   NAME       CPU %     MEM USAGE / LIMIT     MEM %     NET I/O   BLOCK I/O         PIDS
4c8918896d0b   database   41.24%    94.39MiB / 3.762GiB   2.45%     0B / 0B   59.9MB / 7.09MB   21
371269d194bc   swss       42.22%    145.5MiB / 3.762GiB   3.78%     0B / 0B   40MB / 31.2MB     62
3f8b3ff7e0c0   syncd      1.12%     91.77MiB / 3.762GiB   2.38%     0B / 0B   64MB / 7.3MB      41
09ceb1ab8951   bgp        0.13%     118MiB / 3.762GiB     3.06%     0B / 0B   32.7MB / 7.26MB   29
### 2026-06-04T05:11:09+00:00
CONTAINER ID   NAME       CPU %     MEM USAGE / LIMIT     MEM %     NET I/O   BLOCK I/O         PIDS
4c8918896d0b   database   39.50%    93.93MiB / 3.762GiB   2.44%     0B / 0B   59.9MB / 7.09MB   21
371269d194bc   swss       47.59%    143.3MiB / 3.762GiB   3.72%     0B / 0B   40MB / 31.2MB     62
3f8b3ff7e0c0   syncd      1.69%     91.77MiB / 3.762GiB   2.38%     0B / 0B   64MB / 7.3MB      41
09ceb1ab8951   bgp        0.69%     118.2MiB / 3.762GiB   3.07%     0B / 0B   32.7MB / 7.26MB   29
### 2026-06-04T05:11:14+00:00
CONTAINER ID   NAME       CPU %     MEM USAGE / LIMIT     MEM %     NET I/O   BLOCK I/O         PIDS
4c8918896d0b   database   52.91%    93.9MiB / 3.762GiB    2.44%     0B / 0B   59.9MB / 7.09MB   21
371269d194bc   swss       24.16%    146.4MiB / 3.762GiB   3.80%     0B / 0B   40MB / 31.2MB     62
3f8b3ff7e0c0   syncd      2.10%     91.77MiB / 3.762GiB   2.38%     0B / 0B   64MB / 7.3MB      41
09ceb1ab8951   bgp        0.32%     118MiB / 3.762GiB     3.06%     0B / 0B   32.7MB / 7.26MB   29
