### 2026-06-04T05:12:26+00:00
CONTAINER ID   NAME       CPU %     MEM USAGE / LIMIT     MEM %     NET I/O   BLOCK I/O         PIDS
4c8918896d0b   database   50.18%    104.2MiB / 3.762GiB   2.71%     0B / 0B   59.9MB / 7.09MB   21
371269d194bc   swss       108.70%   185.9MiB / 3.762GiB   4.83%     0B / 0B   40MB / 33.1MB     62
3f8b3ff7e0c0   syncd      0.52%     91.77MiB / 3.762GiB   2.38%     0B / 0B   64MB / 7.3MB      41
09ceb1ab8951   bgp        0.14%     118MiB / 3.762GiB     3.06%     0B / 0B   32.7MB / 7.26MB   29
### 2026-06-04T05:12:30+00:00
CONTAINER ID   NAME       CPU %     MEM USAGE / LIMIT     MEM %     NET I/O   BLOCK I/O         PIDS
4c8918896d0b   database   60.64%    104.3MiB / 3.762GiB   2.71%     0B / 0B   59.9MB / 7.09MB   21
371269d194bc   swss       111.20%   170.8MiB / 3.762GiB   4.43%     0B / 0B   40MB / 33.1MB     62
3f8b3ff7e0c0   syncd      0.86%     91.77MiB / 3.762GiB   2.38%     0B / 0B   64MB / 7.3MB      41
09ceb1ab8951   bgp        0.15%     118.2MiB / 3.762GiB   3.07%     0B / 0B   32.7MB / 7.26MB   29
### 2026-06-04T05:12:35+00:00
CONTAINER ID   NAME       CPU %     MEM USAGE / LIMIT     MEM %     NET I/O   BLOCK I/O         PIDS
4c8918896d0b   database   63.18%    104.1MiB / 3.762GiB   2.70%     0B / 0B   59.9MB / 7.09MB   21
371269d194bc   swss       114.80%   178.1MiB / 3.762GiB   4.62%     0B / 0B   40MB / 33.1MB     62
3f8b3ff7e0c0   syncd      2.07%     91.77MiB / 3.762GiB   2.38%     0B / 0B   64MB / 7.3MB      41
09ceb1ab8951   bgp        0.09%     118MiB / 3.762GiB     3.06%     0B / 0B   32.7MB / 7.26MB   29
### 2026-06-04T05:12:38+00:00
CONTAINER ID   NAME       CPU %     MEM USAGE / LIMIT     MEM %     NET I/O   BLOCK I/O         PIDS
4c8918896d0b   database   66.31%    105MiB / 3.762GiB     2.73%     0B / 0B   59.9MB / 7.09MB   21
371269d194bc   swss       117.30%   183.8MiB / 3.762GiB   4.77%     0B / 0B   40MB / 33.1MB     62
3f8b3ff7e0c0   syncd      0.57%     91.77MiB / 3.762GiB   2.38%     0B / 0B   64MB / 7.3MB      41
09ceb1ab8951   bgp        0.15%     118MiB / 3.762GiB     3.06%     0B / 0B   32.7MB / 7.26MB   29
### 2026-06-04T05:12:42+00:00
CONTAINER ID   NAME       CPU %     MEM USAGE / LIMIT     MEM %     NET I/O   BLOCK I/O         PIDS
4c8918896d0b   database   66.37%    107.3MiB / 3.762GiB   2.79%     0B / 0B   59.9MB / 7.09MB   21
371269d194bc   swss       111.13%   183.8MiB / 3.762GiB   4.77%     0B / 0B   40MB / 33.1MB     62
3f8b3ff7e0c0   syncd      0.39%     91.77MiB / 3.762GiB   2.38%     0B / 0B   64MB / 7.3MB      41
09ceb1ab8951   bgp        0.42%     118.2MiB / 3.762GiB   3.07%     0B / 0B   32.7MB / 7.26MB   29
### 2026-06-04T05:12:47+00:00
CONTAINER ID   NAME       CPU %     MEM USAGE / LIMIT     MEM %     NET I/O   BLOCK I/O         PIDS
4c8918896d0b   database   15.86%    107.9MiB / 3.762GiB   2.80%     0B / 0B   59.9MB / 7.09MB   21
371269d194bc   swss       103.49%   193.2MiB / 3.762GiB   5.01%     0B / 0B   40MB / 33.9MB     62
3f8b3ff7e0c0   syncd      0.65%     91.77MiB / 3.762GiB   2.38%     0B / 0B   64MB / 7.3MB      41
09ceb1ab8951   bgp        16.46%    118.1MiB / 3.762GiB   3.06%     0B / 0B   32.7MB / 7.26MB   29
### 2026-06-04T05:12:50+00:00
CONTAINER ID   NAME       CPU %     MEM USAGE / LIMIT     MEM %     NET I/O   BLOCK I/O         PIDS
4c8918896d0b   database   16.60%    108.1MiB / 3.762GiB   2.81%     0B / 0B   59.9MB / 7.09MB   21
371269d194bc   swss       97.75%    174.3MiB / 3.762GiB   4.52%     0B / 0B   40MB / 33.9MB     62
3f8b3ff7e0c0   syncd      0.58%     91.77MiB / 3.762GiB   2.38%     0B / 0B   64MB / 7.3MB      41
09ceb1ab8951   bgp        0.06%     118MiB / 3.762GiB     3.06%     0B / 0B   32.7MB / 7.26MB   29
### 2026-06-04T05:12:54+00:00
CONTAINER ID   NAME       CPU %     MEM USAGE / LIMIT     MEM %     NET I/O   BLOCK I/O         PIDS
4c8918896d0b   database   8.22%     108.1MiB / 3.762GiB   2.81%     0B / 0B   59.9MB / 7.09MB   21
371269d194bc   swss       95.29%    187.7MiB / 3.762GiB   4.87%     0B / 0B   40MB / 33.9MB     62
3f8b3ff7e0c0   syncd      0.46%     91.78MiB / 3.762GiB   2.38%     0B / 0B   64MB / 7.3MB      41
09ceb1ab8951   bgp        0.37%     118.1MiB / 3.762GiB   3.07%     0B / 0B   32.7MB / 7.26MB   29
### 2026-06-04T05:12:59+00:00
CONTAINER ID   NAME       CPU %     MEM USAGE / LIMIT     MEM %     NET I/O   BLOCK I/O         PIDS
4c8918896d0b   database   4.80%     107.8MiB / 3.762GiB   2.80%     0B / 0B   59.9MB / 7.09MB   21
371269d194bc   swss       99.86%    180.5MiB / 3.762GiB   4.69%     0B / 0B   40MB / 33.9MB     62
3f8b3ff7e0c0   syncd      0.85%     91.96MiB / 3.762GiB   2.39%     0B / 0B   64MB / 7.3MB      41
09ceb1ab8951   bgp        0.17%     118MiB / 3.762GiB     3.06%     0B / 0B   32.7MB / 7.26MB   29
### 2026-06-04T05:13:03+00:00
CONTAINER ID   NAME       CPU %     MEM USAGE / LIMIT     MEM %     NET I/O   BLOCK I/O         PIDS
4c8918896d0b   database   11.58%    107.8MiB / 3.762GiB   2.80%     0B / 0B   59.9MB / 7.09MB   21
371269d194bc   swss       110.76%   184MiB / 3.762GiB     4.78%     0B / 0B   40MB / 33.9MB     62
3f8b3ff7e0c0   syncd      1.60%     91.77MiB / 3.762GiB   2.38%     0B / 0B   64MB / 7.3MB      41
09ceb1ab8951   bgp        0.07%     118MiB / 3.762GiB     3.06%     0B / 0B   32.7MB / 7.26MB   29
### 2026-06-04T05:13:07+00:00
CONTAINER ID   NAME       CPU %     MEM USAGE / LIMIT     MEM %     NET I/O   BLOCK I/O         PIDS
4c8918896d0b   database   7.60%     107.8MiB / 3.762GiB   2.80%     0B / 0B   59.9MB / 7.09MB   21
371269d194bc   swss       116.15%   190.1MiB / 3.762GiB   4.94%     0B / 0B   40MB / 33.9MB     62
3f8b3ff7e0c0   syncd      0.76%     91.77MiB / 3.762GiB   2.38%     0B / 0B   64MB / 7.3MB      41
09ceb1ab8951   bgp        0.47%     118.1MiB / 3.762GiB   3.06%     0B / 0B   32.7MB / 7.26MB   29
