### 2026-06-04T05:06:20+00:00
CONTAINER ID   NAME       CPU %     MEM USAGE / LIMIT     MEM %     NET I/O   BLOCK I/O         PIDS
4c8918896d0b   database   41.23%    91.51MiB / 3.762GiB   2.38%     0B / 0B   59.9MB / 7.09MB   21
371269d194bc   swss       41.46%    131.9MiB / 3.762GiB   3.42%     0B / 0B   40MB / 24.5MB     62
3f8b3ff7e0c0   syncd      1.57%     91.77MiB / 3.762GiB   2.38%     0B / 0B   64MB / 7.3MB      41
09ceb1ab8951   bgp        0.09%     117.9MiB / 3.762GiB   3.06%     0B / 0B   32.7MB / 7.25MB   29
### 2026-06-04T05:06:25+00:00
CONTAINER ID   NAME       CPU %     MEM USAGE / LIMIT     MEM %     NET I/O   BLOCK I/O         PIDS
4c8918896d0b   database   158.65%   92.04MiB / 3.762GiB   2.39%     0B / 0B   59.9MB / 7.09MB   21
371269d194bc   swss       172.39%   136.6MiB / 3.762GiB   3.55%     0B / 0B   40MB / 24.5MB     62
3f8b3ff7e0c0   syncd      2.65%     91.77MiB / 3.762GiB   2.38%     0B / 0B   64MB / 7.3MB      41
09ceb1ab8951   bgp        0.35%     117.9MiB / 3.762GiB   3.06%     0B / 0B   32.7MB / 7.25MB   29
### 2026-06-04T05:06:30+00:00
CONTAINER ID   NAME       CPU %     MEM USAGE / LIMIT     MEM %     NET I/O   BLOCK I/O         PIDS
4c8918896d0b   database   53.48%    92.7MiB / 3.762GiB    2.41%     0B / 0B   59.9MB / 7.09MB   21
371269d194bc   swss       78.75%    144.7MiB / 3.762GiB   3.75%     0B / 0B   40MB / 24.5MB     62
3f8b3ff7e0c0   syncd      1.47%     91.77MiB / 3.762GiB   2.38%     0B / 0B   64MB / 7.3MB      41
09ceb1ab8951   bgp        0.16%     117.9MiB / 3.762GiB   3.06%     0B / 0B   32.7MB / 7.25MB   29
### 2026-06-04T05:06:36+00:00
CONTAINER ID   NAME       CPU %     MEM USAGE / LIMIT     MEM %     NET I/O   BLOCK I/O         PIDS
4c8918896d0b   database   52.79%    93.09MiB / 3.762GiB   2.42%     0B / 0B   59.9MB / 7.09MB   21
371269d194bc   swss       59.21%    148.3MiB / 3.762GiB   3.85%     0B / 0B   40MB / 24.5MB     62
3f8b3ff7e0c0   syncd      1.58%     91.77MiB / 3.762GiB   2.38%     0B / 0B   64MB / 7.3MB      41
09ceb1ab8951   bgp        0.87%     118.1MiB / 3.762GiB   3.07%     0B / 0B   32.7MB / 7.25MB   29
### 2026-06-04T05:06:41+00:00
CONTAINER ID   NAME       CPU %     MEM USAGE / LIMIT     MEM %     NET I/O   BLOCK I/O         PIDS
4c8918896d0b   database   61.68%    93.34MiB / 3.762GiB   2.42%     0B / 0B   59.9MB / 7.09MB   21
371269d194bc   swss       98.47%    145.4MiB / 3.762GiB   3.77%     0B / 0B   40MB / 25.2MB     62
3f8b3ff7e0c0   syncd      1.08%     91.77MiB / 3.762GiB   2.38%     0B / 0B   64MB / 7.3MB      41
09ceb1ab8951   bgp        0.19%     117.9MiB / 3.762GiB   3.06%     0B / 0B   32.7MB / 7.25MB   29
### 2026-06-04T05:06:46+00:00
CONTAINER ID   NAME       CPU %     MEM USAGE / LIMIT     MEM %     NET I/O   BLOCK I/O         PIDS
4c8918896d0b   database   21.00%    93.64MiB / 3.762GiB   2.43%     0B / 0B   59.9MB / 7.09MB   21
371269d194bc   swss       71.93%    138.1MiB / 3.762GiB   3.58%     0B / 0B   40MB / 25.2MB     62
3f8b3ff7e0c0   syncd      1.57%     91.77MiB / 3.762GiB   2.38%     0B / 0B   64MB / 7.3MB      41
09ceb1ab8951   bgp        0.10%     117.9MiB / 3.762GiB   3.06%     0B / 0B   32.7MB / 7.25MB   29
### 2026-06-04T05:06:50+00:00
CONTAINER ID   NAME       CPU %     MEM USAGE / LIMIT     MEM %     NET I/O   BLOCK I/O         PIDS
4c8918896d0b   database   14.63%    93.71MiB / 3.762GiB   2.43%     0B / 0B   59.9MB / 7.09MB   21
371269d194bc   swss       71.02%    147.3MiB / 3.762GiB   3.82%     0B / 0B   40MB / 25.2MB     62
3f8b3ff7e0c0   syncd      0.95%     91.77MiB / 3.762GiB   2.38%     0B / 0B   64MB / 7.3MB      41
09ceb1ab8951   bgp        1.34%     118MiB / 3.762GiB     3.06%     0B / 0B   32.7MB / 7.25MB   29
### 2026-06-04T05:06:55+00:00
CONTAINER ID   NAME       CPU %     MEM USAGE / LIMIT     MEM %     NET I/O   BLOCK I/O         PIDS
4c8918896d0b   database   34.68%    93.6MiB / 3.762GiB    2.43%     0B / 0B   59.9MB / 7.09MB   21
371269d194bc   swss       29.81%    144.1MiB / 3.762GiB   3.74%     0B / 0B   40MB / 25.2MB     62
3f8b3ff7e0c0   syncd      1.15%     91.77MiB / 3.762GiB   2.38%     0B / 0B   64MB / 7.3MB      41
09ceb1ab8951   bgp        0.12%     117.9MiB / 3.762GiB   3.06%     0B / 0B   32.7MB / 7.25MB   29
### 2026-06-04T05:07:00+00:00
CONTAINER ID   NAME       CPU %     MEM USAGE / LIMIT     MEM %     NET I/O   BLOCK I/O         PIDS
4c8918896d0b   database   26.47%    93.69MiB / 3.762GiB   2.43%     0B / 0B   59.9MB / 7.09MB   21
371269d194bc   swss       49.66%    141MiB / 3.762GiB     3.66%     0B / 0B   40MB / 25.2MB     62
3f8b3ff7e0c0   syncd      1.33%     91.77MiB / 3.762GiB   2.38%     0B / 0B   64MB / 7.3MB      41
09ceb1ab8951   bgp        18.64%    118.1MiB / 3.762GiB   3.07%     0B / 0B   32.7MB / 7.25MB   29
