### 2026-06-04T05:03:37+00:00
CONTAINER ID   NAME       CPU %     MEM USAGE / LIMIT     MEM %     NET I/O   BLOCK I/O         PIDS
4c8918896d0b   database   25.62%    91.46MiB / 3.762GiB   2.37%     0B / 0B   59.9MB / 7.09MB   21
371269d194bc   swss       90.14%    132.6MiB / 3.762GiB   3.44%     0B / 0B   40MB / 23.7MB     62
3f8b3ff7e0c0   syncd      3.31%     91.77MiB / 3.762GiB   2.38%     0B / 0B   64MB / 7.3MB      41
09ceb1ab8951   bgp        0.61%     117.9MiB / 3.762GiB   3.06%     0B / 0B   32.7MB / 7.25MB   29
### 2026-06-04T05:03:42+00:00
CONTAINER ID   NAME       CPU %     MEM USAGE / LIMIT     MEM %     NET I/O   BLOCK I/O         PIDS
4c8918896d0b   database   14.72%    91.94MiB / 3.762GiB   2.39%     0B / 0B   59.9MB / 7.09MB   21
371269d194bc   swss       69.06%    132.1MiB / 3.762GiB   3.43%     0B / 0B   40MB / 23.8MB     62
3f8b3ff7e0c0   syncd      3.27%     91.77MiB / 3.762GiB   2.38%     0B / 0B   64MB / 7.3MB      41
09ceb1ab8951   bgp        0.21%     117.9MiB / 3.762GiB   3.06%     0B / 0B   32.7MB / 7.25MB   29
### 2026-06-04T05:03:47+00:00
CONTAINER ID   NAME       CPU %     MEM USAGE / LIMIT     MEM %     NET I/O   BLOCK I/O         PIDS
4c8918896d0b   database   13.37%    91.75MiB / 3.762GiB   2.38%     0B / 0B   59.9MB / 7.09MB   21
371269d194bc   swss       58.63%    131.7MiB / 3.762GiB   3.42%     0B / 0B   40MB / 23.8MB     62
3f8b3ff7e0c0   syncd      1.10%     91.77MiB / 3.762GiB   2.38%     0B / 0B   64MB / 7.3MB      41
09ceb1ab8951   bgp        1.38%     117.9MiB / 3.762GiB   3.06%     0B / 0B   32.7MB / 7.25MB   29
### 2026-06-04T05:03:52+00:00
CONTAINER ID   NAME       CPU %     MEM USAGE / LIMIT     MEM %     NET I/O   BLOCK I/O         PIDS
4c8918896d0b   database   24.36%    91.76MiB / 3.762GiB   2.38%     0B / 0B   59.9MB / 7.09MB   21
371269d194bc   swss       62.29%    131.7MiB / 3.762GiB   3.42%     0B / 0B   40MB / 23.9MB     62
3f8b3ff7e0c0   syncd      3.61%     91.77MiB / 3.762GiB   2.38%     0B / 0B   64MB / 7.3MB      41
09ceb1ab8951   bgp        0.18%     117.9MiB / 3.762GiB   3.06%     0B / 0B   32.7MB / 7.25MB   29
### 2026-06-04T05:03:57+00:00
CONTAINER ID   NAME       CPU %     MEM USAGE / LIMIT     MEM %     NET I/O   BLOCK I/O         PIDS
4c8918896d0b   database   18.96%    91.54MiB / 3.762GiB   2.38%     0B / 0B   59.9MB / 7.09MB   21
371269d194bc   swss       73.31%    131.7MiB / 3.762GiB   3.42%     0B / 0B   40MB / 23.9MB     62
3f8b3ff7e0c0   syncd      1.34%     91.77MiB / 3.762GiB   2.38%     0B / 0B   64MB / 7.3MB      41
09ceb1ab8951   bgp        0.42%     118MiB / 3.762GiB     3.06%     0B / 0B   32.7MB / 7.25MB   29
### 2026-06-04T05:04:02+00:00
CONTAINER ID   NAME       CPU %     MEM USAGE / LIMIT     MEM %     NET I/O   BLOCK I/O         PIDS
4c8918896d0b   database   17.40%    91.48MiB / 3.762GiB   2.37%     0B / 0B   59.9MB / 7.09MB   21
371269d194bc   swss       44.22%    131.8MiB / 3.762GiB   3.42%     0B / 0B   40MB / 23.9MB     62
3f8b3ff7e0c0   syncd      3.58%     91.77MiB / 3.762GiB   2.38%     0B / 0B   64MB / 7.3MB      41
09ceb1ab8951   bgp        0.27%     117.9MiB / 3.762GiB   3.06%     0B / 0B   32.7MB / 7.25MB   29
### 2026-06-04T05:04:07+00:00
CONTAINER ID   NAME       CPU %     MEM USAGE / LIMIT     MEM %     NET I/O   BLOCK I/O         PIDS
4c8918896d0b   database   25.52%    91.55MiB / 3.762GiB   2.38%     0B / 0B   59.9MB / 7.09MB   21
371269d194bc   swss       193.78%   131.7MiB / 3.762GiB   3.42%     0B / 0B   40MB / 23.9MB     62
3f8b3ff7e0c0   syncd      2.28%     91.77MiB / 3.762GiB   2.38%     0B / 0B   64MB / 7.3MB      41
09ceb1ab8951   bgp        19.60%    117.9MiB / 3.762GiB   3.06%     0B / 0B   32.7MB / 7.25MB   29
### 2026-06-04T05:04:12+00:00
CONTAINER ID   NAME       CPU %     MEM USAGE / LIMIT     MEM %     NET I/O   BLOCK I/O         PIDS
4c8918896d0b   database   8.37%     91.46MiB / 3.762GiB   2.37%     0B / 0B   59.9MB / 7.09MB   21
371269d194bc   swss       81.65%    131.8MiB / 3.762GiB   3.42%     0B / 0B   40MB / 24MB       62
3f8b3ff7e0c0   syncd      2.32%     91.82MiB / 3.762GiB   2.38%     0B / 0B   64MB / 7.3MB      41
09ceb1ab8951   bgp        0.29%     118.1MiB / 3.762GiB   3.07%     0B / 0B   32.7MB / 7.25MB   29
### 2026-06-04T05:04:17+00:00
CONTAINER ID   NAME       CPU %     MEM USAGE / LIMIT     MEM %     NET I/O   BLOCK I/O         PIDS
4c8918896d0b   database   9.70%     91.48MiB / 3.762GiB   2.37%     0B / 0B   59.9MB / 7.09MB   21
371269d194bc   swss       104.29%   131.7MiB / 3.762GiB   3.42%     0B / 0B   40MB / 24MB       62
3f8b3ff7e0c0   syncd      1.76%     91.77MiB / 3.762GiB   2.38%     0B / 0B   64MB / 7.3MB      41
09ceb1ab8951   bgp        0.15%     117.9MiB / 3.762GiB   3.06%     0B / 0B   32.7MB / 7.25MB   29
### 2026-06-04T05:04:21+00:00
CONTAINER ID   NAME       CPU %     MEM USAGE / LIMIT     MEM %     NET I/O   BLOCK I/O         PIDS
4c8918896d0b   database   13.40%    91.84MiB / 3.762GiB   2.38%     0B / 0B   59.9MB / 7.09MB   21
371269d194bc   swss       114.68%   131.6MiB / 3.762GiB   3.42%     0B / 0B   40MB / 24MB       62
3f8b3ff7e0c0   syncd      1.79%     91.78MiB / 3.762GiB   2.38%     0B / 0B   64MB / 7.3MB      41
09ceb1ab8951   bgp        0.33%     117.9MiB / 3.762GiB   3.06%     0B / 0B   32.7MB / 7.25MB   29
