### 2026-06-04T07:52:42+00:00
CONTAINER ID   NAME       CPU %     MEM USAGE / LIMIT     MEM %     NET I/O   BLOCK I/O         PIDS
4c8918896d0b   database   75.54%    93.68MiB / 3.762GiB   2.43%     0B / 0B   59.9MB / 7.09MB   21
371269d194bc   swss       102.85%   139.5MiB / 3.762GiB   3.62%     0B / 0B   40MB / 102MB      62
3f8b3ff7e0c0   syncd      1.29%     91.82MiB / 3.762GiB   2.38%     0B / 0B   64MB / 7.3MB      41
09ceb1ab8951   bgp        0.12%     118.6MiB / 3.762GiB   3.08%     0B / 0B   32.7MB / 7.39MB   29
### 2026-06-04T07:52:46+00:00
CONTAINER ID   NAME       CPU %     MEM USAGE / LIMIT     MEM %     NET I/O   BLOCK I/O         PIDS
4c8918896d0b   database   47.30%    94.27MiB / 3.762GiB   2.45%     0B / 0B   59.9MB / 7.09MB   21
371269d194bc   swss       57.79%    162.6MiB / 3.762GiB   4.22%     0B / 0B   40MB / 102MB      62
3f8b3ff7e0c0   syncd      0.60%     91.82MiB / 3.762GiB   2.38%     0B / 0B   64MB / 7.3MB      41
09ceb1ab8951   bgp        0.07%     118.6MiB / 3.762GiB   3.08%     0B / 0B   32.7MB / 7.39MB   29
### 2026-06-04T07:52:50+00:00
CONTAINER ID   NAME       CPU %     MEM USAGE / LIMIT     MEM %     NET I/O   BLOCK I/O         PIDS
4c8918896d0b   database   45.99%    95.41MiB / 3.762GiB   2.48%     0B / 0B   59.9MB / 7.09MB   21
371269d194bc   swss       66.37%    157.5MiB / 3.762GiB   4.09%     0B / 0B   40MB / 102MB      62
3f8b3ff7e0c0   syncd      0.55%     91.82MiB / 3.762GiB   2.38%     0B / 0B   64MB / 7.3MB      41
09ceb1ab8951   bgp        0.08%     118.8MiB / 3.762GiB   3.08%     0B / 0B   32.7MB / 7.39MB   29
### 2026-06-04T07:52:55+00:00
CONTAINER ID   NAME       CPU %     MEM USAGE / LIMIT     MEM %     NET I/O   BLOCK I/O         PIDS
4c8918896d0b   database   88.08%    96.61MiB / 3.762GiB   2.51%     0B / 0B   59.9MB / 7.09MB   21
371269d194bc   swss       138.37%   152.3MiB / 3.762GiB   3.95%     0B / 0B   40MB / 102MB      62
3f8b3ff7e0c0   syncd      0.52%     91.82MiB / 3.762GiB   2.38%     0B / 0B   64MB / 7.3MB      41
09ceb1ab8951   bgp        28.14%    118.6MiB / 3.762GiB   3.08%     0B / 0B   32.7MB / 7.39MB   29
### 2026-06-04T07:52:59+00:00
CONTAINER ID   NAME       CPU %     MEM USAGE / LIMIT     MEM %     NET I/O   BLOCK I/O         PIDS
4c8918896d0b   database   119.95%   97.86MiB / 3.762GiB   2.54%     0B / 0B   59.9MB / 7.09MB   21
371269d194bc   swss       131.31%   167.8MiB / 3.762GiB   4.36%     0B / 0B   40MB / 102MB      62
3f8b3ff7e0c0   syncd      2.31%     91.82MiB / 3.762GiB   2.38%     0B / 0B   64MB / 7.3MB      41
09ceb1ab8951   bgp        0.14%     118.6MiB / 3.762GiB   3.08%     0B / 0B   32.7MB / 7.39MB   29
### 2026-06-04T07:53:03+00:00
CONTAINER ID   NAME       CPU %     MEM USAGE / LIMIT     MEM %     NET I/O   BLOCK I/O         PIDS
4c8918896d0b   database   16.32%    98.55MiB / 3.762GiB   2.56%     0B / 0B   59.9MB / 7.09MB   21
371269d194bc   swss       113.64%   165.2MiB / 3.762GiB   4.29%     0B / 0B   40MB / 104MB      62
3f8b3ff7e0c0   syncd      0.70%     91.82MiB / 3.762GiB   2.38%     0B / 0B   64MB / 7.3MB      41
09ceb1ab8951   bgp        0.17%     118.8MiB / 3.762GiB   3.08%     0B / 0B   32.7MB / 7.39MB   29
### 2026-06-04T07:53:07+00:00
CONTAINER ID   NAME       CPU %     MEM USAGE / LIMIT     MEM %     NET I/O   BLOCK I/O         PIDS
4c8918896d0b   database   15.77%    98.76MiB / 3.762GiB   2.56%     0B / 0B   59.9MB / 7.09MB   21
371269d194bc   swss       142.60%   173.8MiB / 3.762GiB   4.51%     0B / 0B   40MB / 104MB      62
3f8b3ff7e0c0   syncd      0.76%     91.82MiB / 3.762GiB   2.38%     0B / 0B   64MB / 7.3MB      41
09ceb1ab8951   bgp        0.14%     118.6MiB / 3.762GiB   3.08%     0B / 0B   32.7MB / 7.39MB   29
### 2026-06-04T07:53:11+00:00
CONTAINER ID   NAME       CPU %     MEM USAGE / LIMIT     MEM %     NET I/O   BLOCK I/O         PIDS
4c8918896d0b   database   14.31%    98.8MiB / 3.762GiB    2.56%     0B / 0B   59.9MB / 7.09MB   21
371269d194bc   swss       98.84%    189.8MiB / 3.762GiB   4.93%     0B / 0B   40MB / 104MB      62
3f8b3ff7e0c0   syncd      1.07%     91.84MiB / 3.762GiB   2.38%     0B / 0B   64MB / 7.3MB      41
09ceb1ab8951   bgp        0.08%     118.6MiB / 3.762GiB   3.08%     0B / 0B   32.7MB / 7.39MB   29
### 2026-06-04T07:53:15+00:00
CONTAINER ID   NAME       CPU %     MEM USAGE / LIMIT     MEM %     NET I/O   BLOCK I/O         PIDS
4c8918896d0b   database   5.16%     98.68MiB / 3.762GiB   2.56%     0B / 0B   59.9MB / 7.09MB   21
371269d194bc   swss       109.58%   183.7MiB / 3.762GiB   4.77%     0B / 0B   40MB / 104MB      62
3f8b3ff7e0c0   syncd      0.63%     91.82MiB / 3.762GiB   2.38%     0B / 0B   64MB / 7.3MB      41
09ceb1ab8951   bgp        0.71%     118.8MiB / 3.762GiB   3.08%     0B / 0B   32.7MB / 7.39MB   29
### 2026-06-04T07:53:19+00:00
CONTAINER ID   NAME       CPU %     MEM USAGE / LIMIT     MEM %     NET I/O   BLOCK I/O         PIDS
4c8918896d0b   database   7.76%     98.81MiB / 3.762GiB   2.56%     0B / 0B   59.9MB / 7.09MB   21
371269d194bc   swss       117.05%   190.9MiB / 3.762GiB   4.95%     0B / 0B   40MB / 105MB      62
3f8b3ff7e0c0   syncd      1.63%     91.82MiB / 3.762GiB   2.38%     0B / 0B   64MB / 7.3MB      41
09ceb1ab8951   bgp        0.19%     118.6MiB / 3.762GiB   3.08%     0B / 0B   32.7MB / 7.39MB   29
### 2026-06-04T07:53:24+00:00
CONTAINER ID   NAME       CPU %     MEM USAGE / LIMIT     MEM %     NET I/O   BLOCK I/O         PIDS
4c8918896d0b   database   5.10%     98.75MiB / 3.762GiB   2.56%     0B / 0B   59.9MB / 7.09MB   21
371269d194bc   swss       105.91%   191.3MiB / 3.762GiB   4.97%     0B / 0B   40MB / 105MB      62
3f8b3ff7e0c0   syncd      1.68%     91.82MiB / 3.762GiB   2.38%     0B / 0B   64MB / 7.3MB      41
09ceb1ab8951   bgp        0.11%     118.6MiB / 3.762GiB   3.08%     0B / 0B   32.7MB / 7.39MB   29
### 2026-06-04T07:53:28+00:00
CONTAINER ID   NAME       CPU %     MEM USAGE / LIMIT     MEM %     NET I/O   BLOCK I/O         PIDS
4c8918896d0b   database   4.86%     98.7MiB / 3.762GiB    2.56%     0B / 0B   59.9MB / 7.09MB   21
371269d194bc   swss       101.82%   186MiB / 3.762GiB     4.83%     0B / 0B   40MB / 105MB      62
3f8b3ff7e0c0   syncd      0.87%     91.82MiB / 3.762GiB   2.38%     0B / 0B   64MB / 7.3MB      41
09ceb1ab8951   bgp        0.55%     118.8MiB / 3.762GiB   3.08%     0B / 0B   32.7MB / 7.39MB   29
### 2026-06-04T07:53:32+00:00
CONTAINER ID   NAME       CPU %     MEM USAGE / LIMIT     MEM %     NET I/O   BLOCK I/O         PIDS
4c8918896d0b   database   14.85%    97.64MiB / 3.762GiB   2.53%     0B / 0B   59.9MB / 7.09MB   21
371269d194bc   swss       105.55%   197.3MiB / 3.762GiB   5.12%     0B / 0B   40MB / 105MB      62
3f8b3ff7e0c0   syncd      0.82%     91.82MiB / 3.762GiB   2.38%     0B / 0B   64MB / 7.3MB      41
09ceb1ab8951   bgp        0.13%     118.6MiB / 3.762GiB   3.08%     0B / 0B   32.7MB / 7.39MB   29
### 2026-06-04T07:53:36+00:00
CONTAINER ID   NAME       CPU %     MEM USAGE / LIMIT     MEM %     NET I/O   BLOCK I/O         PIDS
4c8918896d0b   database   10.92%    98.54MiB / 3.762GiB   2.56%     0B / 0B   59.9MB / 7.09MB   21
371269d194bc   swss       109.82%   205.1MiB / 3.762GiB   5.32%     0B / 0B   40MB / 105MB      62
3f8b3ff7e0c0   syncd      0.89%     91.82MiB / 3.762GiB   2.38%     0B / 0B   64MB / 7.3MB      41
09ceb1ab8951   bgp        0.08%     118.6MiB / 3.762GiB   3.08%     0B / 0B   32.7MB / 7.39MB   29
### 2026-06-04T07:53:39+00:00
CONTAINER ID   NAME       CPU %     MEM USAGE / LIMIT     MEM %     NET I/O   BLOCK I/O         PIDS
4c8918896d0b   database   7.41%     98.61MiB / 3.762GiB   2.56%     0B / 0B   59.9MB / 7.09MB   21
371269d194bc   swss       106.24%   216MiB / 3.762GiB     5.61%     0B / 0B   40MB / 106MB      62
3f8b3ff7e0c0   syncd      1.88%     91.82MiB / 3.762GiB   2.38%     0B / 0B   64MB / 7.3MB      41
09ceb1ab8951   bgp        0.09%     118.6MiB / 3.762GiB   3.08%     0B / 0B   32.7MB / 7.39MB   29
### 2026-06-04T07:53:43+00:00
CONTAINER ID   NAME       CPU %     MEM USAGE / LIMIT     MEM %     NET I/O   BLOCK I/O         PIDS
4c8918896d0b   database   15.21%    98MiB / 3.762GiB      2.54%     0B / 0B   59.9MB / 7.09MB   21
371269d194bc   swss       104.37%   184.1MiB / 3.762GiB   4.78%     0B / 0B   40MB / 106MB      62
3f8b3ff7e0c0   syncd      0.45%     91.82MiB / 3.762GiB   2.38%     0B / 0B   64MB / 7.3MB      41
09ceb1ab8951   bgp        0.22%     118.8MiB / 3.762GiB   3.08%     0B / 0B   32.7MB / 7.39MB   29
### 2026-06-04T07:53:47+00:00
CONTAINER ID   NAME       CPU %     MEM USAGE / LIMIT     MEM %     NET I/O   BLOCK I/O         PIDS
4c8918896d0b   database   11.94%    97.98MiB / 3.762GiB   2.54%     0B / 0B   59.9MB / 7.09MB   21
371269d194bc   swss       236.03%   189.9MiB / 3.762GiB   4.93%     0B / 0B   40MB / 106MB      62
3f8b3ff7e0c0   syncd      2.35%     91.82MiB / 3.762GiB   2.38%     0B / 0B   64MB / 7.3MB      41
09ceb1ab8951   bgp        0.43%     118.6MiB / 3.762GiB   3.08%     0B / 0B   32.7MB / 7.39MB   29
### 2026-06-04T07:53:51+00:00
CONTAINER ID   NAME       CPU %     MEM USAGE / LIMIT     MEM %     NET I/O   BLOCK I/O         PIDS
4c8918896d0b   database   13.18%    98.36MiB / 3.762GiB   2.55%     0B / 0B   59.9MB / 7.09MB   21
371269d194bc   swss       76.48%    192.8MiB / 3.762GiB   5.00%     0B / 0B   40MB / 106MB      62
3f8b3ff7e0c0   syncd      0.55%     91.82MiB / 3.762GiB   2.38%     0B / 0B   64MB / 7.3MB      41
09ceb1ab8951   bgp        0.19%     118.6MiB / 3.762GiB   3.08%     0B / 0B   32.7MB / 7.39MB   29
### 2026-06-04T07:53:55+00:00
CONTAINER ID   NAME       CPU %     MEM USAGE / LIMIT     MEM %     NET I/O   BLOCK I/O         PIDS
4c8918896d0b   database   10.48%    98.91MiB / 3.762GiB   2.57%     0B / 0B   59.9MB / 7.09MB   21
371269d194bc   swss       127.11%   192.3MiB / 3.762GiB   4.99%     0B / 0B   40MB / 106MB      62
3f8b3ff7e0c0   syncd      0.69%     91.82MiB / 3.762GiB   2.38%     0B / 0B   64MB / 7.3MB      41
09ceb1ab8951   bgp        38.04%    118.8MiB / 3.762GiB   3.08%     0B / 0B   32.7MB / 7.39MB   29
### 2026-06-04T07:53:59+00:00
CONTAINER ID   NAME       CPU %     MEM USAGE / LIMIT     MEM %     NET I/O   BLOCK I/O         PIDS
4c8918896d0b   database   3.69%     98.05MiB / 3.762GiB   2.55%     0B / 0B   59.9MB / 7.09MB   21
371269d194bc   swss       108.62%   192.5MiB / 3.762GiB   5.00%     0B / 0B   40MB / 106MB      62
3f8b3ff7e0c0   syncd      0.68%     91.82MiB / 3.762GiB   2.38%     0B / 0B   64MB / 7.3MB      41
09ceb1ab8951   bgp        0.17%     118.6MiB / 3.762GiB   3.08%     0B / 0B   32.7MB / 7.39MB   29
### 2026-06-04T07:54:02+00:00
CONTAINER ID   NAME       CPU %     MEM USAGE / LIMIT     MEM %     NET I/O   BLOCK I/O         PIDS
4c8918896d0b   database   7.63%     97.43MiB / 3.762GiB   2.53%     0B / 0B   59.9MB / 7.09MB   21
371269d194bc   swss       155.16%   207.9MiB / 3.762GiB   5.40%     0B / 0B   40MB / 106MB      62
3f8b3ff7e0c0   syncd      1.80%     91.82MiB / 3.762GiB   2.38%     0B / 0B   64MB / 7.3MB      41
09ceb1ab8951   bgp        0.17%     118.6MiB / 3.762GiB   3.08%     0B / 0B   32.7MB / 7.39MB   29
### 2026-06-04T07:54:06+00:00
CONTAINER ID   NAME       CPU %     MEM USAGE / LIMIT     MEM %     NET I/O   BLOCK I/O         PIDS
4c8918896d0b   database   3.81%     97.37MiB / 3.762GiB   2.53%     0B / 0B   59.9MB / 7.09MB   21
371269d194bc   swss       130.61%   204.2MiB / 3.762GiB   5.30%     0B / 0B   40MB / 107MB      62
3f8b3ff7e0c0   syncd      0.69%     91.82MiB / 3.762GiB   2.38%     0B / 0B   64MB / 7.3MB      41
09ceb1ab8951   bgp        0.45%     118.8MiB / 3.762GiB   3.08%     0B / 0B   32.7MB / 7.39MB   29
### 2026-06-04T07:54:10+00:00
CONTAINER ID   NAME       CPU %     MEM USAGE / LIMIT     MEM %     NET I/O   BLOCK I/O         PIDS
4c8918896d0b   database   7.37%     98MiB / 3.762GiB      2.54%     0B / 0B   59.9MB / 7.09MB   21
371269d194bc   swss       118.04%   203.9MiB / 3.762GiB   5.29%     0B / 0B   40MB / 107MB      62
3f8b3ff7e0c0   syncd      1.63%     91.82MiB / 3.762GiB   2.38%     0B / 0B   64MB / 7.3MB      41
09ceb1ab8951   bgp        0.56%     118.6MiB / 3.762GiB   3.08%     0B / 0B   32.7MB / 7.39MB   29
### 2026-06-04T07:54:14+00:00
CONTAINER ID   NAME       CPU %     MEM USAGE / LIMIT     MEM %     NET I/O   BLOCK I/O         PIDS
4c8918896d0b   database   10.25%    97.25MiB / 3.762GiB   2.52%     0B / 0B   59.9MB / 7.09MB   21
371269d194bc   swss       113.20%   201.1MiB / 3.762GiB   5.22%     0B / 0B   40MB / 107MB      62
3f8b3ff7e0c0   syncd      0.66%     91.82MiB / 3.762GiB   2.38%     0B / 0B   64MB / 7.3MB      41
09ceb1ab8951   bgp        0.15%     118.6MiB / 3.762GiB   3.08%     0B / 0B   32.7MB / 7.39MB   29
### 2026-06-04T07:54:18+00:00
CONTAINER ID   NAME       CPU %     MEM USAGE / LIMIT     MEM %     NET I/O   BLOCK I/O         PIDS
4c8918896d0b   database   5.33%     97.82MiB / 3.762GiB   2.54%     0B / 0B   59.9MB / 7.09MB   21
371269d194bc   swss       108.41%   207.8MiB / 3.762GiB   5.39%     0B / 0B   40MB / 107MB      62
3f8b3ff7e0c0   syncd      0.57%     91.82MiB / 3.762GiB   2.38%     0B / 0B   64MB / 7.3MB      41
09ceb1ab8951   bgp        0.09%     118.6MiB / 3.762GiB   3.08%     0B / 0B   32.7MB / 7.39MB   29
### 2026-06-04T07:54:22+00:00
CONTAINER ID   NAME       CPU %     MEM USAGE / LIMIT     MEM %     NET I/O   BLOCK I/O         PIDS
4c8918896d0b   database   6.37%     97.28MiB / 3.762GiB   2.52%     0B / 0B   59.9MB / 7.09MB   21
371269d194bc   swss       107.78%   196.3MiB / 3.762GiB   5.10%     0B / 0B   40MB / 107MB      62
3f8b3ff7e0c0   syncd      0.77%     91.82MiB / 3.762GiB   2.38%     0B / 0B   64MB / 7.3MB      41
09ceb1ab8951   bgp        0.07%     118.8MiB / 3.762GiB   3.08%     0B / 0B   32.7MB / 7.39MB   29
### 2026-06-04T07:54:26+00:00
CONTAINER ID   NAME       CPU %     MEM USAGE / LIMIT     MEM %     NET I/O   BLOCK I/O         PIDS
4c8918896d0b   database   7.50%     98.04MiB / 3.762GiB   2.54%     0B / 0B   59.9MB / 7.09MB   21
371269d194bc   swss       105.89%   209.8MiB / 3.762GiB   5.44%     0B / 0B   40MB / 107MB      62
3f8b3ff7e0c0   syncd      0.62%     91.82MiB / 3.762GiB   2.38%     0B / 0B   64MB / 7.3MB      41
09ceb1ab8951   bgp        10.29%    127.1MiB / 3.762GiB   3.30%     0B / 0B   32.7MB / 7.39MB   30
### 2026-06-04T07:54:30+00:00
CONTAINER ID   NAME       CPU %     MEM USAGE / LIMIT     MEM %     NET I/O   BLOCK I/O         PIDS
4c8918896d0b   database   5.46%     97.79MiB / 3.762GiB   2.54%     0B / 0B   59.9MB / 7.09MB   21
371269d194bc   swss       105.81%   195.9MiB / 3.762GiB   5.08%     0B / 0B   40MB / 107MB      62
3f8b3ff7e0c0   syncd      1.37%     91.82MiB / 3.762GiB   2.38%     0B / 0B   64MB / 7.3MB      41
09ceb1ab8951   bgp        0.09%     118.6MiB / 3.762GiB   3.08%     0B / 0B   32.7MB / 7.39MB   29
### 2026-06-04T07:54:34+00:00
CONTAINER ID   NAME       CPU %     MEM USAGE / LIMIT     MEM %     NET I/O   BLOCK I/O         PIDS
4c8918896d0b   database   10.14%    96.89MiB / 3.762GiB   2.52%     0B / 0B   59.9MB / 7.09MB   21
371269d194bc   swss       112.19%   205.8MiB / 3.762GiB   5.34%     0B / 0B   40MB / 107MB      62
3f8b3ff7e0c0   syncd      1.39%     91.82MiB / 3.762GiB   2.38%     0B / 0B   64MB / 7.3MB      41
09ceb1ab8951   bgp        0.32%     118.9MiB / 3.762GiB   3.08%     0B / 0B   32.7MB / 7.39MB   29
### 2026-06-04T07:54:38+00:00
CONTAINER ID   NAME       CPU %     MEM USAGE / LIMIT     MEM %     NET I/O   BLOCK I/O         PIDS
4c8918896d0b   database   3.55%     97.88MiB / 3.762GiB   2.54%     0B / 0B   59.9MB / 7.09MB   21
371269d194bc   swss       108.57%   220MiB / 3.762GiB     5.71%     0B / 0B   40MB / 107MB      62
3f8b3ff7e0c0   syncd      0.52%     91.82MiB / 3.762GiB   2.38%     0B / 0B   64MB / 7.3MB      41
09ceb1ab8951   bgp        0.07%     118.6MiB / 3.762GiB   3.08%     0B / 0B   32.7MB / 7.39MB   29
### 2026-06-04T07:54:42+00:00
CONTAINER ID   NAME       CPU %     MEM USAGE / LIMIT     MEM %     NET I/O   BLOCK I/O         PIDS
4c8918896d0b   database   5.22%     98.16MiB / 3.762GiB   2.55%     0B / 0B   59.9MB / 7.09MB   21
371269d194bc   swss       117.96%   199MiB / 3.762GiB     5.17%     0B / 0B   40MB / 107MB      62
3f8b3ff7e0c0   syncd      0.87%     91.82MiB / 3.762GiB   2.38%     0B / 0B   64MB / 7.3MB      41
09ceb1ab8951   bgp        0.19%     118.6MiB / 3.762GiB   3.08%     0B / 0B   32.7MB / 7.39MB   29
### 2026-06-04T07:54:46+00:00
CONTAINER ID   NAME       CPU %     MEM USAGE / LIMIT     MEM %     NET I/O   BLOCK I/O         PIDS
4c8918896d0b   database   19.23%    97.85MiB / 3.762GiB   2.54%     0B / 0B   59.9MB / 7.09MB   21
371269d194bc   swss       323.61%   211.2MiB / 3.762GiB   5.48%     0B / 0B   40MB / 107MB      62
3f8b3ff7e0c0   syncd      1.10%     91.82MiB / 3.762GiB   2.38%     0B / 0B   64MB / 7.3MB      41
09ceb1ab8951   bgp        0.55%     118.9MiB / 3.762GiB   3.08%     0B / 0B   32.7MB / 7.39MB   29
### 2026-06-04T07:54:50+00:00
CONTAINER ID   NAME       CPU %     MEM USAGE / LIMIT     MEM %     NET I/O   BLOCK I/O         PIDS
4c8918896d0b   database   24.04%    98.13MiB / 3.762GiB   2.55%     0B / 0B   59.9MB / 7.09MB   21
371269d194bc   swss       128.04%   196MiB / 3.762GiB     5.09%     0B / 0B   40MB / 107MB      62
3f8b3ff7e0c0   syncd      1.29%     91.82MiB / 3.762GiB   2.38%     0B / 0B   64MB / 7.3MB      41
09ceb1ab8951   bgp        0.16%     118.6MiB / 3.762GiB   3.08%     0B / 0B   32.7MB / 7.39MB   29
### 2026-06-04T07:54:55+00:00
CONTAINER ID   NAME       CPU %     MEM USAGE / LIMIT     MEM %     NET I/O   BLOCK I/O         PIDS
4c8918896d0b   database   5.06%     96.77MiB / 3.762GiB   2.51%     0B / 0B   59.9MB / 7.09MB   21
371269d194bc   swss       107.04%   194.2MiB / 3.762GiB   5.04%     0B / 0B   40MB / 107MB      62
3f8b3ff7e0c0   syncd      0.54%     91.82MiB / 3.762GiB   2.38%     0B / 0B   64MB / 7.3MB      41
09ceb1ab8951   bgp        0.12%     118.6MiB / 3.762GiB   3.08%     0B / 0B   32.7MB / 7.39MB   29
### 2026-06-04T07:54:59+00:00
CONTAINER ID   NAME       CPU %     MEM USAGE / LIMIT     MEM %     NET I/O   BLOCK I/O         PIDS
4c8918896d0b   database   18.26%    97.68MiB / 3.762GiB   2.54%     0B / 0B   59.9MB / 7.09MB   21
371269d194bc   swss       122.00%   193.2MiB / 3.762GiB   5.01%     0B / 0B   40MB / 107MB      62
3f8b3ff7e0c0   syncd      0.70%     91.82MiB / 3.762GiB   2.38%     0B / 0B   64MB / 7.3MB      41
09ceb1ab8951   bgp        0.77%     118.9MiB / 3.762GiB   3.08%     0B / 0B   32.7MB / 7.39MB   29
### 2026-06-04T07:55:03+00:00
CONTAINER ID   NAME       CPU %     MEM USAGE / LIMIT     MEM %     NET I/O   BLOCK I/O         PIDS
4c8918896d0b   database   5.46%     97.7MiB / 3.762GiB    2.54%     0B / 0B   59.9MB / 7.09MB   21
371269d194bc   swss       110.68%   192.7MiB / 3.762GiB   5.00%     0B / 0B   40MB / 107MB      62
3f8b3ff7e0c0   syncd      1.33%     91.82MiB / 3.762GiB   2.38%     0B / 0B   64MB / 7.3MB      41
09ceb1ab8951   bgp        0.82%     118.6MiB / 3.762GiB   3.08%     0B / 0B   32.7MB / 7.39MB   29
### 2026-06-04T07:55:06+00:00
CONTAINER ID   NAME       CPU %     MEM USAGE / LIMIT     MEM %     NET I/O   BLOCK I/O         PIDS
4c8918896d0b   database   9.03%     97.53MiB / 3.762GiB   2.53%     0B / 0B   59.9MB / 7.09MB   21
371269d194bc   swss       108.04%   212.9MiB / 3.762GiB   5.53%     0B / 0B   40MB / 107MB      62
3f8b3ff7e0c0   syncd      0.50%     91.82MiB / 3.762GiB   2.38%     0B / 0B   64MB / 7.3MB      41
09ceb1ab8951   bgp        0.11%     118.6MiB / 3.762GiB   3.08%     0B / 0B   32.7MB / 7.39MB   29
### 2026-06-04T07:55:10+00:00
CONTAINER ID   NAME       CPU %     MEM USAGE / LIMIT     MEM %     NET I/O   BLOCK I/O         PIDS
4c8918896d0b   database   5.59%     97.7MiB / 3.762GiB    2.54%     0B / 0B   59.9MB / 7.09MB   21
371269d194bc   swss       107.45%   200.9MiB / 3.762GiB   5.22%     0B / 0B   40MB / 107MB      62
3f8b3ff7e0c0   syncd      0.49%     91.82MiB / 3.762GiB   2.38%     0B / 0B   64MB / 7.3MB      41
09ceb1ab8951   bgp        0.10%     118.6MiB / 3.762GiB   3.08%     0B / 0B   32.7MB / 7.39MB   29
### 2026-06-04T07:55:14+00:00
CONTAINER ID   NAME       CPU %     MEM USAGE / LIMIT     MEM %     NET I/O   BLOCK I/O         PIDS
4c8918896d0b   database   22.53%    96.82MiB / 3.762GiB   2.51%     0B / 0B   59.9MB / 7.09MB   21
371269d194bc   swss       147.85%   197.8MiB / 3.762GiB   5.14%     0B / 0B   40MB / 107MB      62
3f8b3ff7e0c0   syncd      1.01%     91.82MiB / 3.762GiB   2.38%     0B / 0B   64MB / 7.3MB      41
09ceb1ab8951   bgp        0.14%     118.9MiB / 3.762GiB   3.08%     0B / 0B   32.7MB / 7.39MB   29
### 2026-06-04T07:55:18+00:00
CONTAINER ID   NAME       CPU %     MEM USAGE / LIMIT     MEM %     NET I/O   BLOCK I/O         PIDS
4c8918896d0b   database   9.19%     96.81MiB / 3.762GiB   2.51%     0B / 0B   59.9MB / 7.09MB   21
371269d194bc   swss       105.47%   203.9MiB / 3.762GiB   5.29%     0B / 0B   40MB / 107MB      62
3f8b3ff7e0c0   syncd      0.53%     91.82MiB / 3.762GiB   2.38%     0B / 0B   64MB / 7.3MB      41
09ceb1ab8951   bgp        0.08%     118.6MiB / 3.762GiB   3.08%     0B / 0B   32.7MB / 7.39MB   29
### 2026-06-04T07:55:22+00:00
CONTAINER ID   NAME       CPU %     MEM USAGE / LIMIT     MEM %     NET I/O   BLOCK I/O         PIDS
4c8918896d0b   database   5.67%     97.73MiB / 3.762GiB   2.54%     0B / 0B   59.9MB / 7.09MB   21
371269d194bc   swss       106.74%   199.4MiB / 3.762GiB   5.18%     0B / 0B   40MB / 107MB      62
3f8b3ff7e0c0   syncd      0.62%     91.82MiB / 3.762GiB   2.38%     0B / 0B   64MB / 7.3MB      41
09ceb1ab8951   bgp        0.08%     118.6MiB / 3.762GiB   3.08%     0B / 0B   32.7MB / 7.39MB   29
### 2026-06-04T07:55:26+00:00
CONTAINER ID   NAME       CPU %     MEM USAGE / LIMIT     MEM %     NET I/O   BLOCK I/O         PIDS
4c8918896d0b   database   15.82%    96.76MiB / 3.762GiB   2.51%     0B / 0B   59.9MB / 7.09MB   21
371269d194bc   swss       110.26%   210.6MiB / 3.762GiB   5.47%     0B / 0B   40MB / 107MB      62
3f8b3ff7e0c0   syncd      1.07%     91.82MiB / 3.762GiB   2.38%     0B / 0B   64MB / 7.3MB      41
09ceb1ab8951   bgp        0.33%     118.9MiB / 3.762GiB   3.08%     0B / 0B   32.7MB / 7.39MB   29
### 2026-06-04T07:55:30+00:00
CONTAINER ID   NAME       CPU %     MEM USAGE / LIMIT     MEM %     NET I/O   BLOCK I/O         PIDS
4c8918896d0b   database   5.98%     97.75MiB / 3.762GiB   2.54%     0B / 0B   59.9MB / 7.09MB   21
371269d194bc   swss       129.08%   214.6MiB / 3.762GiB   5.57%     0B / 0B   40MB / 107MB      62
3f8b3ff7e0c0   syncd      0.63%     91.82MiB / 3.762GiB   2.38%     0B / 0B   64MB / 7.3MB      41
09ceb1ab8951   bgp        0.22%     118.6MiB / 3.762GiB   3.08%     0B / 0B   32.7MB / 7.39MB   29
### 2026-06-04T07:55:34+00:00
CONTAINER ID   NAME       CPU %     MEM USAGE / LIMIT     MEM %     NET I/O   BLOCK I/O         PIDS
4c8918896d0b   database   6.85%     97.77MiB / 3.762GiB   2.54%     0B / 0B   59.9MB / 7.09MB   21
371269d194bc   swss       108.22%   195.9MiB / 3.762GiB   5.09%     0B / 0B   40MB / 107MB      62
3f8b3ff7e0c0   syncd      0.61%     91.82MiB / 3.762GiB   2.38%     0B / 0B   64MB / 7.3MB      41
09ceb1ab8951   bgp        0.18%     118.6MiB / 3.762GiB   3.08%     0B / 0B   32.7MB / 7.39MB   29
### 2026-06-04T07:55:38+00:00
CONTAINER ID   NAME       CPU %     MEM USAGE / LIMIT     MEM %     NET I/O   BLOCK I/O         PIDS
4c8918896d0b   database   3.44%     97.75MiB / 3.762GiB   2.54%     0B / 0B   59.9MB / 7.09MB   21
371269d194bc   swss       107.54%   218.4MiB / 3.762GiB   5.67%     0B / 0B   40MB / 107MB      62
3f8b3ff7e0c0   syncd      0.54%     91.82MiB / 3.762GiB   2.38%     0B / 0B   64MB / 7.3MB      41
09ceb1ab8951   bgp        0.36%     118.9MiB / 3.762GiB   3.08%     0B / 0B   32.7MB / 7.39MB   29
### 2026-06-04T07:55:42+00:00
CONTAINER ID   NAME       CPU %     MEM USAGE / LIMIT     MEM %     NET I/O   BLOCK I/O         PIDS
4c8918896d0b   database   8.04%     98.01MiB / 3.762GiB   2.54%     0B / 0B   59.9MB / 7.09MB   21
371269d194bc   swss       120.42%   202.6MiB / 3.762GiB   5.26%     0B / 0B   40MB / 107MB      62
3f8b3ff7e0c0   syncd      0.56%     91.82MiB / 3.762GiB   2.38%     0B / 0B   64MB / 7.3MB      41
09ceb1ab8951   bgp        15.71%    118.6MiB / 3.762GiB   3.08%     0B / 0B   32.7MB / 7.39MB   29
### 2026-06-04T07:55:46+00:00
CONTAINER ID   NAME       CPU %     MEM USAGE / LIMIT     MEM %     NET I/O   BLOCK I/O         PIDS
4c8918896d0b   database   9.27%     96.64MiB / 3.762GiB   2.51%     0B / 0B   59.9MB / 7.09MB   21
371269d194bc   swss       128.78%   218.7MiB / 3.762GiB   5.68%     0B / 0B   40MB / 107MB      62
3f8b3ff7e0c0   syncd      0.66%     91.82MiB / 3.762GiB   2.38%     0B / 0B   64MB / 7.3MB      41
09ceb1ab8951   bgp        0.08%     118.6MiB / 3.762GiB   3.08%     0B / 0B   32.7MB / 7.39MB   29
### 2026-06-04T07:55:50+00:00
CONTAINER ID   NAME       CPU %     MEM USAGE / LIMIT     MEM %     NET I/O   BLOCK I/O         PIDS
4c8918896d0b   database   8.14%     97.71MiB / 3.762GiB   2.54%     0B / 0B   59.9MB / 7.09MB   21
371269d194bc   swss       64.13%    199.7MiB / 3.762GiB   5.18%     0B / 0B   40MB / 107MB      62
3f8b3ff7e0c0   syncd      1.84%     91.82MiB / 3.762GiB   2.38%     0B / 0B   64MB / 7.3MB      41
09ceb1ab8951   bgp        0.14%     118.6MiB / 3.762GiB   3.08%     0B / 0B   32.7MB / 7.39MB   29
### 2026-06-04T07:55:54+00:00
CONTAINER ID   NAME       CPU %     MEM USAGE / LIMIT     MEM %     NET I/O   BLOCK I/O         PIDS
4c8918896d0b   database   6.22%     96.61MiB / 3.762GiB   2.51%     0B / 0B   59.9MB / 7.09MB   21
371269d194bc   swss       106.89%   191.8MiB / 3.762GiB   4.98%     0B / 0B   40MB / 107MB      62
3f8b3ff7e0c0   syncd      0.75%     91.82MiB / 3.762GiB   2.38%     0B / 0B   64MB / 7.3MB      41
09ceb1ab8951   bgp        0.53%     118.6MiB / 3.762GiB   3.08%     0B / 0B   32.7MB / 7.39MB   29
### 2026-06-04T07:55:59+00:00
CONTAINER ID   NAME       CPU %     MEM USAGE / LIMIT     MEM %     NET I/O   BLOCK I/O         PIDS
4c8918896d0b   database   11.07%    97.71MiB / 3.762GiB   2.54%     0B / 0B   59.9MB / 7.09MB   21
371269d194bc   swss       109.67%   207MiB / 3.762GiB     5.37%     0B / 0B   40MB / 107MB      62
3f8b3ff7e0c0   syncd      0.88%     91.82MiB / 3.762GiB   2.38%     0B / 0B   64MB / 7.3MB      41
09ceb1ab8951   bgp        0.13%     118.6MiB / 3.762GiB   3.08%     0B / 0B   32.7MB / 7.39MB   29
### 2026-06-04T07:56:03+00:00
CONTAINER ID   NAME       CPU %     MEM USAGE / LIMIT     MEM %     NET I/O   BLOCK I/O         PIDS
4c8918896d0b   database   8.42%     98.16MiB / 3.762GiB   2.55%     0B / 0B   59.9MB / 7.09MB   21
371269d194bc   swss       128.78%   195.4MiB / 3.762GiB   5.07%     0B / 0B   40MB / 107MB      62
3f8b3ff7e0c0   syncd      0.80%     91.82MiB / 3.762GiB   2.38%     0B / 0B   64MB / 7.3MB      41
09ceb1ab8951   bgp        0.34%     118.6MiB / 3.762GiB   3.08%     0B / 0B   32.7MB / 7.39MB   29
### 2026-06-04T07:56:07+00:00
CONTAINER ID   NAME       CPU %     MEM USAGE / LIMIT     MEM %     NET I/O   BLOCK I/O         PIDS
4c8918896d0b   database   5.97%     97.09MiB / 3.762GiB   2.52%     0B / 0B   59.9MB / 7.09MB   21
371269d194bc   swss       120.08%   193MiB / 3.762GiB     5.01%     0B / 0B   40MB / 107MB      62
3f8b3ff7e0c0   syncd      0.80%     91.82MiB / 3.762GiB   2.38%     0B / 0B   64MB / 7.3MB      41
09ceb1ab8951   bgp        1.63%     118.6MiB / 3.762GiB   3.08%     0B / 0B   32.7MB / 7.39MB   29
### 2026-06-04T07:56:11+00:00
CONTAINER ID   NAME       CPU %     MEM USAGE / LIMIT     MEM %     NET I/O   BLOCK I/O         PIDS
4c8918896d0b   database   5.66%     97.07MiB / 3.762GiB   2.52%     0B / 0B   59.9MB / 7.09MB   21
371269d194bc   swss       114.81%   191.1MiB / 3.762GiB   4.96%     0B / 0B   40MB / 107MB      62
3f8b3ff7e0c0   syncd      0.83%     91.82MiB / 3.762GiB   2.38%     0B / 0B   64MB / 7.3MB      41
09ceb1ab8951   bgp        0.29%     118.6MiB / 3.762GiB   3.08%     0B / 0B   32.7MB / 7.39MB   29
### 2026-06-04T07:56:14+00:00
CONTAINER ID   NAME       CPU %     MEM USAGE / LIMIT     MEM %     NET I/O   BLOCK I/O         PIDS
4c8918896d0b   database   9.38%     97.64MiB / 3.762GiB   2.53%     0B / 0B   59.9MB / 7.09MB   21
371269d194bc   swss       136.58%   205.4MiB / 3.762GiB   5.33%     0B / 0B   40MB / 107MB      62
3f8b3ff7e0c0   syncd      0.48%     91.82MiB / 3.762GiB   2.38%     0B / 0B   64MB / 7.3MB      41
09ceb1ab8951   bgp        0.17%     118.6MiB / 3.762GiB   3.08%     0B / 0B   32.7MB / 7.39MB   29
### 2026-06-04T07:56:18+00:00
CONTAINER ID   NAME       CPU %     MEM USAGE / LIMIT     MEM %     NET I/O   BLOCK I/O         PIDS
4c8918896d0b   database   6.06%     97.81MiB / 3.762GiB   2.54%     0B / 0B   59.9MB / 7.09MB   21
371269d194bc   swss       106.11%   197.8MiB / 3.762GiB   5.13%     0B / 0B   40MB / 107MB      62
3f8b3ff7e0c0   syncd      0.56%     91.82MiB / 3.762GiB   2.38%     0B / 0B   64MB / 7.3MB      41
09ceb1ab8951   bgp        0.51%     118.9MiB / 3.762GiB   3.09%     0B / 0B   32.7MB / 7.39MB   29
### 2026-06-04T07:56:22+00:00
CONTAINER ID   NAME       CPU %     MEM USAGE / LIMIT     MEM %     NET I/O   BLOCK I/O         PIDS
4c8918896d0b   database   5.12%     97.57MiB / 3.762GiB   2.53%     0B / 0B   59.9MB / 7.09MB   21
371269d194bc   swss       106.06%   192.4MiB / 3.762GiB   4.99%     0B / 0B   40MB / 107MB      62
3f8b3ff7e0c0   syncd      0.51%     91.82MiB / 3.762GiB   2.38%     0B / 0B   64MB / 7.3MB      41
09ceb1ab8951   bgp        0.08%     118.6MiB / 3.762GiB   3.08%     0B / 0B   32.7MB / 7.39MB   29
### 2026-06-04T07:56:26+00:00
CONTAINER ID   NAME       CPU %     MEM USAGE / LIMIT     MEM %     NET I/O   BLOCK I/O         PIDS
4c8918896d0b   database   11.59%    96.78MiB / 3.762GiB   2.51%     0B / 0B   59.9MB / 7.09MB   21
371269d194bc   swss       106.89%   201.8MiB / 3.762GiB   5.24%     0B / 0B   40MB / 107MB      62
3f8b3ff7e0c0   syncd      1.72%     91.82MiB / 3.762GiB   2.38%     0B / 0B   64MB / 7.3MB      41
09ceb1ab8951   bgp        0.17%     118.6MiB / 3.762GiB   3.08%     0B / 0B   32.7MB / 7.39MB   29
### 2026-06-04T07:56:30+00:00
CONTAINER ID   NAME       CPU %     MEM USAGE / LIMIT     MEM %     NET I/O   BLOCK I/O         PIDS
4c8918896d0b   database   11.03%    97.77MiB / 3.762GiB   2.54%     0B / 0B   59.9MB / 7.09MB   21
371269d194bc   swss       106.78%   195.5MiB / 3.762GiB   5.07%     0B / 0B   40MB / 107MB      62
3f8b3ff7e0c0   syncd      1.64%     91.82MiB / 3.762GiB   2.38%     0B / 0B   64MB / 7.3MB      41
09ceb1ab8951   bgp        0.62%     118.9MiB / 3.762GiB   3.09%     0B / 0B   32.7MB / 7.39MB   29
### 2026-06-04T07:56:34+00:00
CONTAINER ID   NAME       CPU %     MEM USAGE / LIMIT     MEM %     NET I/O   BLOCK I/O         PIDS
4c8918896d0b   database   5.90%     97.78MiB / 3.762GiB   2.54%     0B / 0B   59.9MB / 7.09MB   21
371269d194bc   swss       111.88%   204.3MiB / 3.762GiB   5.30%     0B / 0B   40MB / 107MB      62
3f8b3ff7e0c0   syncd      0.71%     91.82MiB / 3.762GiB   2.38%     0B / 0B   64MB / 7.3MB      41
09ceb1ab8951   bgp        0.69%     118.6MiB / 3.762GiB   3.08%     0B / 0B   32.7MB / 7.39MB   29
### 2026-06-04T07:56:38+00:00
CONTAINER ID   NAME       CPU %     MEM USAGE / LIMIT     MEM %     NET I/O   BLOCK I/O         PIDS
4c8918896d0b   database   5.87%     96.75MiB / 3.762GiB   2.51%     0B / 0B   59.9MB / 7.09MB   21
371269d194bc   swss       118.40%   196.2MiB / 3.762GiB   5.09%     0B / 0B   40MB / 107MB      62
3f8b3ff7e0c0   syncd      0.78%     91.82MiB / 3.762GiB   2.38%     0B / 0B   64MB / 7.3MB      41
09ceb1ab8951   bgp        0.13%     118.6MiB / 3.762GiB   3.08%     0B / 0B   32.7MB / 7.39MB   29
