### 2026-06-04T05:02:41+00:00
CONTAINER ID   NAME       CPU %     MEM USAGE / LIMIT     MEM %     NET I/O   BLOCK I/O         PIDS
4c8918896d0b   database   50.25%    91.38MiB / 3.762GiB   2.37%     0B / 0B   59.9MB / 7.09MB   21
371269d194bc   swss       48.86%    130.9MiB / 3.762GiB   3.40%     0B / 0B   40MB / 23.5MB     62
3f8b3ff7e0c0   syncd      1.23%     91.77MiB / 3.762GiB   2.38%     0B / 0B   64MB / 7.3MB      41
09ceb1ab8951   bgp        1.05%     118.1MiB / 3.762GiB   3.06%     0B / 0B   32.7MB / 7.25MB   29
### 2026-06-04T05:02:46+00:00
CONTAINER ID   NAME       CPU %     MEM USAGE / LIMIT     MEM %     NET I/O   BLOCK I/O         PIDS
4c8918896d0b   database   10.82%    91.41MiB / 3.762GiB   2.37%     0B / 0B   59.9MB / 7.09MB   21
371269d194bc   swss       71.23%    131.8MiB / 3.762GiB   3.42%     0B / 0B   40MB / 23.6MB     62
3f8b3ff7e0c0   syncd      0.95%     91.77MiB / 3.762GiB   2.38%     0B / 0B   64MB / 7.3MB      41
09ceb1ab8951   bgp        0.15%     117.9MiB / 3.762GiB   3.06%     0B / 0B   32.7MB / 7.25MB   29
### 2026-06-04T05:02:50+00:00
CONTAINER ID   NAME       CPU %     MEM USAGE / LIMIT     MEM %     NET I/O   BLOCK I/O         PIDS
4c8918896d0b   database   23.86%    91.41MiB / 3.762GiB   2.37%     0B / 0B   59.9MB / 7.09MB   21
371269d194bc   swss       58.33%    131.5MiB / 3.762GiB   3.41%     0B / 0B   40MB / 23.6MB     62
3f8b3ff7e0c0   syncd      1.04%     91.77MiB / 3.762GiB   2.38%     0B / 0B   64MB / 7.3MB      41
09ceb1ab8951   bgp        0.95%     118MiB / 3.762GiB     3.06%     0B / 0B   32.7MB / 7.25MB   29
### 2026-06-04T05:02:56+00:00
CONTAINER ID   NAME       CPU %     MEM USAGE / LIMIT     MEM %     NET I/O   BLOCK I/O         PIDS
4c8918896d0b   database   13.93%    91.69MiB / 3.762GiB   2.38%     0B / 0B   59.9MB / 7.09MB   21
371269d194bc   swss       46.73%    131.7MiB / 3.762GiB   3.42%     0B / 0B   40MB / 23.6MB     62
3f8b3ff7e0c0   syncd      0.98%     91.77MiB / 3.762GiB   2.38%     0B / 0B   64MB / 7.3MB      41
09ceb1ab8951   bgp        1.67%     117.9MiB / 3.762GiB   3.06%     0B / 0B   32.7MB / 7.25MB   29
### 2026-06-04T05:03:01+00:00
CONTAINER ID   NAME       CPU %     MEM USAGE / LIMIT     MEM %     NET I/O   BLOCK I/O         PIDS
4c8918896d0b   database   20.15%    91.71MiB / 3.762GiB   2.38%     0B / 0B   59.9MB / 7.09MB   21
371269d194bc   swss       64.82%    131.6MiB / 3.762GiB   3.42%     0B / 0B   40MB / 23.6MB     62
3f8b3ff7e0c0   syncd      2.16%     91.77MiB / 3.762GiB   2.38%     0B / 0B   64MB / 7.3MB      41
09ceb1ab8951   bgp        0.23%     117.9MiB / 3.762GiB   3.06%     0B / 0B   32.7MB / 7.25MB   29
### 2026-06-04T05:03:06+00:00
CONTAINER ID   NAME       CPU %     MEM USAGE / LIMIT     MEM %     NET I/O   BLOCK I/O         PIDS
4c8918896d0b   database   11.64%    91.43MiB / 3.762GiB   2.37%     0B / 0B   59.9MB / 7.09MB   21
371269d194bc   swss       75.21%    132.9MiB / 3.762GiB   3.45%     0B / 0B   40MB / 23.6MB     62
3f8b3ff7e0c0   syncd      1.90%     91.77MiB / 3.762GiB   2.38%     0B / 0B   64MB / 7.3MB      41
09ceb1ab8951   bgp        0.52%     118.2MiB / 3.762GiB   3.07%     0B / 0B   32.7MB / 7.25MB   29
### 2026-06-04T05:03:11+00:00
CONTAINER ID   NAME       CPU %     MEM USAGE / LIMIT     MEM %     NET I/O   BLOCK I/O         PIDS
4c8918896d0b   database   32.37%    91.42MiB / 3.762GiB   2.37%     0B / 0B   59.9MB / 7.09MB   21
371269d194bc   swss       89.32%    131.1MiB / 3.762GiB   3.40%     0B / 0B   40MB / 23.6MB     62
3f8b3ff7e0c0   syncd      1.27%     91.77MiB / 3.762GiB   2.38%     0B / 0B   64MB / 7.3MB      41
09ceb1ab8951   bgp        0.09%     117.9MiB / 3.762GiB   3.06%     0B / 0B   32.7MB / 7.25MB   29
### 2026-06-04T05:03:15+00:00
CONTAINER ID   NAME       CPU %     MEM USAGE / LIMIT     MEM %     NET I/O   BLOCK I/O         PIDS
4c8918896d0b   database   8.83%     91.72MiB / 3.762GiB   2.38%     0B / 0B   59.9MB / 7.09MB   21
371269d194bc   swss       99.20%    131.6MiB / 3.762GiB   3.42%     0B / 0B   40MB / 23.6MB     62
3f8b3ff7e0c0   syncd      0.91%     91.77MiB / 3.762GiB   2.38%     0B / 0B   64MB / 7.3MB      41
09ceb1ab8951   bgp        0.14%     117.9MiB / 3.762GiB   3.06%     0B / 0B   32.7MB / 7.25MB   29
### 2026-06-04T05:03:20+00:00
CONTAINER ID   NAME       CPU %     MEM USAGE / LIMIT     MEM %     NET I/O   BLOCK I/O         PIDS
4c8918896d0b   database   12.07%    91.66MiB / 3.762GiB   2.38%     0B / 0B   59.9MB / 7.09MB   21
371269d194bc   swss       103.57%   131.8MiB / 3.762GiB   3.42%     0B / 0B   40MB / 23.6MB     62
3f8b3ff7e0c0   syncd      0.78%     91.77MiB / 3.762GiB   2.38%     0B / 0B   64MB / 7.3MB      41
09ceb1ab8951   bgp        0.11%     118.2MiB / 3.762GiB   3.07%     0B / 0B   32.7MB / 7.25MB   29
### 2026-06-04T05:03:25+00:00
CONTAINER ID   NAME       CPU %     MEM USAGE / LIMIT     MEM %     NET I/O   BLOCK I/O         PIDS
4c8918896d0b   database   7.80%     91.52MiB / 3.762GiB   2.38%     0B / 0B   59.9MB / 7.09MB   21
371269d194bc   swss       106.20%   131.5MiB / 3.762GiB   3.41%     0B / 0B   40MB / 23.6MB     62
3f8b3ff7e0c0   syncd      2.58%     91.77MiB / 3.762GiB   2.38%     0B / 0B   64MB / 7.3MB      41
09ceb1ab8951   bgp        0.14%     117.9MiB / 3.762GiB   3.06%     0B / 0B   32.7MB / 7.25MB   29
