### 2026-06-04T05:08:25+00:00
CONTAINER ID   NAME       CPU %     MEM USAGE / LIMIT     MEM %     NET I/O   BLOCK I/O         PIDS
4c8918896d0b   database   62.92%    94.66MiB / 3.762GiB   2.46%     0B / 0B   59.9MB / 7.09MB   21
371269d194bc   swss       106.98%   141.8MiB / 3.762GiB   3.68%     0B / 0B   40MB / 26.8MB     62
3f8b3ff7e0c0   syncd      1.22%     91.77MiB / 3.762GiB   2.38%     0B / 0B   64MB / 7.3MB      41
09ceb1ab8951   bgp        0.28%     117.9MiB / 3.762GiB   3.06%     0B / 0B   32.7MB / 7.26MB   29
### 2026-06-04T05:08:31+00:00
CONTAINER ID   NAME       CPU %     MEM USAGE / LIMIT     MEM %     NET I/O   BLOCK I/O         PIDS
4c8918896d0b   database   38.88%    94.64MiB / 3.762GiB   2.46%     0B / 0B   59.9MB / 7.09MB   21
371269d194bc   swss       72.98%    141.4MiB / 3.762GiB   3.67%     0B / 0B   40MB / 26.8MB     62
3f8b3ff7e0c0   syncd      1.65%     91.77MiB / 3.762GiB   2.38%     0B / 0B   64MB / 7.3MB      41
09ceb1ab8951   bgp        0.30%     118MiB / 3.762GiB     3.06%     0B / 0B   32.7MB / 7.26MB   29
### 2026-06-04T05:08:36+00:00
CONTAINER ID   NAME       CPU %     MEM USAGE / LIMIT     MEM %     NET I/O   BLOCK I/O         PIDS
4c8918896d0b   database   64.67%    94.27MiB / 3.762GiB   2.45%     0B / 0B   59.9MB / 7.09MB   21
371269d194bc   swss       73.22%    144.2MiB / 3.762GiB   3.74%     0B / 0B   40MB / 26.9MB     62
3f8b3ff7e0c0   syncd      1.92%     91.77MiB / 3.762GiB   2.38%     0B / 0B   64MB / 7.3MB      41
09ceb1ab8951   bgp        0.42%     117.9MiB / 3.762GiB   3.06%     0B / 0B   32.7MB / 7.26MB   29
### 2026-06-04T05:08:41+00:00
CONTAINER ID   NAME       CPU %     MEM USAGE / LIMIT     MEM %     NET I/O   BLOCK I/O         PIDS
4c8918896d0b   database   50.34%    94.39MiB / 3.762GiB   2.45%     0B / 0B   59.9MB / 7.09MB   21
371269d194bc   swss       74.54%    146MiB / 3.762GiB     3.79%     0B / 0B   40MB / 26.9MB     62
3f8b3ff7e0c0   syncd      1.17%     91.77MiB / 3.762GiB   2.38%     0B / 0B   64MB / 7.3MB      41
09ceb1ab8951   bgp        0.10%     117.9MiB / 3.762GiB   3.06%     0B / 0B   32.7MB / 7.26MB   29
### 2026-06-04T05:08:45+00:00
CONTAINER ID   NAME       CPU %     MEM USAGE / LIMIT     MEM %     NET I/O   BLOCK I/O         PIDS
4c8918896d0b   database   13.51%    94.53MiB / 3.762GiB   2.45%     0B / 0B   59.9MB / 7.09MB   21
371269d194bc   swss       83.03%    149MiB / 3.762GiB     3.87%     0B / 0B   40MB / 26.9MB     62
3f8b3ff7e0c0   syncd      1.34%     91.77MiB / 3.762GiB   2.38%     0B / 0B   64MB / 7.3MB      41
09ceb1ab8951   bgp        1.05%     118.2MiB / 3.762GiB   3.07%     0B / 0B   32.7MB / 7.26MB   29
### 2026-06-04T05:08:50+00:00
CONTAINER ID   NAME       CPU %     MEM USAGE / LIMIT     MEM %     NET I/O   BLOCK I/O         PIDS
4c8918896d0b   database   11.70%    94.59MiB / 3.762GiB   2.46%     0B / 0B   59.9MB / 7.09MB   21
371269d194bc   swss       50.42%    147.8MiB / 3.762GiB   3.84%     0B / 0B   40MB / 27.9MB     62
3f8b3ff7e0c0   syncd      1.22%     91.77MiB / 3.762GiB   2.38%     0B / 0B   64MB / 7.3MB      41
09ceb1ab8951   bgp        2.51%     118.2MiB / 3.762GiB   3.07%     0B / 0B   32.7MB / 7.26MB   30
### 2026-06-04T05:08:55+00:00
CONTAINER ID   NAME       CPU %     MEM USAGE / LIMIT     MEM %     NET I/O   BLOCK I/O         PIDS
4c8918896d0b   database   35.90%    94.51MiB / 3.762GiB   2.45%     0B / 0B   59.9MB / 7.09MB   21
371269d194bc   swss       63.17%    144.6MiB / 3.762GiB   3.75%     0B / 0B   40MB / 27.9MB     62
3f8b3ff7e0c0   syncd      1.49%     91.77MiB / 3.762GiB   2.38%     0B / 0B   64MB / 7.3MB      41
09ceb1ab8951   bgp        0.17%     117.9MiB / 3.762GiB   3.06%     0B / 0B   32.7MB / 7.26MB   29
### 2026-06-04T05:09:00+00:00
CONTAINER ID   NAME       CPU %     MEM USAGE / LIMIT     MEM %     NET I/O   BLOCK I/O         PIDS
4c8918896d0b   database   18.84%    94.41MiB / 3.762GiB   2.45%     0B / 0B   59.9MB / 7.09MB   21
371269d194bc   swss       64.66%    149.5MiB / 3.762GiB   3.88%     0B / 0B   40MB / 27.9MB     62
3f8b3ff7e0c0   syncd      1.75%     91.77MiB / 3.762GiB   2.38%     0B / 0B   64MB / 7.3MB      41
09ceb1ab8951   bgp        0.42%     118.1MiB / 3.762GiB   3.07%     0B / 0B   32.7MB / 7.26MB   29
### 2026-06-04T05:09:05+00:00
CONTAINER ID   NAME       CPU %     MEM USAGE / LIMIT     MEM %     NET I/O   BLOCK I/O         PIDS
4c8918896d0b   database   26.03%    94.29MiB / 3.762GiB   2.45%     0B / 0B   59.9MB / 7.09MB   21
371269d194bc   swss       75.98%    146.8MiB / 3.762GiB   3.81%     0B / 0B   40MB / 27.9MB     62
3f8b3ff7e0c0   syncd      1.77%     91.77MiB / 3.762GiB   2.38%     0B / 0B   64MB / 7.3MB      41
09ceb1ab8951   bgp        0.19%     117.9MiB / 3.762GiB   3.06%     0B / 0B   32.7MB / 7.26MB   29
### 2026-06-04T05:09:09+00:00
CONTAINER ID   NAME       CPU %     MEM USAGE / LIMIT     MEM %     NET I/O   BLOCK I/O         PIDS
4c8918896d0b   database   9.92%     94.32MiB / 3.762GiB   2.45%     0B / 0B   59.9MB / 7.09MB   21
371269d194bc   swss       116.11%   145.8MiB / 3.762GiB   3.78%     0B / 0B   40MB / 27.9MB     62
3f8b3ff7e0c0   syncd      0.95%     91.77MiB / 3.762GiB   2.38%     0B / 0B   64MB / 7.3MB      41
09ceb1ab8951   bgp        0.14%     117.9MiB / 3.762GiB   3.06%     0B / 0B   32.7MB / 7.26MB   29
