### 2026-06-04T05:05:26+00:00
CONTAINER ID   NAME       CPU %     MEM USAGE / LIMIT     MEM %     NET I/O   BLOCK I/O         PIDS
4c8918896d0b   database   40.85%    91.63MiB / 3.762GiB   2.38%     0B / 0B   59.9MB / 7.09MB   21
371269d194bc   swss       70.92%    131.8MiB / 3.762GiB   3.42%     0B / 0B   40MB / 24.4MB     62
3f8b3ff7e0c0   syncd      1.02%     91.77MiB / 3.762GiB   2.38%     0B / 0B   64MB / 7.3MB      41
09ceb1ab8951   bgp        0.20%     117.9MiB / 3.762GiB   3.06%     0B / 0B   32.7MB / 7.25MB   29
### 2026-06-04T05:05:32+00:00
CONTAINER ID   NAME       CPU %     MEM USAGE / LIMIT     MEM %     NET I/O   BLOCK I/O         PIDS
4c8918896d0b   database   13.28%    91.61MiB / 3.762GiB   2.38%     0B / 0B   59.9MB / 7.09MB   21
371269d194bc   swss       92.71%    131.6MiB / 3.762GiB   3.42%     0B / 0B   40MB / 24.5MB     62
3f8b3ff7e0c0   syncd      1.24%     91.77MiB / 3.762GiB   2.38%     0B / 0B   64MB / 7.3MB      41
09ceb1ab8951   bgp        1.16%     118MiB / 3.762GiB     3.06%     0B / 0B   32.7MB / 7.25MB   29
### 2026-06-04T05:05:36+00:00
CONTAINER ID   NAME       CPU %     MEM USAGE / LIMIT     MEM %     NET I/O   BLOCK I/O         PIDS
4c8918896d0b   database   13.64%    91.9MiB / 3.762GiB    2.39%     0B / 0B   59.9MB / 7.09MB   21
371269d194bc   swss       88.02%    131.6MiB / 3.762GiB   3.42%     0B / 0B   40MB / 24.5MB     62
3f8b3ff7e0c0   syncd      2.53%     91.77MiB / 3.762GiB   2.38%     0B / 0B   64MB / 7.3MB      41
09ceb1ab8951   bgp        0.38%     117.9MiB / 3.762GiB   3.06%     0B / 0B   32.7MB / 7.25MB   29
### 2026-06-04T05:05:41+00:00
CONTAINER ID   NAME       CPU %     MEM USAGE / LIMIT     MEM %     NET I/O   BLOCK I/O         PIDS
4c8918896d0b   database   15.10%    91.53MiB / 3.762GiB   2.38%     0B / 0B   59.9MB / 7.09MB   21
371269d194bc   swss       99.88%    132MiB / 3.762GiB     3.43%     0B / 0B   40MB / 24.5MB     62
3f8b3ff7e0c0   syncd      1.32%     91.77MiB / 3.762GiB   2.38%     0B / 0B   64MB / 7.3MB      41
09ceb1ab8951   bgp        33.99%    118MiB / 3.762GiB     3.06%     0B / 0B   32.7MB / 7.25MB   29
### 2026-06-04T05:05:46+00:00
CONTAINER ID   NAME       CPU %     MEM USAGE / LIMIT     MEM %     NET I/O   BLOCK I/O         PIDS
4c8918896d0b   database   25.77%    91.48MiB / 3.762GiB   2.37%     0B / 0B   59.9MB / 7.09MB   21
371269d194bc   swss       64.26%    131.2MiB / 3.762GiB   3.41%     0B / 0B   40MB / 24.5MB     62
3f8b3ff7e0c0   syncd      2.05%     91.77MiB / 3.762GiB   2.38%     0B / 0B   64MB / 7.3MB      41
09ceb1ab8951   bgp        0.63%     117.9MiB / 3.762GiB   3.06%     0B / 0B   32.7MB / 7.25MB   29
### 2026-06-04T05:05:51+00:00
CONTAINER ID   NAME       CPU %     MEM USAGE / LIMIT     MEM %     NET I/O   BLOCK I/O         PIDS
4c8918896d0b   database   18.56%    91.73MiB / 3.762GiB   2.38%     0B / 0B   59.9MB / 7.09MB   21
371269d194bc   swss       49.16%    131.5MiB / 3.762GiB   3.41%     0B / 0B   40MB / 24.5MB     62
3f8b3ff7e0c0   syncd      1.55%     91.77MiB / 3.762GiB   2.38%     0B / 0B   64MB / 7.3MB      41
09ceb1ab8951   bgp        0.29%     117.9MiB / 3.762GiB   3.06%     0B / 0B   32.7MB / 7.25MB   29
### 2026-06-04T05:05:56+00:00
CONTAINER ID   NAME       CPU %     MEM USAGE / LIMIT     MEM %     NET I/O   BLOCK I/O         PIDS
4c8918896d0b   database   11.93%    91.54MiB / 3.762GiB   2.38%     0B / 0B   59.9MB / 7.09MB   21
371269d194bc   swss       54.85%    131.6MiB / 3.762GiB   3.42%     0B / 0B   40MB / 24.5MB     62
3f8b3ff7e0c0   syncd      1.21%     91.77MiB / 3.762GiB   2.38%     0B / 0B   64MB / 7.3MB      41
09ceb1ab8951   bgp        1.05%     118.2MiB / 3.762GiB   3.07%     0B / 0B   32.7MB / 7.25MB   29
### 2026-06-04T05:06:01+00:00
CONTAINER ID   NAME       CPU %     MEM USAGE / LIMIT     MEM %     NET I/O   BLOCK I/O         PIDS
4c8918896d0b   database   11.19%    91.55MiB / 3.762GiB   2.38%     0B / 0B   59.9MB / 7.09MB   21
371269d194bc   swss       55.38%    130.9MiB / 3.762GiB   3.40%     0B / 0B   40MB / 24.5MB     62
3f8b3ff7e0c0   syncd      1.58%     91.77MiB / 3.762GiB   2.38%     0B / 0B   64MB / 7.3MB      41
09ceb1ab8951   bgp        0.25%     117.9MiB / 3.762GiB   3.06%     0B / 0B   32.7MB / 7.25MB   29
### 2026-06-04T05:06:06+00:00
CONTAINER ID   NAME       CPU %     MEM USAGE / LIMIT     MEM %     NET I/O   BLOCK I/O         PIDS
4c8918896d0b   database   11.74%    91.53MiB / 3.762GiB   2.38%     0B / 0B   59.9MB / 7.09MB   21
371269d194bc   swss       89.44%    131.6MiB / 3.762GiB   3.42%     0B / 0B   40MB / 24.5MB     62
3f8b3ff7e0c0   syncd      1.06%     91.77MiB / 3.762GiB   2.38%     0B / 0B   64MB / 7.3MB      41
09ceb1ab8951   bgp        0.29%     117.9MiB / 3.762GiB   3.06%     0B / 0B   32.7MB / 7.25MB   29
