### 2026-06-04T05:04:33+00:00
CONTAINER ID   NAME       CPU %     MEM USAGE / LIMIT     MEM %     NET I/O   BLOCK I/O         PIDS
4c8918896d0b   database   40.81%    91.43MiB / 3.762GiB   2.37%     0B / 0B   59.9MB / 7.09MB   21
371269d194bc   swss       62.44%    131.5MiB / 3.762GiB   3.41%     0B / 0B   40MB / 24MB       62
3f8b3ff7e0c0   syncd      1.82%     91.77MiB / 3.762GiB   2.38%     0B / 0B   64MB / 7.3MB      41
09ceb1ab8951   bgp        0.13%     117.9MiB / 3.762GiB   3.06%     0B / 0B   32.7MB / 7.25MB   29
### 2026-06-04T05:04:39+00:00
CONTAINER ID   NAME       CPU %     MEM USAGE / LIMIT     MEM %     NET I/O   BLOCK I/O         PIDS
4c8918896d0b   database   29.98%    91.35MiB / 3.762GiB   2.37%     0B / 0B   59.9MB / 7.09MB   21
371269d194bc   swss       71.16%    131.6MiB / 3.762GiB   3.42%     0B / 0B   40MB / 24.1MB     62
3f8b3ff7e0c0   syncd      2.18%     91.77MiB / 3.762GiB   2.38%     0B / 0B   64MB / 7.3MB      41
09ceb1ab8951   bgp        0.21%     118.2MiB / 3.762GiB   3.07%     0B / 0B   32.7MB / 7.25MB   29
### 2026-06-04T05:04:44+00:00
CONTAINER ID   NAME       CPU %     MEM USAGE / LIMIT     MEM %     NET I/O   BLOCK I/O         PIDS
4c8918896d0b   database   8.97%     91.37MiB / 3.762GiB   2.37%     0B / 0B   59.9MB / 7.09MB   21
371269d194bc   swss       87.96%    131.6MiB / 3.762GiB   3.42%     0B / 0B   40MB / 24.2MB     62
3f8b3ff7e0c0   syncd      1.72%     91.77MiB / 3.762GiB   2.38%     0B / 0B   64MB / 7.3MB      41
09ceb1ab8951   bgp        0.19%     117.9MiB / 3.762GiB   3.06%     0B / 0B   32.7MB / 7.25MB   29
### 2026-06-04T05:04:49+00:00
CONTAINER ID   NAME       CPU %     MEM USAGE / LIMIT     MEM %     NET I/O   BLOCK I/O         PIDS
4c8918896d0b   database   12.87%    91.39MiB / 3.762GiB   2.37%     0B / 0B   59.9MB / 7.09MB   21
371269d194bc   swss       77.47%    131.6MiB / 3.762GiB   3.42%     0B / 0B   40MB / 24.2MB     62
3f8b3ff7e0c0   syncd      1.18%     91.77MiB / 3.762GiB   2.38%     0B / 0B   64MB / 7.3MB      41
09ceb1ab8951   bgp        0.96%     118.1MiB / 3.762GiB   3.07%     0B / 0B   32.7MB / 7.25MB   29
### 2026-06-04T05:04:54+00:00
CONTAINER ID   NAME       CPU %     MEM USAGE / LIMIT     MEM %     NET I/O   BLOCK I/O         PIDS
4c8918896d0b   database   10.69%    91.41MiB / 3.762GiB   2.37%     0B / 0B   59.9MB / 7.09MB   21
371269d194bc   swss       56.81%    131.6MiB / 3.762GiB   3.42%     0B / 0B   40MB / 24.2MB     62
3f8b3ff7e0c0   syncd      1.64%     91.77MiB / 3.762GiB   2.38%     0B / 0B   64MB / 7.3MB      41
09ceb1ab8951   bgp        0.08%     117.9MiB / 3.762GiB   3.06%     0B / 0B   32.7MB / 7.25MB   29
### 2026-06-04T05:04:59+00:00
CONTAINER ID   NAME       CPU %     MEM USAGE / LIMIT     MEM %     NET I/O   BLOCK I/O         PIDS
4c8918896d0b   database   13.96%    91.41MiB / 3.762GiB   2.37%     0B / 0B   59.9MB / 7.09MB   21
371269d194bc   swss       45.31%    131.4MiB / 3.762GiB   3.41%     0B / 0B   40MB / 24.3MB     62
3f8b3ff7e0c0   syncd      0.77%     91.77MiB / 3.762GiB   2.38%     0B / 0B   64MB / 7.3MB      41
09ceb1ab8951   bgp        0.22%     117.9MiB / 3.762GiB   3.06%     0B / 0B   32.7MB / 7.25MB   29
### 2026-06-04T05:05:05+00:00
CONTAINER ID   NAME       CPU %     MEM USAGE / LIMIT     MEM %     NET I/O   BLOCK I/O         PIDS
4c8918896d0b   database   16.70%    91.41MiB / 3.762GiB   2.37%     0B / 0B   59.9MB / 7.09MB   21
371269d194bc   swss       102.69%   131.4MiB / 3.762GiB   3.41%     0B / 0B   40MB / 24.3MB     62
3f8b3ff7e0c0   syncd      1.68%     91.77MiB / 3.762GiB   2.38%     0B / 0B   64MB / 7.3MB      41
09ceb1ab8951   bgp        0.88%     118.1MiB / 3.762GiB   3.07%     0B / 0B   32.7MB / 7.25MB   29
### 2026-06-04T05:05:09+00:00
CONTAINER ID   NAME       CPU %     MEM USAGE / LIMIT     MEM %     NET I/O   BLOCK I/O         PIDS
4c8918896d0b   database   32.82%    91.33MiB / 3.762GiB   2.37%     0B / 0B   59.9MB / 7.09MB   21
371269d194bc   swss       131.83%   131.8MiB / 3.762GiB   3.42%     0B / 0B   40MB / 24.3MB     62
3f8b3ff7e0c0   syncd      2.10%     91.77MiB / 3.762GiB   2.38%     0B / 0B   64MB / 7.3MB      41
09ceb1ab8951   bgp        69.13%    117.9MiB / 3.762GiB   3.06%     0B / 0B   32.7MB / 7.25MB   29
### 2026-06-04T05:05:14+00:00
CONTAINER ID   NAME       CPU %     MEM USAGE / LIMIT     MEM %     NET I/O   BLOCK I/O         PIDS
4c8918896d0b   database   32.86%    91.6MiB / 3.762GiB    2.38%     0B / 0B   59.9MB / 7.09MB   21
371269d194bc   swss       77.18%    131.6MiB / 3.762GiB   3.42%     0B / 0B   40MB / 24.3MB     62
3f8b3ff7e0c0   syncd      3.55%     91.77MiB / 3.762GiB   2.38%     0B / 0B   64MB / 7.3MB      41
09ceb1ab8951   bgp        0.13%     117.9MiB / 3.762GiB   3.06%     0B / 0B   32.7MB / 7.25MB   29
