### 2026-06-04T05:13:30+00:00
CONTAINER ID   NAME       CPU %     MEM USAGE / LIMIT     MEM %     NET I/O   BLOCK I/O         PIDS
4c8918896d0b   database   63.63%    107.1MiB / 3.762GiB   2.78%     0B / 0B   59.9MB / 7.09MB   21
371269d194bc   swss       106.19%   196MiB / 3.762GiB     5.09%     0B / 0B   40MB / 34.7MB     62
3f8b3ff7e0c0   syncd      0.54%     91.78MiB / 3.762GiB   2.38%     0B / 0B   64MB / 7.3MB      41
09ceb1ab8951   bgp        0.05%     118MiB / 3.762GiB     3.06%     0B / 0B   32.7MB / 7.26MB   29
### 2026-06-04T05:13:34+00:00
CONTAINER ID   NAME       CPU %     MEM USAGE / LIMIT     MEM %     NET I/O   BLOCK I/O         PIDS
4c8918896d0b   database   63.50%    107.3MiB / 3.762GiB   2.79%     0B / 0B   59.9MB / 7.09MB   21
371269d194bc   swss       98.80%    194.3MiB / 3.762GiB   5.04%     0B / 0B   40MB / 34.7MB     62
3f8b3ff7e0c0   syncd      0.67%     91.77MiB / 3.762GiB   2.38%     0B / 0B   64MB / 7.3MB      41
09ceb1ab8951   bgp        0.16%     118.2MiB / 3.762GiB   3.07%     0B / 0B   32.7MB / 7.26MB   29
### 2026-06-04T05:13:38+00:00
CONTAINER ID   NAME       CPU %     MEM USAGE / LIMIT     MEM %     NET I/O   BLOCK I/O         PIDS
4c8918896d0b   database   65.49%    106.8MiB / 3.762GiB   2.77%     0B / 0B   59.9MB / 7.09MB   21
371269d194bc   swss       139.88%   196.4MiB / 3.762GiB   5.10%     0B / 0B   40MB / 34.7MB     62
3f8b3ff7e0c0   syncd      0.95%     91.77MiB / 3.762GiB   2.38%     0B / 0B   64MB / 7.3MB      41
09ceb1ab8951   bgp        0.24%     118MiB / 3.762GiB     3.06%     0B / 0B   32.7MB / 7.26MB   29
### 2026-06-04T05:13:42+00:00
CONTAINER ID   NAME       CPU %     MEM USAGE / LIMIT     MEM %     NET I/O   BLOCK I/O         PIDS
4c8918896d0b   database   71.10%    107.3MiB / 3.762GiB   2.79%     0B / 0B   59.9MB / 7.09MB   21
371269d194bc   swss       114.48%   207.5MiB / 3.762GiB   5.39%     0B / 0B   40MB / 34.7MB     62
3f8b3ff7e0c0   syncd      0.68%     91.77MiB / 3.762GiB   2.38%     0B / 0B   64MB / 7.3MB      41
09ceb1ab8951   bgp        0.19%     118MiB / 3.762GiB     3.06%     0B / 0B   32.7MB / 7.26MB   29
### 2026-06-04T05:13:46+00:00
CONTAINER ID   NAME       CPU %     MEM USAGE / LIMIT     MEM %     NET I/O   BLOCK I/O         PIDS
4c8918896d0b   database   59.16%    107MiB / 3.762GiB     2.78%     0B / 0B   59.9MB / 7.09MB   21
371269d194bc   swss       130.78%   190.2MiB / 3.762GiB   4.94%     0B / 0B   40MB / 35.4MB     62
3f8b3ff7e0c0   syncd      0.65%     91.77MiB / 3.762GiB   2.38%     0B / 0B   64MB / 7.3MB      41
09ceb1ab8951   bgp        0.37%     118.1MiB / 3.762GiB   3.06%     0B / 0B   32.7MB / 7.26MB   29
### 2026-06-04T05:13:50+00:00
CONTAINER ID   NAME       CPU %     MEM USAGE / LIMIT     MEM %     NET I/O   BLOCK I/O         PIDS
4c8918896d0b   database   14.97%    107.1MiB / 3.762GiB   2.78%     0B / 0B   59.9MB / 7.09MB   21
371269d194bc   swss       113.31%   217.1MiB / 3.762GiB   5.63%     0B / 0B   40MB / 35.4MB     62
3f8b3ff7e0c0   syncd      0.76%     91.77MiB / 3.762GiB   2.38%     0B / 0B   64MB / 7.3MB      41
09ceb1ab8951   bgp        1.41%     118MiB / 3.762GiB     3.06%     0B / 0B   32.7MB / 7.26MB   29
### 2026-06-04T05:13:54+00:00
CONTAINER ID   NAME       CPU %     MEM USAGE / LIMIT     MEM %     NET I/O   BLOCK I/O         PIDS
4c8918896d0b   database   16.78%    108.3MiB / 3.762GiB   2.81%     0B / 0B   59.9MB / 7.09MB   21
371269d194bc   swss       59.82%    181.9MiB / 3.762GiB   4.72%     0B / 0B   40MB / 35.4MB     62
3f8b3ff7e0c0   syncd      0.57%     91.77MiB / 3.762GiB   2.38%     0B / 0B   64MB / 7.3MB      41
09ceb1ab8951   bgp        0.11%     118MiB / 3.762GiB     3.06%     0B / 0B   32.7MB / 7.26MB   29
### 2026-06-04T05:13:59+00:00
CONTAINER ID   NAME       CPU %     MEM USAGE / LIMIT     MEM %     NET I/O   BLOCK I/O         PIDS
4c8918896d0b   database   4.36%     108.3MiB / 3.762GiB   2.81%     0B / 0B   59.9MB / 7.09MB   21
371269d194bc   swss       105.89%   192.6MiB / 3.762GiB   5.00%     0B / 0B   40MB / 35.4MB     62
3f8b3ff7e0c0   syncd      0.46%     91.77MiB / 3.762GiB   2.38%     0B / 0B   64MB / 7.3MB      41
09ceb1ab8951   bgp        0.77%     118.2MiB / 3.762GiB   3.07%     0B / 0B   32.7MB / 7.26MB   29
### 2026-06-04T05:14:03+00:00
CONTAINER ID   NAME       CPU %     MEM USAGE / LIMIT     MEM %     NET I/O   BLOCK I/O         PIDS
4c8918896d0b   database   10.62%    108.3MiB / 3.762GiB   2.81%     0B / 0B   59.9MB / 7.09MB   21
371269d194bc   swss       108.28%   209.8MiB / 3.762GiB   5.45%     0B / 0B   40MB / 35.9MB     62
3f8b3ff7e0c0   syncd      1.59%     91.77MiB / 3.762GiB   2.38%     0B / 0B   64MB / 7.3MB      41
09ceb1ab8951   bgp        0.76%     118.1MiB / 3.762GiB   3.06%     0B / 0B   32.7MB / 7.26MB   29
### 2026-06-04T05:14:07+00:00
CONTAINER ID   NAME       CPU %     MEM USAGE / LIMIT     MEM %     NET I/O   BLOCK I/O         PIDS
4c8918896d0b   database   7.38%     107.4MiB / 3.762GiB   2.79%     0B / 0B   59.9MB / 7.09MB   21
371269d194bc   swss       114.41%   211.2MiB / 3.762GiB   5.48%     0B / 0B   40MB / 35.9MB     62
3f8b3ff7e0c0   syncd      0.87%     91.77MiB / 3.762GiB   2.38%     0B / 0B   64MB / 7.3MB      41
09ceb1ab8951   bgp        0.14%     118MiB / 3.762GiB     3.06%     0B / 0B   32.7MB / 7.26MB   29
### 2026-06-04T05:14:11+00:00
CONTAINER ID   NAME       CPU %     MEM USAGE / LIMIT     MEM %     NET I/O   BLOCK I/O         PIDS
4c8918896d0b   database   15.21%    108.2MiB / 3.762GiB   2.81%     0B / 0B   59.9MB / 7.09MB   21
371269d194bc   swss       101.46%   199.7MiB / 3.762GiB   5.18%     0B / 0B   40MB / 35.9MB     62
3f8b3ff7e0c0   syncd      0.62%     91.77MiB / 3.762GiB   2.38%     0B / 0B   64MB / 7.3MB      41
09ceb1ab8951   bgp        0.10%     118MiB / 3.762GiB     3.06%     0B / 0B   32.7MB / 7.26MB   29
