### 2026-06-04T05:14:33+00:00
CONTAINER ID   NAME       CPU %     MEM USAGE / LIMIT     MEM %     NET I/O   BLOCK I/O         PIDS
4c8918896d0b   database   68.34%    107.7MiB / 3.762GiB   2.79%     0B / 0B   59.9MB / 7.09MB   21
371269d194bc   swss       100.21%   192MiB / 3.762GiB     4.98%     0B / 0B   40MB / 36.6MB     62
3f8b3ff7e0c0   syncd      2.27%     91.77MiB / 3.762GiB   2.38%     0B / 0B   64MB / 7.3MB      41
09ceb1ab8951   bgp        4.49%     118MiB / 3.762GiB     3.06%     0B / 0B   32.7MB / 7.26MB   29
### 2026-06-04T05:14:37+00:00
CONTAINER ID   NAME       CPU %     MEM USAGE / LIMIT     MEM %     NET I/O   BLOCK I/O         PIDS
4c8918896d0b   database   72.98%    107.5MiB / 3.762GiB   2.79%     0B / 0B   59.9MB / 7.09MB   21
371269d194bc   swss       113.36%   197.6MiB / 3.762GiB   5.13%     0B / 0B   40MB / 36.6MB     62
3f8b3ff7e0c0   syncd      0.50%     91.77MiB / 3.762GiB   2.38%     0B / 0B   64MB / 7.3MB      41
09ceb1ab8951   bgp        0.14%     118MiB / 3.762GiB     3.06%     0B / 0B   32.7MB / 7.26MB   29
### 2026-06-04T05:14:41+00:00
CONTAINER ID   NAME       CPU %     MEM USAGE / LIMIT     MEM %     NET I/O   BLOCK I/O         PIDS
4c8918896d0b   database   73.70%    107.6MiB / 3.762GiB   2.79%     0B / 0B   59.9MB / 7.09MB   21
371269d194bc   swss       133.04%   186.8MiB / 3.762GiB   4.85%     0B / 0B   40MB / 36.6MB     62
3f8b3ff7e0c0   syncd      0.61%     91.77MiB / 3.762GiB   2.38%     0B / 0B   64MB / 7.3MB      41
09ceb1ab8951   bgp        0.06%     118.2MiB / 3.762GiB   3.07%     0B / 0B   32.7MB / 7.26MB   29
### 2026-06-04T05:14:45+00:00
CONTAINER ID   NAME       CPU %     MEM USAGE / LIMIT     MEM %     NET I/O   BLOCK I/O         PIDS
4c8918896d0b   database   67.82%    106.6MiB / 3.762GiB   2.77%     0B / 0B   59.9MB / 7.09MB   21
371269d194bc   swss       106.68%   194.1MiB / 3.762GiB   5.04%     0B / 0B   40MB / 36.9MB     62
3f8b3ff7e0c0   syncd      0.87%     91.77MiB / 3.762GiB   2.38%     0B / 0B   64MB / 7.3MB      41
09ceb1ab8951   bgp        0.14%     118MiB / 3.762GiB     3.06%     0B / 0B   32.7MB / 7.26MB   29
### 2026-06-04T05:14:49+00:00
CONTAINER ID   NAME       CPU %     MEM USAGE / LIMIT     MEM %     NET I/O   BLOCK I/O         PIDS
4c8918896d0b   database   60.34%    107.6MiB / 3.762GiB   2.79%     0B / 0B   59.9MB / 7.09MB   21
371269d194bc   swss       113.33%   196.2MiB / 3.762GiB   5.09%     0B / 0B   40MB / 36.9MB     62
3f8b3ff7e0c0   syncd      0.52%     91.77MiB / 3.762GiB   2.38%     0B / 0B   64MB / 7.3MB      41
09ceb1ab8951   bgp        0.11%     118MiB / 3.762GiB     3.06%     0B / 0B   32.7MB / 7.26MB   29
### 2026-06-04T05:14:53+00:00
CONTAINER ID   NAME       CPU %     MEM USAGE / LIMIT     MEM %     NET I/O   BLOCK I/O         PIDS
4c8918896d0b   database   4.27%     108MiB / 3.762GiB     2.80%     0B / 0B   59.9MB / 7.09MB   21
371269d194bc   swss       75.27%    197.3MiB / 3.762GiB   5.12%     0B / 0B   40MB / 37MB       62
3f8b3ff7e0c0   syncd      1.50%     91.77MiB / 3.762GiB   2.38%     0B / 0B   64MB / 7.3MB      41
09ceb1ab8951   bgp        0.15%     118.2MiB / 3.762GiB   3.07%     0B / 0B   32.7MB / 7.26MB   29
### 2026-06-04T05:14:57+00:00
CONTAINER ID   NAME       CPU %     MEM USAGE / LIMIT     MEM %     NET I/O   BLOCK I/O         PIDS
4c8918896d0b   database   22.54%    108.1MiB / 3.762GiB   2.81%     0B / 0B   59.9MB / 7.09MB   21
371269d194bc   swss       71.83%    190.4MiB / 3.762GiB   4.94%     0B / 0B   40MB / 37.3MB     62
3f8b3ff7e0c0   syncd      0.66%     91.77MiB / 3.762GiB   2.38%     0B / 0B   64MB / 7.3MB      41
09ceb1ab8951   bgp        0.10%     118MiB / 3.762GiB     3.06%     0B / 0B   32.7MB / 7.26MB   29
### 2026-06-04T05:15:02+00:00
CONTAINER ID   NAME       CPU %     MEM USAGE / LIMIT     MEM %     NET I/O   BLOCK I/O         PIDS
4c8918896d0b   database   8.12%     108.1MiB / 3.762GiB   2.80%     0B / 0B   59.9MB / 7.09MB   21
371269d194bc   swss       107.44%   189.2MiB / 3.762GiB   4.91%     0B / 0B   40MB / 37.3MB     62
3f8b3ff7e0c0   syncd      0.58%     91.77MiB / 3.762GiB   2.38%     0B / 0B   64MB / 7.3MB      41
09ceb1ab8951   bgp        11.99%    118MiB / 3.762GiB     3.06%     0B / 0B   32.7MB / 7.26MB   29
### 2026-06-04T05:15:06+00:00
CONTAINER ID   NAME       CPU %     MEM USAGE / LIMIT     MEM %     NET I/O   BLOCK I/O         PIDS
4c8918896d0b   database   5.86%     107.5MiB / 3.762GiB   2.79%     0B / 0B   59.9MB / 7.09MB   21
371269d194bc   swss       105.34%   180.1MiB / 3.762GiB   4.67%     0B / 0B   40MB / 37.4MB     62
3f8b3ff7e0c0   syncd      0.59%     91.77MiB / 3.762GiB   2.38%     0B / 0B   64MB / 7.3MB      41
09ceb1ab8951   bgp        0.19%     118.2MiB / 3.762GiB   3.07%     0B / 0B   32.7MB / 7.26MB   29
### 2026-06-04T05:15:09+00:00
CONTAINER ID   NAME       CPU %     MEM USAGE / LIMIT     MEM %     NET I/O   BLOCK I/O         PIDS
4c8918896d0b   database   4.98%     108.4MiB / 3.762GiB   2.81%     0B / 0B   59.9MB / 7.09MB   21
371269d194bc   swss       106.40%   196.7MiB / 3.762GiB   5.11%     0B / 0B   40MB / 37.8MB     62
3f8b3ff7e0c0   syncd      0.53%     91.77MiB / 3.762GiB   2.38%     0B / 0B   64MB / 7.3MB      41
09ceb1ab8951   bgp        0.59%     118MiB / 3.762GiB     3.06%     0B / 0B   32.7MB / 7.26MB   29
### 2026-06-04T05:15:13+00:00
CONTAINER ID   NAME       CPU %     MEM USAGE / LIMIT     MEM %     NET I/O   BLOCK I/O         PIDS
4c8918896d0b   database   17.33%    108.4MiB / 3.762GiB   2.81%     0B / 0B   59.9MB / 7.09MB   21
371269d194bc   swss       103.61%   202.1MiB / 3.762GiB   5.25%     0B / 0B   40MB / 37.8MB     62
3f8b3ff7e0c0   syncd      2.05%     91.77MiB / 3.762GiB   2.38%     0B / 0B   64MB / 7.3MB      41
09ceb1ab8951   bgp        0.07%     118MiB / 3.762GiB     3.06%     0B / 0B   32.7MB / 7.26MB   29
### 2026-06-04T05:15:17+00:00
CONTAINER ID   NAME       CPU %     MEM USAGE / LIMIT     MEM %     NET I/O   BLOCK I/O         PIDS
4c8918896d0b   database   9.39%     108MiB / 3.762GiB     2.80%     0B / 0B   59.9MB / 7.09MB   21
371269d194bc   swss       106.34%   207MiB / 3.762GiB     5.37%     0B / 0B   40MB / 38.1MB     62
3f8b3ff7e0c0   syncd      0.60%     91.77MiB / 3.762GiB   2.38%     0B / 0B   64MB / 7.3MB      41
09ceb1ab8951   bgp        12.67%    118.1MiB / 3.762GiB   3.06%     0B / 0B   32.7MB / 7.26MB   29
