### 2026-06-04T05:07:26+00:00
CONTAINER ID   NAME       CPU %     MEM USAGE / LIMIT     MEM %     NET I/O   BLOCK I/O         PIDS
4c8918896d0b   database   90.35%    94.04MiB / 3.762GiB   2.44%     0B / 0B   59.9MB / 7.09MB   21
371269d194bc   swss       179.35%   150.8MiB / 3.762GiB   3.91%     0B / 0B   40MB / 25.6MB     62
3f8b3ff7e0c0   syncd      3.45%     91.77MiB / 3.762GiB   2.38%     0B / 0B   64MB / 7.3MB      41
09ceb1ab8951   bgp        1.70%     117.9MiB / 3.762GiB   3.06%     0B / 0B   32.7MB / 7.25MB   29
### 2026-06-04T05:07:31+00:00
CONTAINER ID   NAME       CPU %     MEM USAGE / LIMIT     MEM %     NET I/O   BLOCK I/O         PIDS
4c8918896d0b   database   39.12%    93.99MiB / 3.762GiB   2.44%     0B / 0B   59.9MB / 7.09MB   21
371269d194bc   swss       68.17%    146.5MiB / 3.762GiB   3.80%     0B / 0B   40MB / 25.6MB     62
3f8b3ff7e0c0   syncd      1.44%     91.77MiB / 3.762GiB   2.38%     0B / 0B   64MB / 7.3MB      41
09ceb1ab8951   bgp        2.97%     118.2MiB / 3.762GiB   3.07%     0B / 0B   32.7MB / 7.26MB   30
### 2026-06-04T05:07:36+00:00
CONTAINER ID   NAME       CPU %     MEM USAGE / LIMIT     MEM %     NET I/O   BLOCK I/O         PIDS
4c8918896d0b   database   60.27%    93.71MiB / 3.762GiB   2.43%     0B / 0B   59.9MB / 7.09MB   21
371269d194bc   swss       97.95%    146.1MiB / 3.762GiB   3.79%     0B / 0B   40MB / 25.6MB     62
3f8b3ff7e0c0   syncd      1.48%     91.77MiB / 3.762GiB   2.38%     0B / 0B   64MB / 7.3MB      41
09ceb1ab8951   bgp        0.09%     117.9MiB / 3.762GiB   3.06%     0B / 0B   32.7MB / 7.26MB   29
### 2026-06-04T05:07:40+00:00
CONTAINER ID   NAME       CPU %     MEM USAGE / LIMIT     MEM %     NET I/O   BLOCK I/O         PIDS
4c8918896d0b   database   52.92%    94.12MiB / 3.762GiB   2.44%     0B / 0B   59.9MB / 7.09MB   21
371269d194bc   swss       70.45%    141.5MiB / 3.762GiB   3.67%     0B / 0B   40MB / 25.6MB     62
3f8b3ff7e0c0   syncd      0.99%     91.77MiB / 3.762GiB   2.38%     0B / 0B   64MB / 7.3MB      41
09ceb1ab8951   bgp        1.45%     118.1MiB / 3.762GiB   3.07%     0B / 0B   32.7MB / 7.26MB   29
### 2026-06-04T05:07:45+00:00
CONTAINER ID   NAME       CPU %     MEM USAGE / LIMIT     MEM %     NET I/O   BLOCK I/O         PIDS
4c8918896d0b   database   8.85%     93.82MiB / 3.762GiB   2.44%     0B / 0B   59.9MB / 7.09MB   21
371269d194bc   swss       104.54%   147.9MiB / 3.762GiB   3.84%     0B / 0B   40MB / 25.6MB     62
3f8b3ff7e0c0   syncd      1.95%     91.77MiB / 3.762GiB   2.38%     0B / 0B   64MB / 7.3MB      41
09ceb1ab8951   bgp        1.06%     117.9MiB / 3.762GiB   3.06%     0B / 0B   32.7MB / 7.26MB   29
### 2026-06-04T05:07:50+00:00
CONTAINER ID   NAME       CPU %     MEM USAGE / LIMIT     MEM %     NET I/O   BLOCK I/O         PIDS
4c8918896d0b   database   13.18%    94.1MiB / 3.762GiB    2.44%     0B / 0B   59.9MB / 7.09MB   21
371269d194bc   swss       73.83%    146.7MiB / 3.762GiB   3.81%     0B / 0B   40MB / 26.3MB     62
3f8b3ff7e0c0   syncd      1.33%     91.77MiB / 3.762GiB   2.38%     0B / 0B   64MB / 7.3MB      41
09ceb1ab8951   bgp        0.16%     117.9MiB / 3.762GiB   3.06%     0B / 0B   32.7MB / 7.26MB   29
### 2026-06-04T05:07:55+00:00
CONTAINER ID   NAME       CPU %     MEM USAGE / LIMIT     MEM %     NET I/O   BLOCK I/O         PIDS
4c8918896d0b   database   20.96%    94.12MiB / 3.762GiB   2.44%     0B / 0B   59.9MB / 7.09MB   21
371269d194bc   swss       70.98%    144MiB / 3.762GiB     3.74%     0B / 0B   40MB / 26.3MB     62
3f8b3ff7e0c0   syncd      1.44%     91.77MiB / 3.762GiB   2.38%     0B / 0B   64MB / 7.3MB      41
09ceb1ab8951   bgp        0.15%     118.2MiB / 3.762GiB   3.07%     0B / 0B   32.7MB / 7.26MB   29
### 2026-06-04T05:08:00+00:00
CONTAINER ID   NAME       CPU %     MEM USAGE / LIMIT     MEM %     NET I/O   BLOCK I/O         PIDS
4c8918896d0b   database   12.23%    94.16MiB / 3.762GiB   2.44%     0B / 0B   59.9MB / 7.09MB   21
371269d194bc   swss       66.06%    150.4MiB / 3.762GiB   3.91%     0B / 0B   40MB / 26.3MB     62
3f8b3ff7e0c0   syncd      1.22%     91.77MiB / 3.762GiB   2.38%     0B / 0B   64MB / 7.3MB      41
09ceb1ab8951   bgp        0.10%     117.9MiB / 3.762GiB   3.06%     0B / 0B   32.7MB / 7.26MB   29
### 2026-06-04T05:08:05+00:00
CONTAINER ID   NAME       CPU %     MEM USAGE / LIMIT     MEM %     NET I/O   BLOCK I/O         PIDS
4c8918896d0b   database   11.04%    93.93MiB / 3.762GiB   2.44%     0B / 0B   59.9MB / 7.09MB   21
371269d194bc   swss       61.15%    151.3MiB / 3.762GiB   3.93%     0B / 0B   40MB / 26.3MB     62
3f8b3ff7e0c0   syncd      1.11%     91.77MiB / 3.762GiB   2.38%     0B / 0B   64MB / 7.3MB      41
09ceb1ab8951   bgp        1.29%     118.2MiB / 3.762GiB   3.07%     0B / 0B   32.7MB / 7.26MB   29
