### 2026-06-04T05:09:29+00:00
CONTAINER ID   NAME       CPU %     MEM USAGE / LIMIT     MEM %     NET I/O   BLOCK I/O         PIDS
4c8918896d0b   database   59.10%    94.46MiB / 3.762GiB   2.45%     0B / 0B   59.9MB / 7.09MB   21
371269d194bc   swss       81.28%    145.4MiB / 3.762GiB   3.77%     0B / 0B   40MB / 28.4MB     62
3f8b3ff7e0c0   syncd      1.12%     91.77MiB / 3.762GiB   2.38%     0B / 0B   64MB / 7.3MB      41
09ceb1ab8951   bgp        0.08%     117.9MiB / 3.762GiB   3.06%     0B / 0B   32.7MB / 7.26MB   29
### 2026-06-04T05:09:34+00:00
CONTAINER ID   NAME       CPU %     MEM USAGE / LIMIT     MEM %     NET I/O   BLOCK I/O         PIDS
4c8918896d0b   database   66.60%    94.5MiB / 3.762GiB    2.45%     0B / 0B   59.9MB / 7.09MB   21
371269d194bc   swss       57.66%    147.2MiB / 3.762GiB   3.82%     0B / 0B   40MB / 28.4MB     62
3f8b3ff7e0c0   syncd      2.81%     91.77MiB / 3.762GiB   2.38%     0B / 0B   64MB / 7.3MB      41
09ceb1ab8951   bgp        0.22%     117.9MiB / 3.762GiB   3.06%     0B / 0B   32.7MB / 7.26MB   29
### 2026-06-04T05:09:39+00:00
CONTAINER ID   NAME       CPU %     MEM USAGE / LIMIT     MEM %     NET I/O   BLOCK I/O         PIDS
4c8918896d0b   database   73.38%    94.46MiB / 3.762GiB   2.45%     0B / 0B   59.9MB / 7.09MB   21
371269d194bc   swss       67.53%    147.6MiB / 3.762GiB   3.83%     0B / 0B   40MB / 28.4MB     62
3f8b3ff7e0c0   syncd      1.31%     91.77MiB / 3.762GiB   2.38%     0B / 0B   64MB / 7.3MB      41
09ceb1ab8951   bgp        0.20%     118.2MiB / 3.762GiB   3.07%     0B / 0B   32.7MB / 7.26MB   29
### 2026-06-04T05:09:44+00:00
CONTAINER ID   NAME       CPU %     MEM USAGE / LIMIT     MEM %     NET I/O   BLOCK I/O         PIDS
4c8918896d0b   database   23.56%    94.28MiB / 3.762GiB   2.45%     0B / 0B   59.9MB / 7.09MB   21
371269d194bc   swss       96.77%    147.5MiB / 3.762GiB   3.83%     0B / 0B   40MB / 28.5MB     62
3f8b3ff7e0c0   syncd      2.66%     91.77MiB / 3.762GiB   2.38%     0B / 0B   64MB / 7.3MB      41
09ceb1ab8951   bgp        0.13%     117.9MiB / 3.762GiB   3.06%     0B / 0B   32.7MB / 7.26MB   29
### 2026-06-04T05:09:49+00:00
CONTAINER ID   NAME       CPU %     MEM USAGE / LIMIT     MEM %     NET I/O   BLOCK I/O         PIDS
4c8918896d0b   database   12.10%    94.26MiB / 3.762GiB   2.45%     0B / 0B   59.9MB / 7.09MB   21
371269d194bc   swss       61.35%    148.6MiB / 3.762GiB   3.86%     0B / 0B   40MB / 28.5MB     62
3f8b3ff7e0c0   syncd      1.06%     91.77MiB / 3.762GiB   2.38%     0B / 0B   64MB / 7.3MB      41
09ceb1ab8951   bgp        0.25%     117.9MiB / 3.762GiB   3.06%     0B / 0B   32.7MB / 7.26MB   29
### 2026-06-04T05:09:54+00:00
CONTAINER ID   NAME       CPU %     MEM USAGE / LIMIT     MEM %     NET I/O   BLOCK I/O         PIDS
4c8918896d0b   database   18.39%    94.09MiB / 3.762GiB   2.44%     0B / 0B   59.9MB / 7.09MB   21
371269d194bc   swss       55.84%    142.9MiB / 3.762GiB   3.71%     0B / 0B   40MB / 29.3MB     62
3f8b3ff7e0c0   syncd      3.50%     91.77MiB / 3.762GiB   2.38%     0B / 0B   64MB / 7.3MB      41
09ceb1ab8951   bgp        23.60%    117.9MiB / 3.762GiB   3.06%     0B / 0B   32.7MB / 7.26MB   29
### 2026-06-04T05:09:59+00:00
CONTAINER ID   NAME       CPU %     MEM USAGE / LIMIT     MEM %     NET I/O   BLOCK I/O         PIDS
4c8918896d0b   database   9.82%     94.09MiB / 3.762GiB   2.44%     0B / 0B   59.9MB / 7.09MB   21
371269d194bc   swss       55.68%    145.7MiB / 3.762GiB   3.78%     0B / 0B   40MB / 29.3MB     62
3f8b3ff7e0c0   syncd      1.38%     91.77MiB / 3.762GiB   2.38%     0B / 0B   64MB / 7.3MB      41
09ceb1ab8951   bgp        0.12%     117.9MiB / 3.762GiB   3.06%     0B / 0B   32.7MB / 7.26MB   29
### 2026-06-04T05:10:04+00:00
CONTAINER ID   NAME       CPU %     MEM USAGE / LIMIT     MEM %     NET I/O   BLOCK I/O         PIDS
4c8918896d0b   database   11.29%    94.13MiB / 3.762GiB   2.44%     0B / 0B   59.9MB / 7.09MB   21
371269d194bc   swss       71.90%    150.9MiB / 3.762GiB   3.92%     0B / 0B   40MB / 29.3MB     62
3f8b3ff7e0c0   syncd      3.40%     91.77MiB / 3.762GiB   2.38%     0B / 0B   64MB / 7.3MB      41
09ceb1ab8951   bgp        0.91%     118.2MiB / 3.762GiB   3.07%     0B / 0B   32.7MB / 7.26MB   29
### 2026-06-04T05:10:09+00:00
CONTAINER ID   NAME       CPU %     MEM USAGE / LIMIT     MEM %     NET I/O   BLOCK I/O         PIDS
4c8918896d0b   database   9.66%     94.4MiB / 3.762GiB    2.45%     0B / 0B   59.9MB / 7.09MB   21
371269d194bc   swss       76.64%    153.5MiB / 3.762GiB   3.98%     0B / 0B   40MB / 29.3MB     62
3f8b3ff7e0c0   syncd      1.04%     91.77MiB / 3.762GiB   2.38%     0B / 0B   64MB / 7.3MB      41
09ceb1ab8951   bgp        34.98%    118MiB / 3.762GiB     3.06%     0B / 0B   32.7MB / 7.26MB   29
### 2026-06-04T05:10:14+00:00
CONTAINER ID   NAME       CPU %     MEM USAGE / LIMIT     MEM %     NET I/O   BLOCK I/O         PIDS
4c8918896d0b   database   13.39%    94.54MiB / 3.762GiB   2.45%     0B / 0B   59.9MB / 7.09MB   21
371269d194bc   swss       108.91%   144.8MiB / 3.762GiB   3.76%     0B / 0B   40MB / 29.3MB     62
3f8b3ff7e0c0   syncd      0.87%     91.77MiB / 3.762GiB   2.38%     0B / 0B   64MB / 7.3MB      41
09ceb1ab8951   bgp        0.11%     118MiB / 3.762GiB     3.06%     0B / 0B   32.7MB / 7.26MB   29
