### 2026-06-04T07:48:12+00:00
CONTAINER ID   NAME       CPU %     MEM USAGE / LIMIT     MEM %     NET I/O   BLOCK I/O         PIDS
4c8918896d0b   database   82.35%    92.7MiB / 3.762GiB    2.41%     0B / 0B   59.9MB / 7.09MB   21
371269d194bc   swss       112.35%   146.6MiB / 3.762GiB   3.81%     0B / 0B   40MB / 99.6MB     62
3f8b3ff7e0c0   syncd      1.00%     91.82MiB / 3.762GiB   2.38%     0B / 0B   64MB / 7.3MB      41
09ceb1ab8951   bgp        0.13%     118.6MiB / 3.762GiB   3.08%     0B / 0B   32.7MB / 7.39MB   29
### 2026-06-04T07:48:17+00:00
CONTAINER ID   NAME       CPU %     MEM USAGE / LIMIT     MEM %     NET I/O   BLOCK I/O         PIDS
4c8918896d0b   database   70.05%    94.07MiB / 3.762GiB   2.44%     0B / 0B   59.9MB / 7.09MB   21
371269d194bc   swss       99.25%    165.9MiB / 3.762GiB   4.31%     0B / 0B   40MB / 99.6MB     62
3f8b3ff7e0c0   syncd      0.81%     91.82MiB / 3.762GiB   2.38%     0B / 0B   64MB / 7.3MB      41
09ceb1ab8951   bgp        0.13%     118.6MiB / 3.762GiB   3.08%     0B / 0B   32.7MB / 7.39MB   29
### 2026-06-04T07:48:21+00:00
CONTAINER ID   NAME       CPU %     MEM USAGE / LIMIT     MEM %     NET I/O   BLOCK I/O         PIDS
4c8918896d0b   database   50.23%    95.85MiB / 3.762GiB   2.49%     0B / 0B   59.9MB / 7.09MB   21
371269d194bc   swss       101.30%   171.5MiB / 3.762GiB   4.45%     0B / 0B   40MB / 99.6MB     62
3f8b3ff7e0c0   syncd      0.86%     91.82MiB / 3.762GiB   2.38%     0B / 0B   64MB / 7.3MB      41
09ceb1ab8951   bgp        2.18%     118.6MiB / 3.762GiB   3.08%     0B / 0B   32.7MB / 7.39MB   29
### 2026-06-04T07:48:25+00:00
CONTAINER ID   NAME       CPU %     MEM USAGE / LIMIT     MEM %     NET I/O   BLOCK I/O         PIDS
4c8918896d0b   database   21.44%    96.41MiB / 3.762GiB   2.50%     0B / 0B   59.9MB / 7.09MB   21
371269d194bc   swss       100.32%   190.7MiB / 3.762GiB   4.95%     0B / 0B   40MB / 99.6MB     62
3f8b3ff7e0c0   syncd      0.45%     91.82MiB / 3.762GiB   2.38%     0B / 0B   64MB / 7.3MB      41
09ceb1ab8951   bgp        0.11%     118.6MiB / 3.762GiB   3.08%     0B / 0B   32.7MB / 7.39MB   29
### 2026-06-04T07:48:28+00:00
CONTAINER ID   NAME       CPU %     MEM USAGE / LIMIT     MEM %     NET I/O   BLOCK I/O         PIDS
4c8918896d0b   database   4.88%     96.8MiB / 3.762GiB    2.51%     0B / 0B   59.9MB / 7.09MB   21
371269d194bc   swss       109.70%   188.6MiB / 3.762GiB   4.90%     0B / 0B   40MB / 99.6MB     62
3f8b3ff7e0c0   syncd      0.53%     91.82MiB / 3.762GiB   2.38%     0B / 0B   64MB / 7.3MB      41
09ceb1ab8951   bgp        0.06%     118.8MiB / 3.762GiB   3.08%     0B / 0B   32.7MB / 7.39MB   29
### 2026-06-04T07:48:32+00:00
CONTAINER ID   NAME       CPU %     MEM USAGE / LIMIT     MEM %     NET I/O   BLOCK I/O         PIDS
4c8918896d0b   database   11.67%    96.41MiB / 3.762GiB   2.50%     0B / 0B   59.9MB / 7.09MB   21
371269d194bc   swss       110.47%   206.4MiB / 3.762GiB   5.36%     0B / 0B   40MB / 99.6MB     62
3f8b3ff7e0c0   syncd      0.81%     91.82MiB / 3.762GiB   2.38%     0B / 0B   64MB / 7.3MB      41
09ceb1ab8951   bgp        0.13%     118.6MiB / 3.762GiB   3.08%     0B / 0B   32.7MB / 7.39MB   29
### 2026-06-04T07:48:36+00:00
CONTAINER ID   NAME       CPU %     MEM USAGE / LIMIT     MEM %     NET I/O   BLOCK I/O         PIDS
4c8918896d0b   database   18.28%    96.64MiB / 3.762GiB   2.51%     0B / 0B   59.9MB / 7.09MB   21
371269d194bc   swss       126.44%   190.7MiB / 3.762GiB   4.95%     0B / 0B   40MB / 99.6MB     62
3f8b3ff7e0c0   syncd      0.62%     91.82MiB / 3.762GiB   2.38%     0B / 0B   64MB / 7.3MB      41
09ceb1ab8951   bgp        12.14%    118.6MiB / 3.762GiB   3.08%     0B / 0B   32.7MB / 7.39MB   29
### 2026-06-04T07:48:40+00:00
CONTAINER ID   NAME       CPU %     MEM USAGE / LIMIT     MEM %     NET I/O   BLOCK I/O         PIDS
4c8918896d0b   database   11.03%    96.57MiB / 3.762GiB   2.51%     0B / 0B   59.9MB / 7.09MB   21
371269d194bc   swss       105.06%   206.6MiB / 3.762GiB   5.36%     0B / 0B   40MB / 99.6MB     62
3f8b3ff7e0c0   syncd      1.38%     91.82MiB / 3.762GiB   2.38%     0B / 0B   64MB / 7.3MB      41
09ceb1ab8951   bgp        0.15%     118.8MiB / 3.762GiB   3.08%     0B / 0B   32.7MB / 7.39MB   29
### 2026-06-04T07:48:44+00:00
CONTAINER ID   NAME       CPU %     MEM USAGE / LIMIT     MEM %     NET I/O   BLOCK I/O         PIDS
4c8918896d0b   database   58.37%    96.49MiB / 3.762GiB   2.50%     0B / 0B   59.9MB / 7.09MB   21
371269d194bc   swss       408.91%   184.4MiB / 3.762GiB   4.79%     0B / 0B   40MB / 101MB      62
3f8b3ff7e0c0   syncd      3.96%     91.82MiB / 3.762GiB   2.38%     0B / 0B   64MB / 7.3MB      41
09ceb1ab8951   bgp        0.57%     118.6MiB / 3.762GiB   3.08%     0B / 0B   32.7MB / 7.39MB   29
### 2026-06-04T07:48:48+00:00
CONTAINER ID   NAME       CPU %     MEM USAGE / LIMIT     MEM %     NET I/O   BLOCK I/O         PIDS
4c8918896d0b   database   10.81%    96.11MiB / 3.762GiB   2.49%     0B / 0B   59.9MB / 7.09MB   21
371269d194bc   swss       89.66%    192.2MiB / 3.762GiB   4.99%     0B / 0B   40MB / 101MB      62
3f8b3ff7e0c0   syncd      0.63%     91.82MiB / 3.762GiB   2.38%     0B / 0B   64MB / 7.3MB      41
09ceb1ab8951   bgp        0.05%     118.6MiB / 3.762GiB   3.08%     0B / 0B   32.7MB / 7.39MB   29
### 2026-06-04T07:48:53+00:00
CONTAINER ID   NAME       CPU %     MEM USAGE / LIMIT     MEM %     NET I/O   BLOCK I/O         PIDS
4c8918896d0b   database   3.86%     96.01MiB / 3.762GiB   2.49%     0B / 0B   59.9MB / 7.09MB   21
371269d194bc   swss       107.27%   206.5MiB / 3.762GiB   5.36%     0B / 0B   40MB / 101MB      62
3f8b3ff7e0c0   syncd      0.51%     91.82MiB / 3.762GiB   2.38%     0B / 0B   64MB / 7.3MB      41
09ceb1ab8951   bgp        0.09%     118.6MiB / 3.762GiB   3.08%     0B / 0B   32.7MB / 7.39MB   29
### 2026-06-04T07:48:56+00:00
CONTAINER ID   NAME       CPU %     MEM USAGE / LIMIT     MEM %     NET I/O   BLOCK I/O         PIDS
4c8918896d0b   database   4.81%     96.02MiB / 3.762GiB   2.49%     0B / 0B   59.9MB / 7.09MB   21
371269d194bc   swss       107.61%   201.4MiB / 3.762GiB   5.23%     0B / 0B   40MB / 101MB      62
3f8b3ff7e0c0   syncd      0.64%     91.82MiB / 3.762GiB   2.38%     0B / 0B   64MB / 7.3MB      41
09ceb1ab8951   bgp        0.23%     118.6MiB / 3.762GiB   3.08%     0B / 0B   32.7MB / 7.39MB   29
### 2026-06-04T07:49:00+00:00
CONTAINER ID   NAME       CPU %     MEM USAGE / LIMIT     MEM %     NET I/O   BLOCK I/O         PIDS
4c8918896d0b   database   6.00%     95.86MiB / 3.762GiB   2.49%     0B / 0B   59.9MB / 7.09MB   21
371269d194bc   swss       107.90%   198.9MiB / 3.762GiB   5.16%     0B / 0B   40MB / 101MB      62
3f8b3ff7e0c0   syncd      0.46%     91.82MiB / 3.762GiB   2.38%     0B / 0B   64MB / 7.3MB      41
09ceb1ab8951   bgp        0.08%     118.6MiB / 3.762GiB   3.08%     0B / 0B   32.7MB / 7.39MB   29
### 2026-06-04T07:49:05+00:00
CONTAINER ID   NAME       CPU %     MEM USAGE / LIMIT     MEM %     NET I/O   BLOCK I/O         PIDS
4c8918896d0b   database   13.59%    95.1MiB / 3.762GiB    2.47%     0B / 0B   59.9MB / 7.09MB   21
371269d194bc   swss       109.61%   216.2MiB / 3.762GiB   5.61%     0B / 0B   40MB / 101MB      62
3f8b3ff7e0c0   syncd      0.56%     91.82MiB / 3.762GiB   2.38%     0B / 0B   64MB / 7.3MB      41
09ceb1ab8951   bgp        0.18%     118.6MiB / 3.762GiB   3.08%     0B / 0B   32.7MB / 7.39MB   29
### 2026-06-04T07:49:08+00:00
CONTAINER ID   NAME       CPU %     MEM USAGE / LIMIT     MEM %     NET I/O   BLOCK I/O         PIDS
4c8918896d0b   database   5.32%     95.76MiB / 3.762GiB   2.49%     0B / 0B   59.9MB / 7.09MB   21
371269d194bc   swss       101.56%   207MiB / 3.762GiB     5.37%     0B / 0B   40MB / 101MB      62
3f8b3ff7e0c0   syncd      0.52%     91.82MiB / 3.762GiB   2.38%     0B / 0B   64MB / 7.3MB      41
09ceb1ab8951   bgp        1.08%     118.6MiB / 3.762GiB   3.08%     0B / 0B   32.7MB / 7.39MB   29
### 2026-06-04T07:49:12+00:00
CONTAINER ID   NAME       CPU %     MEM USAGE / LIMIT     MEM %     NET I/O   BLOCK I/O         PIDS
4c8918896d0b   database   18.29%    95.3MiB / 3.762GiB    2.47%     0B / 0B   59.9MB / 7.09MB   21
371269d194bc   swss       106.98%   201.5MiB / 3.762GiB   5.23%     0B / 0B   40MB / 101MB      62
3f8b3ff7e0c0   syncd      0.55%     91.82MiB / 3.762GiB   2.38%     0B / 0B   64MB / 7.3MB      41
09ceb1ab8951   bgp        0.07%     118.6MiB / 3.762GiB   3.08%     0B / 0B   32.7MB / 7.39MB   29
### 2026-06-04T07:49:17+00:00
CONTAINER ID   NAME       CPU %     MEM USAGE / LIMIT     MEM %     NET I/O   BLOCK I/O         PIDS
4c8918896d0b   database   6.03%     95.3MiB / 3.762GiB    2.47%     0B / 0B   59.9MB / 7.09MB   21
371269d194bc   swss       147.31%   205.2MiB / 3.762GiB   5.33%     0B / 0B   40MB / 101MB      62
3f8b3ff7e0c0   syncd      0.51%     91.82MiB / 3.762GiB   2.38%     0B / 0B   64MB / 7.3MB      41
09ceb1ab8951   bgp        0.12%     118.6MiB / 3.762GiB   3.08%     0B / 0B   32.7MB / 7.39MB   29
### 2026-06-04T07:49:21+00:00
CONTAINER ID   NAME       CPU %     MEM USAGE / LIMIT     MEM %     NET I/O   BLOCK I/O         PIDS
4c8918896d0b   database   11.39%    95.74MiB / 3.762GiB   2.49%     0B / 0B   59.9MB / 7.09MB   21
371269d194bc   swss       103.66%   192MiB / 3.762GiB     4.98%     0B / 0B   40MB / 101MB      62
3f8b3ff7e0c0   syncd      0.68%     91.82MiB / 3.762GiB   2.38%     0B / 0B   64MB / 7.3MB      41
09ceb1ab8951   bgp        0.10%     118.8MiB / 3.762GiB   3.08%     0B / 0B   32.7MB / 7.39MB   29
### 2026-06-04T07:49:25+00:00
CONTAINER ID   NAME       CPU %     MEM USAGE / LIMIT     MEM %     NET I/O   BLOCK I/O         PIDS
4c8918896d0b   database   10.82%    95.77MiB / 3.762GiB   2.49%     0B / 0B   59.9MB / 7.09MB   21
371269d194bc   swss       129.38%   200.7MiB / 3.762GiB   5.21%     0B / 0B   40MB / 101MB      62
3f8b3ff7e0c0   syncd      0.61%     91.82MiB / 3.762GiB   2.38%     0B / 0B   64MB / 7.3MB      41
09ceb1ab8951   bgp        0.35%     118.6MiB / 3.762GiB   3.08%     0B / 0B   32.7MB / 7.39MB   29
### 2026-06-04T07:49:28+00:00
CONTAINER ID   NAME       CPU %     MEM USAGE / LIMIT     MEM %     NET I/O   BLOCK I/O         PIDS
4c8918896d0b   database   8.42%     95.86MiB / 3.762GiB   2.49%     0B / 0B   59.9MB / 7.09MB   21
371269d194bc   swss       104.44%   191.1MiB / 3.762GiB   4.96%     0B / 0B   40MB / 102MB      62
3f8b3ff7e0c0   syncd      0.69%     91.82MiB / 3.762GiB   2.38%     0B / 0B   64MB / 7.3MB      41
09ceb1ab8951   bgp        0.26%     118.6MiB / 3.762GiB   3.08%     0B / 0B   32.7MB / 7.39MB   29
### 2026-06-04T07:49:32+00:00
CONTAINER ID   NAME       CPU %     MEM USAGE / LIMIT     MEM %     NET I/O   BLOCK I/O         PIDS
4c8918896d0b   database   5.26%     95.12MiB / 3.762GiB   2.47%     0B / 0B   59.9MB / 7.09MB   21
371269d194bc   swss       110.25%   194.7MiB / 3.762GiB   5.05%     0B / 0B   40MB / 102MB      62
3f8b3ff7e0c0   syncd      0.91%     91.82MiB / 3.762GiB   2.38%     0B / 0B   64MB / 7.3MB      41
09ceb1ab8951   bgp        0.31%     118.8MiB / 3.762GiB   3.08%     0B / 0B   32.7MB / 7.39MB   29
### 2026-06-04T07:49:36+00:00
CONTAINER ID   NAME       CPU %     MEM USAGE / LIMIT     MEM %     NET I/O   BLOCK I/O         PIDS
4c8918896d0b   database   5.05%     96.07MiB / 3.762GiB   2.49%     0B / 0B   59.9MB / 7.09MB   21
371269d194bc   swss       106.45%   196.8MiB / 3.762GiB   5.11%     0B / 0B   40MB / 102MB      62
3f8b3ff7e0c0   syncd      0.45%     91.82MiB / 3.762GiB   2.38%     0B / 0B   64MB / 7.3MB      41
09ceb1ab8951   bgp        10.84%    126.6MiB / 3.762GiB   3.29%     0B / 0B   32.7MB / 7.39MB   30
### 2026-06-04T07:49:41+00:00
CONTAINER ID   NAME       CPU %     MEM USAGE / LIMIT     MEM %     NET I/O   BLOCK I/O         PIDS
4c8918896d0b   database   4.59%     95.85MiB / 3.762GiB   2.49%     0B / 0B   59.9MB / 7.09MB   21
371269d194bc   swss       107.17%   198.6MiB / 3.762GiB   5.15%     0B / 0B   40MB / 102MB      62
3f8b3ff7e0c0   syncd      0.43%     91.82MiB / 3.762GiB   2.38%     0B / 0B   64MB / 7.3MB      41
09ceb1ab8951   bgp        0.06%     118.6MiB / 3.762GiB   3.08%     0B / 0B   32.7MB / 7.39MB   29
### 2026-06-04T07:49:45+00:00
CONTAINER ID   NAME       CPU %     MEM USAGE / LIMIT     MEM %     NET I/O   BLOCK I/O         PIDS
4c8918896d0b   database   63.37%    95.84MiB / 3.762GiB   2.49%     0B / 0B   59.9MB / 7.09MB   21
371269d194bc   swss       260.69%   194.8MiB / 3.762GiB   5.06%     0B / 0B   40MB / 102MB      62
3f8b3ff7e0c0   syncd      2.29%     91.82MiB / 3.762GiB   2.38%     0B / 0B   64MB / 7.3MB      41
09ceb1ab8951   bgp        1.96%     118.8MiB / 3.762GiB   3.08%     0B / 0B   32.7MB / 7.39MB   29
### 2026-06-04T07:49:49+00:00
CONTAINER ID   NAME       CPU %     MEM USAGE / LIMIT     MEM %     NET I/O   BLOCK I/O         PIDS
4c8918896d0b   database   6.57%     95.86MiB / 3.762GiB   2.49%     0B / 0B   59.9MB / 7.09MB   21
371269d194bc   swss       154.64%   201.7MiB / 3.762GiB   5.24%     0B / 0B   40MB / 102MB      62
3f8b3ff7e0c0   syncd      1.05%     91.82MiB / 3.762GiB   2.38%     0B / 0B   64MB / 7.3MB      41
09ceb1ab8951   bgp        1.04%     118.6MiB / 3.762GiB   3.08%     0B / 0B   32.7MB / 7.39MB   29
### 2026-06-04T07:49:53+00:00
CONTAINER ID   NAME       CPU %     MEM USAGE / LIMIT     MEM %     NET I/O   BLOCK I/O         PIDS
4c8918896d0b   database   11.30%    96.06MiB / 3.762GiB   2.49%     0B / 0B   59.9MB / 7.09MB   21
371269d194bc   swss       107.73%   203.7MiB / 3.762GiB   5.29%     0B / 0B   40MB / 102MB      62
3f8b3ff7e0c0   syncd      0.85%     91.82MiB / 3.762GiB   2.38%     0B / 0B   64MB / 7.3MB      41
09ceb1ab8951   bgp        12.09%    118.6MiB / 3.762GiB   3.08%     0B / 0B   32.7MB / 7.39MB   29
### 2026-06-04T07:49:57+00:00
CONTAINER ID   NAME       CPU %     MEM USAGE / LIMIT     MEM %     NET I/O   BLOCK I/O         PIDS
4c8918896d0b   database   6.14%     95.93MiB / 3.762GiB   2.49%     0B / 0B   59.9MB / 7.09MB   21
371269d194bc   swss       106.34%   202.7MiB / 3.762GiB   5.26%     0B / 0B   40MB / 102MB      62
3f8b3ff7e0c0   syncd      0.54%     91.82MiB / 3.762GiB   2.38%     0B / 0B   64MB / 7.3MB      41
09ceb1ab8951   bgp        0.11%     118.6MiB / 3.762GiB   3.08%     0B / 0B   32.7MB / 7.39MB   29
### 2026-06-04T07:50:01+00:00
CONTAINER ID   NAME       CPU %     MEM USAGE / LIMIT     MEM %     NET I/O   BLOCK I/O         PIDS
4c8918896d0b   database   6.46%     96.19MiB / 3.762GiB   2.50%     0B / 0B   59.9MB / 7.09MB   21
371269d194bc   swss       107.67%   214.1MiB / 3.762GiB   5.56%     0B / 0B   40MB / 102MB      62
3f8b3ff7e0c0   syncd      0.80%     91.82MiB / 3.762GiB   2.38%     0B / 0B   64MB / 7.3MB      41
09ceb1ab8951   bgp        0.72%     118.6MiB / 3.762GiB   3.08%     0B / 0B   32.7MB / 7.39MB   29
### 2026-06-04T07:50:05+00:00
CONTAINER ID   NAME       CPU %     MEM USAGE / LIMIT     MEM %     NET I/O   BLOCK I/O         PIDS
4c8918896d0b   database   6.92%     95.3MiB / 3.762GiB    2.47%     0B / 0B   59.9MB / 7.09MB   21
371269d194bc   swss       116.52%   200.1MiB / 3.762GiB   5.19%     0B / 0B   40MB / 102MB      62
3f8b3ff7e0c0   syncd      1.24%     91.82MiB / 3.762GiB   2.38%     0B / 0B   64MB / 7.3MB      41
09ceb1ab8951   bgp        0.10%     118.6MiB / 3.762GiB   3.08%     0B / 0B   32.7MB / 7.39MB   29
### 2026-06-04T07:50:09+00:00
CONTAINER ID   NAME       CPU %     MEM USAGE / LIMIT     MEM %     NET I/O   BLOCK I/O         PIDS
4c8918896d0b   database   5.45%     95.77MiB / 3.762GiB   2.49%     0B / 0B   59.9MB / 7.09MB   21
371269d194bc   swss       107.49%   202.1MiB / 3.762GiB   5.25%     0B / 0B   40MB / 102MB      62
3f8b3ff7e0c0   syncd      0.53%     91.82MiB / 3.762GiB   2.38%     0B / 0B   64MB / 7.3MB      41
09ceb1ab8951   bgp        0.21%     118.6MiB / 3.762GiB   3.08%     0B / 0B   32.7MB / 7.39MB   29
### 2026-06-04T07:50:13+00:00
CONTAINER ID   NAME       CPU %     MEM USAGE / LIMIT     MEM %     NET I/O   BLOCK I/O         PIDS
4c8918896d0b   database   4.61%     95.17MiB / 3.762GiB   2.47%     0B / 0B   59.9MB / 7.09MB   21
371269d194bc   swss       120.42%   202.9MiB / 3.762GiB   5.27%     0B / 0B   40MB / 102MB      62
3f8b3ff7e0c0   syncd      0.61%     91.82MiB / 3.762GiB   2.38%     0B / 0B   64MB / 7.3MB      41
09ceb1ab8951   bgp        0.34%     118.8MiB / 3.762GiB   3.08%     0B / 0B   32.7MB / 7.39MB   29
### 2026-06-04T07:50:17+00:00
CONTAINER ID   NAME       CPU %     MEM USAGE / LIMIT     MEM %     NET I/O   BLOCK I/O         PIDS
4c8918896d0b   database   6.49%     95.75MiB / 3.762GiB   2.49%     0B / 0B   59.9MB / 7.09MB   21
371269d194bc   swss       130.53%   206.8MiB / 3.762GiB   5.37%     0B / 0B   40MB / 102MB      62
3f8b3ff7e0c0   syncd      0.56%     91.82MiB / 3.762GiB   2.38%     0B / 0B   64MB / 7.3MB      41
09ceb1ab8951   bgp        0.09%     118.6MiB / 3.762GiB   3.08%     0B / 0B   32.7MB / 7.39MB   29
### 2026-06-04T07:50:20+00:00
CONTAINER ID   NAME       CPU %     MEM USAGE / LIMIT     MEM %     NET I/O   BLOCK I/O         PIDS
4c8918896d0b   database   4.82%     95.8MiB / 3.762GiB    2.49%     0B / 0B   59.9MB / 7.09MB   21
371269d194bc   swss       106.05%   221.1MiB / 3.762GiB   5.74%     0B / 0B   40MB / 102MB      62
3f8b3ff7e0c0   syncd      0.62%     91.82MiB / 3.762GiB   2.38%     0B / 0B   64MB / 7.3MB      41
09ceb1ab8951   bgp        0.16%     118.6MiB / 3.762GiB   3.08%     0B / 0B   32.7MB / 7.39MB   29
### 2026-06-04T07:50:24+00:00
CONTAINER ID   NAME       CPU %     MEM USAGE / LIMIT     MEM %     NET I/O   BLOCK I/O         PIDS
4c8918896d0b   database   5.15%     95.32MiB / 3.762GiB   2.47%     0B / 0B   59.9MB / 7.09MB   21
371269d194bc   swss       109.59%   203.2MiB / 3.762GiB   5.27%     0B / 0B   40MB / 102MB      62
3f8b3ff7e0c0   syncd      0.65%     91.82MiB / 3.762GiB   2.38%     0B / 0B   64MB / 7.3MB      41
09ceb1ab8951   bgp        0.08%     118.6MiB / 3.762GiB   3.08%     0B / 0B   32.7MB / 7.39MB   29
### 2026-06-04T07:50:28+00:00
CONTAINER ID   NAME       CPU %     MEM USAGE / LIMIT     MEM %     NET I/O   BLOCK I/O         PIDS
4c8918896d0b   database   6.44%     95.93MiB / 3.762GiB   2.49%     0B / 0B   59.9MB / 7.09MB   21
371269d194bc   swss       110.31%   198.5MiB / 3.762GiB   5.15%     0B / 0B   40MB / 102MB      62
3f8b3ff7e0c0   syncd      0.66%     91.82MiB / 3.762GiB   2.38%     0B / 0B   64MB / 7.3MB      41
09ceb1ab8951   bgp        0.06%     118.6MiB / 3.762GiB   3.08%     0B / 0B   32.7MB / 7.39MB   29
### 2026-06-04T07:50:32+00:00
CONTAINER ID   NAME       CPU %     MEM USAGE / LIMIT     MEM %     NET I/O   BLOCK I/O         PIDS
4c8918896d0b   database   10.80%    95.94MiB / 3.762GiB   2.49%     0B / 0B   59.9MB / 7.09MB   21
371269d194bc   swss       172.91%   194.7MiB / 3.762GiB   5.05%     0B / 0B   40MB / 102MB      62
3f8b3ff7e0c0   syncd      1.28%     91.82MiB / 3.762GiB   2.38%     0B / 0B   64MB / 7.3MB      41
09ceb1ab8951   bgp        0.16%     118.6MiB / 3.762GiB   3.08%     0B / 0B   32.7MB / 7.39MB   29
### 2026-06-04T07:50:36+00:00
CONTAINER ID   NAME       CPU %     MEM USAGE / LIMIT     MEM %     NET I/O   BLOCK I/O         PIDS
4c8918896d0b   database   5.34%     95.88MiB / 3.762GiB   2.49%     0B / 0B   59.9MB / 7.09MB   21
371269d194bc   swss       108.23%   189.1MiB / 3.762GiB   4.91%     0B / 0B   40MB / 102MB      62
3f8b3ff7e0c0   syncd      1.01%     91.82MiB / 3.762GiB   2.38%     0B / 0B   64MB / 7.3MB      41
09ceb1ab8951   bgp        0.11%     118.6MiB / 3.762GiB   3.08%     0B / 0B   32.7MB / 7.39MB   29
### 2026-06-04T07:50:40+00:00
CONTAINER ID   NAME       CPU %     MEM USAGE / LIMIT     MEM %     NET I/O   BLOCK I/O         PIDS
4c8918896d0b   database   9.40%     95.9MiB / 3.762GiB    2.49%     0B / 0B   59.9MB / 7.09MB   21
371269d194bc   swss       107.82%   201.8MiB / 3.762GiB   5.24%     0B / 0B   40MB / 102MB      62
3f8b3ff7e0c0   syncd      1.77%     91.82MiB / 3.762GiB   2.38%     0B / 0B   64MB / 7.3MB      41
09ceb1ab8951   bgp        0.07%     118.8MiB / 3.762GiB   3.08%     0B / 0B   32.7MB / 7.39MB   29
### 2026-06-04T07:50:44+00:00
CONTAINER ID   NAME       CPU %     MEM USAGE / LIMIT     MEM %     NET I/O   BLOCK I/O         PIDS
4c8918896d0b   database   4.75%     95.4MiB / 3.762GiB    2.48%     0B / 0B   59.9MB / 7.09MB   21
371269d194bc   swss       66.72%    201.3MiB / 3.762GiB   5.23%     0B / 0B   40MB / 102MB      62
3f8b3ff7e0c0   syncd      0.65%     91.82MiB / 3.762GiB   2.38%     0B / 0B   64MB / 7.3MB      41
09ceb1ab8951   bgp        0.12%     118.6MiB / 3.762GiB   3.08%     0B / 0B   32.7MB / 7.39MB   29
### 2026-06-04T07:50:48+00:00
CONTAINER ID   NAME       CPU %     MEM USAGE / LIMIT     MEM %     NET I/O   BLOCK I/O         PIDS
4c8918896d0b   database   6.83%     95.83MiB / 3.762GiB   2.49%     0B / 0B   59.9MB / 7.09MB   21
371269d194bc   swss       89.94%    198.6MiB / 3.762GiB   5.15%     0B / 0B   40MB / 102MB      62
3f8b3ff7e0c0   syncd      0.40%     91.82MiB / 3.762GiB   2.38%     0B / 0B   64MB / 7.3MB      41
09ceb1ab8951   bgp        0.24%     118.6MiB / 3.762GiB   3.08%     0B / 0B   32.7MB / 7.39MB   29
### 2026-06-04T07:50:52+00:00
CONTAINER ID   NAME       CPU %     MEM USAGE / LIMIT     MEM %     NET I/O   BLOCK I/O         PIDS
4c8918896d0b   database   5.25%     96.11MiB / 3.762GiB   2.49%     0B / 0B   59.9MB / 7.09MB   21
371269d194bc   swss       109.42%   199.8MiB / 3.762GiB   5.19%     0B / 0B   40MB / 102MB      62
3f8b3ff7e0c0   syncd      0.88%     91.82MiB / 3.762GiB   2.38%     0B / 0B   64MB / 7.3MB      41
09ceb1ab8951   bgp        0.06%     118.8MiB / 3.762GiB   3.08%     0B / 0B   32.7MB / 7.39MB   29
### 2026-06-04T07:50:56+00:00
CONTAINER ID   NAME       CPU %     MEM USAGE / LIMIT     MEM %     NET I/O   BLOCK I/O         PIDS
4c8918896d0b   database   4.23%     95.6MiB / 3.762GiB    2.48%     0B / 0B   59.9MB / 7.09MB   21
371269d194bc   swss       107.49%   203.1MiB / 3.762GiB   5.27%     0B / 0B   40MB / 102MB      62
3f8b3ff7e0c0   syncd      0.55%     91.82MiB / 3.762GiB   2.38%     0B / 0B   64MB / 7.3MB      41
09ceb1ab8951   bgp        0.25%     118.6MiB / 3.762GiB   3.08%     0B / 0B   32.7MB / 7.39MB   29
### 2026-06-04T07:51:00+00:00
CONTAINER ID   NAME       CPU %     MEM USAGE / LIMIT     MEM %     NET I/O   BLOCK I/O         PIDS
4c8918896d0b   database   4.08%     95.82MiB / 3.762GiB   2.49%     0B / 0B   59.9MB / 7.09MB   21
371269d194bc   swss       105.74%   208.1MiB / 3.762GiB   5.40%     0B / 0B   40MB / 102MB      62
3f8b3ff7e0c0   syncd      0.52%     91.82MiB / 3.762GiB   2.38%     0B / 0B   64MB / 7.3MB      41
09ceb1ab8951   bgp        0.11%     118.6MiB / 3.762GiB   3.08%     0B / 0B   32.7MB / 7.39MB   29
### 2026-06-04T07:51:04+00:00
CONTAINER ID   NAME       CPU %     MEM USAGE / LIMIT     MEM %     NET I/O   BLOCK I/O         PIDS
4c8918896d0b   database   4.15%     95.21MiB / 3.762GiB   2.47%     0B / 0B   59.9MB / 7.09MB   21
371269d194bc   swss       108.63%   197.4MiB / 3.762GiB   5.12%     0B / 0B   40MB / 102MB      62
3f8b3ff7e0c0   syncd      0.69%     91.82MiB / 3.762GiB   2.38%     0B / 0B   64MB / 7.3MB      41
09ceb1ab8951   bgp        0.43%     118.8MiB / 3.762GiB   3.08%     0B / 0B   32.7MB / 7.39MB   29
### 2026-06-04T07:51:08+00:00
CONTAINER ID   NAME       CPU %     MEM USAGE / LIMIT     MEM %     NET I/O   BLOCK I/O         PIDS
4c8918896d0b   database   5.63%     95.9MiB / 3.762GiB    2.49%     0B / 0B   59.9MB / 7.09MB   21
371269d194bc   swss       105.35%   213.7MiB / 3.762GiB   5.55%     0B / 0B   40MB / 102MB      62
3f8b3ff7e0c0   syncd      0.67%     92.05MiB / 3.762GiB   2.39%     0B / 0B   64MB / 7.3MB      41
09ceb1ab8951   bgp        17.56%    118.6MiB / 3.762GiB   3.08%     0B / 0B   32.7MB / 7.39MB   29
### 2026-06-04T07:51:12+00:00
CONTAINER ID   NAME       CPU %     MEM USAGE / LIMIT     MEM %     NET I/O   BLOCK I/O         PIDS
4c8918896d0b   database   8.99%     95.92MiB / 3.762GiB   2.49%     0B / 0B   59.9MB / 7.09MB   21
371269d194bc   swss       109.54%   204.2MiB / 3.762GiB   5.30%     0B / 0B   40MB / 102MB      62
3f8b3ff7e0c0   syncd      0.67%     91.82MiB / 3.762GiB   2.38%     0B / 0B   64MB / 7.3MB      41
09ceb1ab8951   bgp        0.35%     118.6MiB / 3.762GiB   3.08%     0B / 0B   32.7MB / 7.39MB   29
### 2026-06-04T07:51:16+00:00
CONTAINER ID   NAME       CPU %     MEM USAGE / LIMIT     MEM %     NET I/O   BLOCK I/O         PIDS
4c8918896d0b   database   8.92%     95.83MiB / 3.762GiB   2.49%     0B / 0B   59.9MB / 7.09MB   21
371269d194bc   swss       149.45%   196.9MiB / 3.762GiB   5.11%     0B / 0B   40MB / 102MB      62
3f8b3ff7e0c0   syncd      0.81%     91.82MiB / 3.762GiB   2.38%     0B / 0B   64MB / 7.3MB      41
09ceb1ab8951   bgp        0.21%     118.6MiB / 3.762GiB   3.08%     0B / 0B   32.7MB / 7.39MB   29
### 2026-06-04T07:51:20+00:00
CONTAINER ID   NAME       CPU %     MEM USAGE / LIMIT     MEM %     NET I/O   BLOCK I/O         PIDS
4c8918896d0b   database   8.04%     95.75MiB / 3.762GiB   2.49%     0B / 0B   59.9MB / 7.09MB   21
371269d194bc   swss       112.97%   208.5MiB / 3.762GiB   5.41%     0B / 0B   40MB / 102MB      62
3f8b3ff7e0c0   syncd      2.05%     91.82MiB / 3.762GiB   2.38%     0B / 0B   64MB / 7.3MB      41
09ceb1ab8951   bgp        0.14%     118.8MiB / 3.762GiB   3.08%     0B / 0B   32.7MB / 7.39MB   29
### 2026-06-04T07:51:24+00:00
CONTAINER ID   NAME       CPU %     MEM USAGE / LIMIT     MEM %     NET I/O   BLOCK I/O         PIDS
4c8918896d0b   database   20.13%    95.29MiB / 3.762GiB   2.47%     0B / 0B   59.9MB / 7.09MB   21
371269d194bc   swss       121.21%   196.3MiB / 3.762GiB   5.09%     0B / 0B   40MB / 102MB      62
3f8b3ff7e0c0   syncd      0.79%     91.82MiB / 3.762GiB   2.38%     0B / 0B   64MB / 7.3MB      41
09ceb1ab8951   bgp        0.15%     118.6MiB / 3.762GiB   3.08%     0B / 0B   32.7MB / 7.39MB   29
### 2026-06-04T07:51:28+00:00
CONTAINER ID   NAME       CPU %     MEM USAGE / LIMIT     MEM %     NET I/O   BLOCK I/O         PIDS
4c8918896d0b   database   5.21%     95.62MiB / 3.762GiB   2.48%     0B / 0B   59.9MB / 7.09MB   21
371269d194bc   swss       106.32%   197.4MiB / 3.762GiB   5.12%     0B / 0B   40MB / 102MB      62
3f8b3ff7e0c0   syncd      0.80%     91.82MiB / 3.762GiB   2.38%     0B / 0B   64MB / 7.3MB      41
09ceb1ab8951   bgp        0.20%     118.6MiB / 3.762GiB   3.08%     0B / 0B   32.7MB / 7.39MB   29
### 2026-06-04T07:51:32+00:00
CONTAINER ID   NAME       CPU %     MEM USAGE / LIMIT     MEM %     NET I/O   BLOCK I/O         PIDS
4c8918896d0b   database   5.75%     95.8MiB / 3.762GiB    2.49%     0B / 0B   59.9MB / 7.09MB   21
371269d194bc   swss       107.38%   200.1MiB / 3.762GiB   5.19%     0B / 0B   40MB / 102MB      62
3f8b3ff7e0c0   syncd      0.89%     91.82MiB / 3.762GiB   2.38%     0B / 0B   64MB / 7.3MB      41
09ceb1ab8951   bgp        0.21%     118.8MiB / 3.762GiB   3.08%     0B / 0B   32.7MB / 7.39MB   29
### 2026-06-04T07:51:36+00:00
CONTAINER ID   NAME       CPU %     MEM USAGE / LIMIT     MEM %     NET I/O   BLOCK I/O         PIDS
4c8918896d0b   database   9.40%     95.81MiB / 3.762GiB   2.49%     0B / 0B   59.9MB / 7.09MB   21
371269d194bc   swss       113.32%   197.5MiB / 3.762GiB   5.13%     0B / 0B   40MB / 102MB      62
3f8b3ff7e0c0   syncd      0.58%     91.82MiB / 3.762GiB   2.38%     0B / 0B   64MB / 7.3MB      41
09ceb1ab8951   bgp        0.27%     118.6MiB / 3.762GiB   3.08%     0B / 0B   32.7MB / 7.39MB   29
### 2026-06-04T07:51:40+00:00
CONTAINER ID   NAME       CPU %     MEM USAGE / LIMIT     MEM %     NET I/O   BLOCK I/O         PIDS
4c8918896d0b   database   8.52%     95.82MiB / 3.762GiB   2.49%     0B / 0B   59.9MB / 7.09MB   21
371269d194bc   swss       108.99%   202.3MiB / 3.762GiB   5.25%     0B / 0B   40MB / 102MB      62
3f8b3ff7e0c0   syncd      0.65%     91.82MiB / 3.762GiB   2.38%     0B / 0B   64MB / 7.3MB      41
09ceb1ab8951   bgp        0.10%     118.6MiB / 3.762GiB   3.08%     0B / 0B   32.7MB / 7.39MB   29
### 2026-06-04T07:51:44+00:00
CONTAINER ID   NAME       CPU %     MEM USAGE / LIMIT     MEM %     NET I/O   BLOCK I/O         PIDS
4c8918896d0b   database   4.96%     95.5MiB / 3.762GiB    2.48%     0B / 0B   59.9MB / 7.09MB   21
371269d194bc   swss       105.53%   204.8MiB / 3.762GiB   5.32%     0B / 0B   40MB / 102MB      62
3f8b3ff7e0c0   syncd      0.51%     91.82MiB / 3.762GiB   2.38%     0B / 0B   64MB / 7.3MB      41
09ceb1ab8951   bgp        0.08%     118.8MiB / 3.762GiB   3.08%     0B / 0B   32.7MB / 7.39MB   29
### 2026-06-04T07:51:48+00:00
CONTAINER ID   NAME       CPU %     MEM USAGE / LIMIT     MEM %     NET I/O   BLOCK I/O         PIDS
4c8918896d0b   database   14.52%    95.74MiB / 3.762GiB   2.49%     0B / 0B   59.9MB / 7.09MB   21
371269d194bc   swss       77.00%    207.5MiB / 3.762GiB   5.39%     0B / 0B   40MB / 102MB      62
3f8b3ff7e0c0   syncd      0.55%     91.82MiB / 3.762GiB   2.38%     0B / 0B   64MB / 7.3MB      41
09ceb1ab8951   bgp        0.08%     118.6MiB / 3.762GiB   3.08%     0B / 0B   32.7MB / 7.39MB   29
### 2026-06-04T07:51:51+00:00
CONTAINER ID   NAME       CPU %     MEM USAGE / LIMIT     MEM %     NET I/O   BLOCK I/O         PIDS
4c8918896d0b   database   8.90%     95.81MiB / 3.762GiB   2.49%     0B / 0B   59.9MB / 7.09MB   21
371269d194bc   swss       103.67%   191.7MiB / 3.762GiB   4.98%     0B / 0B   40MB / 102MB      62
3f8b3ff7e0c0   syncd      0.50%     91.82MiB / 3.762GiB   2.38%     0B / 0B   64MB / 7.3MB      41
09ceb1ab8951   bgp        0.10%     118.6MiB / 3.762GiB   3.08%     0B / 0B   32.7MB / 7.39MB   29
### 2026-06-04T07:51:56+00:00
CONTAINER ID   NAME       CPU %     MEM USAGE / LIMIT     MEM %     NET I/O   BLOCK I/O         PIDS
4c8918896d0b   database   4.16%     95.25MiB / 3.762GiB   2.47%     0B / 0B   59.9MB / 7.09MB   21
371269d194bc   swss       106.04%   192.6MiB / 3.762GiB   5.00%     0B / 0B   40MB / 102MB      62
3f8b3ff7e0c0   syncd      0.56%     91.82MiB / 3.762GiB   2.38%     0B / 0B   64MB / 7.3MB      41
09ceb1ab8951   bgp        0.08%     118.6MiB / 3.762GiB   3.08%     0B / 0B   32.7MB / 7.39MB   29
### 2026-06-04T07:52:00+00:00
CONTAINER ID   NAME       CPU %     MEM USAGE / LIMIT     MEM %     NET I/O   BLOCK I/O         PIDS
4c8918896d0b   database   6.48%     95.75MiB / 3.762GiB   2.49%     0B / 0B   59.9MB / 7.09MB   21
371269d194bc   swss       108.74%   199.6MiB / 3.762GiB   5.18%     0B / 0B   40MB / 102MB      62
3f8b3ff7e0c0   syncd      1.83%     91.82MiB / 3.762GiB   2.38%     0B / 0B   64MB / 7.3MB      41
09ceb1ab8951   bgp        0.09%     118.6MiB / 3.762GiB   3.08%     0B / 0B   32.7MB / 7.39MB   29
### 2026-06-04T07:52:04+00:00
CONTAINER ID   NAME       CPU %     MEM USAGE / LIMIT     MEM %     NET I/O   BLOCK I/O         PIDS
4c8918896d0b   database   5.63%     95.14MiB / 3.762GiB   2.47%     0B / 0B   59.9MB / 7.09MB   21
371269d194bc   swss       109.00%   197.3MiB / 3.762GiB   5.12%     0B / 0B   40MB / 102MB      62
3f8b3ff7e0c0   syncd      0.67%     91.82MiB / 3.762GiB   2.38%     0B / 0B   64MB / 7.3MB      41
09ceb1ab8951   bgp        0.06%     118.6MiB / 3.762GiB   3.08%     0B / 0B   32.7MB / 7.39MB   29
### 2026-06-04T07:52:08+00:00
CONTAINER ID   NAME       CPU %     MEM USAGE / LIMIT     MEM %     NET I/O   BLOCK I/O         PIDS
4c8918896d0b   database   4.17%     95.75MiB / 3.762GiB   2.49%     0B / 0B   59.9MB / 7.09MB   21
371269d194bc   swss       106.94%   196.3MiB / 3.762GiB   5.09%     0B / 0B   40MB / 102MB      62
3f8b3ff7e0c0   syncd      0.61%     91.82MiB / 3.762GiB   2.38%     0B / 0B   64MB / 7.3MB      41
09ceb1ab8951   bgp        0.13%     118.6MiB / 3.762GiB   3.08%     0B / 0B   32.7MB / 7.39MB   29
