### 2026-06-04T05:45:28+00:00
CONTAINER ID   NAME       CPU %     MEM USAGE / LIMIT     MEM %     NET I/O   BLOCK I/O         PIDS
4c8918896d0b   database   74.55%    93.07MiB / 3.762GiB   2.42%     0B / 0B   59.9MB / 7.09MB   21
371269d194bc   swss       95.42%    151.5MiB / 3.762GiB   3.93%     0B / 0B   40MB / 45.5MB     62
3f8b3ff7e0c0   syncd      0.54%     91.79MiB / 3.762GiB   2.38%     0B / 0B   64MB / 7.3MB      41
09ceb1ab8951   bgp        0.12%     118.4MiB / 3.762GiB   3.07%     0B / 0B   32.7MB / 7.29MB   29
### 2026-06-04T05:45:32+00:00
CONTAINER ID   NAME       CPU %     MEM USAGE / LIMIT     MEM %     NET I/O   BLOCK I/O         PIDS
4c8918896d0b   database   71.15%    94.1MiB / 3.762GiB    2.44%     0B / 0B   59.9MB / 7.09MB   21
371269d194bc   swss       103.08%   168.2MiB / 3.762GiB   4.36%     0B / 0B   40MB / 46.2MB     62
3f8b3ff7e0c0   syncd      0.56%     91.79MiB / 3.762GiB   2.38%     0B / 0B   64MB / 7.3MB      41
09ceb1ab8951   bgp        0.10%     118.1MiB / 3.762GiB   3.07%     0B / 0B   32.7MB / 7.29MB   29
### 2026-06-04T05:45:36+00:00
CONTAINER ID   NAME       CPU %     MEM USAGE / LIMIT     MEM %     NET I/O   BLOCK I/O         PIDS
4c8918896d0b   database   65.59%    95.98MiB / 3.762GiB   2.49%     0B / 0B   59.9MB / 7.09MB   21
371269d194bc   swss       108.25%   172.6MiB / 3.762GiB   4.48%     0B / 0B   40MB / 46.2MB     62
3f8b3ff7e0c0   syncd      0.46%     91.79MiB / 3.762GiB   2.38%     0B / 0B   64MB / 7.3MB      41
09ceb1ab8951   bgp        0.07%     118.1MiB / 3.762GiB   3.07%     0B / 0B   32.7MB / 7.29MB   29
### 2026-06-04T05:45:40+00:00
CONTAINER ID   NAME       CPU %     MEM USAGE / LIMIT     MEM %     NET I/O   BLOCK I/O         PIDS
4c8918896d0b   database   59.56%    97.43MiB / 3.762GiB   2.53%     0B / 0B   59.9MB / 7.09MB   21
371269d194bc   swss       109.20%   163.6MiB / 3.762GiB   4.25%     0B / 0B   40MB / 46.2MB     62
3f8b3ff7e0c0   syncd      1.06%     91.79MiB / 3.762GiB   2.38%     0B / 0B   64MB / 7.3MB      41
09ceb1ab8951   bgp        7.61%     120MiB / 3.762GiB     3.12%     0B / 0B   32.7MB / 7.29MB   30
### 2026-06-04T05:45:44+00:00
CONTAINER ID   NAME       CPU %     MEM USAGE / LIMIT     MEM %     NET I/O   BLOCK I/O         PIDS
4c8918896d0b   database   66.04%    99.63MiB / 3.762GiB   2.59%     0B / 0B   59.9MB / 7.09MB   21
371269d194bc   swss       112.45%   168.1MiB / 3.762GiB   4.36%     0B / 0B   40MB / 46.2MB     62
3f8b3ff7e0c0   syncd      0.46%     91.79MiB / 3.762GiB   2.38%     0B / 0B   64MB / 7.3MB      41
09ceb1ab8951   bgp        0.06%     118.1MiB / 3.762GiB   3.07%     0B / 0B   32.7MB / 7.29MB   29
### 2026-06-04T05:45:48+00:00
CONTAINER ID   NAME       CPU %     MEM USAGE / LIMIT     MEM %     NET I/O   BLOCK I/O         PIDS
4c8918896d0b   database   65.97%    100.3MiB / 3.762GiB   2.60%     0B / 0B   59.9MB / 7.09MB   21
371269d194bc   swss       110.24%   189.7MiB / 3.762GiB   4.92%     0B / 0B   40MB / 46.2MB     62
3f8b3ff7e0c0   syncd      0.77%     91.79MiB / 3.762GiB   2.38%     0B / 0B   64MB / 7.3MB      41
09ceb1ab8951   bgp        0.10%     118.1MiB / 3.762GiB   3.07%     0B / 0B   32.7MB / 7.29MB   29
### 2026-06-04T05:45:52+00:00
CONTAINER ID   NAME       CPU %     MEM USAGE / LIMIT     MEM %     NET I/O   BLOCK I/O         PIDS
4c8918896d0b   database   11.86%    102MiB / 3.762GiB     2.65%     0B / 0B   59.9MB / 7.09MB   21
371269d194bc   swss       106.80%   170.8MiB / 3.762GiB   4.43%     0B / 0B   40MB / 46.2MB     62
3f8b3ff7e0c0   syncd      0.64%     91.79MiB / 3.762GiB   2.38%     0B / 0B   64MB / 7.3MB      41
09ceb1ab8951   bgp        0.31%     118.4MiB / 3.762GiB   3.07%     0B / 0B   32.7MB / 7.29MB   29
### 2026-06-04T05:45:56+00:00
CONTAINER ID   NAME       CPU %     MEM USAGE / LIMIT     MEM %     NET I/O   BLOCK I/O         PIDS
4c8918896d0b   database   10.99%    102.7MiB / 3.762GiB   2.67%     0B / 0B   59.9MB / 7.09MB   21
371269d194bc   swss       103.84%   181.2MiB / 3.762GiB   4.70%     0B / 0B   40MB / 46.2MB     62
3f8b3ff7e0c0   syncd      1.41%     91.79MiB / 3.762GiB   2.38%     0B / 0B   64MB / 7.3MB      41
09ceb1ab8951   bgp        12.62%    118.1MiB / 3.762GiB   3.07%     0B / 0B   32.7MB / 7.29MB   29
### 2026-06-04T05:46:00+00:00
CONTAINER ID   NAME       CPU %     MEM USAGE / LIMIT     MEM %     NET I/O   BLOCK I/O         PIDS
4c8918896d0b   database   9.46%     102.1MiB / 3.762GiB   2.65%     0B / 0B   59.9MB / 7.09MB   21
371269d194bc   swss       101.19%   185.2MiB / 3.762GiB   4.81%     0B / 0B   40MB / 46.2MB     62
3f8b3ff7e0c0   syncd      0.48%     91.79MiB / 3.762GiB   2.38%     0B / 0B   64MB / 7.3MB      41
09ceb1ab8951   bgp        0.08%     118.1MiB / 3.762GiB   3.07%     0B / 0B   32.7MB / 7.29MB   29
### 2026-06-04T05:46:04+00:00
CONTAINER ID   NAME       CPU %     MEM USAGE / LIMIT     MEM %     NET I/O   BLOCK I/O         PIDS
4c8918896d0b   database   18.26%    102.6MiB / 3.762GiB   2.66%     0B / 0B   59.9MB / 7.09MB   21
371269d194bc   swss       81.96%    175MiB / 3.762GiB     4.54%     0B / 0B   40MB / 47.5MB     62
3f8b3ff7e0c0   syncd      0.66%     91.79MiB / 3.762GiB   2.38%     0B / 0B   64MB / 7.3MB      41
09ceb1ab8951   bgp        0.08%     118.1MiB / 3.762GiB   3.07%     0B / 0B   32.7MB / 7.29MB   29
### 2026-06-04T05:46:08+00:00
CONTAINER ID   NAME       CPU %     MEM USAGE / LIMIT     MEM %     NET I/O   BLOCK I/O         PIDS
4c8918896d0b   database   8.90%     103MiB / 3.762GiB     2.67%     0B / 0B   59.9MB / 7.09MB   21
371269d194bc   swss       107.15%   173.2MiB / 3.762GiB   4.49%     0B / 0B   40MB / 47.5MB     62
3f8b3ff7e0c0   syncd      0.73%     91.79MiB / 3.762GiB   2.38%     0B / 0B   64MB / 7.3MB      41
09ceb1ab8951   bgp        0.51%     118.1MiB / 3.762GiB   3.07%     0B / 0B   32.7MB / 7.29MB   29
### 2026-06-04T05:46:13+00:00
CONTAINER ID   NAME       CPU %     MEM USAGE / LIMIT     MEM %     NET I/O   BLOCK I/O         PIDS
4c8918896d0b   database   11.50%    102.4MiB / 3.762GiB   2.66%     0B / 0B   59.9MB / 7.09MB   21
371269d194bc   swss       110.83%   167MiB / 3.762GiB     4.33%     0B / 0B   40MB / 47.6MB     62
3f8b3ff7e0c0   syncd      0.61%     91.79MiB / 3.762GiB   2.38%     0B / 0B   64MB / 7.3MB      41
09ceb1ab8951   bgp        0.10%     118.1MiB / 3.762GiB   3.07%     0B / 0B   32.7MB / 7.29MB   29
### 2026-06-04T05:46:17+00:00
CONTAINER ID   NAME       CPU %     MEM USAGE / LIMIT     MEM %     NET I/O   BLOCK I/O         PIDS
4c8918896d0b   database   11.61%    102.8MiB / 3.762GiB   2.67%     0B / 0B   59.9MB / 7.09MB   21
371269d194bc   swss       109.91%   189.3MiB / 3.762GiB   4.91%     0B / 0B   40MB / 47.6MB     62
3f8b3ff7e0c0   syncd      0.90%     91.79MiB / 3.762GiB   2.38%     0B / 0B   64MB / 7.3MB      41
09ceb1ab8951   bgp        0.15%     118.1MiB / 3.762GiB   3.07%     0B / 0B   32.7MB / 7.29MB   29
### 2026-06-04T05:46:20+00:00
CONTAINER ID   NAME       CPU %     MEM USAGE / LIMIT     MEM %     NET I/O   BLOCK I/O         PIDS
4c8918896d0b   database   4.74%     102.3MiB / 3.762GiB   2.65%     0B / 0B   59.9MB / 7.09MB   21
371269d194bc   swss       106.89%   194.9MiB / 3.762GiB   5.06%     0B / 0B   40MB / 47.6MB     62
3f8b3ff7e0c0   syncd      0.42%     91.79MiB / 3.762GiB   2.38%     0B / 0B   64MB / 7.3MB      41
09ceb1ab8951   bgp        0.12%     118.4MiB / 3.762GiB   3.07%     0B / 0B   32.7MB / 7.29MB   29
### 2026-06-04T05:46:24+00:00
CONTAINER ID   NAME       CPU %     MEM USAGE / LIMIT     MEM %     NET I/O   BLOCK I/O         PIDS
4c8918896d0b   database   3.76%     102.6MiB / 3.762GiB   2.66%     0B / 0B   59.9MB / 7.09MB   21
371269d194bc   swss       108.63%   161MiB / 3.762GiB     4.18%     0B / 0B   40MB / 47.6MB     62
3f8b3ff7e0c0   syncd      0.42%     91.79MiB / 3.762GiB   2.38%     0B / 0B   64MB / 7.3MB      41
09ceb1ab8951   bgp        0.07%     118.2MiB / 3.762GiB   3.07%     0B / 0B   32.7MB / 7.29MB   29
### 2026-06-04T05:46:28+00:00
CONTAINER ID   NAME       CPU %     MEM USAGE / LIMIT     MEM %     NET I/O   BLOCK I/O         PIDS
4c8918896d0b   database   22.82%    102.5MiB / 3.762GiB   2.66%     0B / 0B   59.9MB / 7.09MB   21
371269d194bc   swss       107.48%   184.1MiB / 3.762GiB   4.78%     0B / 0B   40MB / 47.6MB     62
3f8b3ff7e0c0   syncd      0.90%     91.79MiB / 3.762GiB   2.38%     0B / 0B   64MB / 7.3MB      41
09ceb1ab8951   bgp        0.08%     118.1MiB / 3.762GiB   3.07%     0B / 0B   32.7MB / 7.29MB   29
### 2026-06-04T05:46:31+00:00
CONTAINER ID   NAME       CPU %     MEM USAGE / LIMIT     MEM %     NET I/O   BLOCK I/O         PIDS
4c8918896d0b   database   11.61%    101.6MiB / 3.762GiB   2.64%     0B / 0B   59.9MB / 7.09MB   21
371269d194bc   swss       101.28%   180.5MiB / 3.762GiB   4.69%     0B / 0B   40MB / 47.6MB     62
3f8b3ff7e0c0   syncd      0.46%     91.79MiB / 3.762GiB   2.38%     0B / 0B   64MB / 7.3MB      41
09ceb1ab8951   bgp        0.47%     118.3MiB / 3.762GiB   3.07%     0B / 0B   32.7MB / 7.29MB   29
### 2026-06-04T05:46:35+00:00
CONTAINER ID   NAME       CPU %     MEM USAGE / LIMIT     MEM %     NET I/O   BLOCK I/O         PIDS
4c8918896d0b   database   7.50%     102.6MiB / 3.762GiB   2.66%     0B / 0B   59.9MB / 7.09MB   21
371269d194bc   swss       109.04%   207.6MiB / 3.762GiB   5.39%     0B / 0B   40MB / 48.4MB     62
3f8b3ff7e0c0   syncd      1.54%     91.79MiB / 3.762GiB   2.38%     0B / 0B   64MB / 7.3MB      41
09ceb1ab8951   bgp        0.24%     118.2MiB / 3.762GiB   3.07%     0B / 0B   32.7MB / 7.29MB   29
### 2026-06-04T05:46:39+00:00
CONTAINER ID   NAME       CPU %     MEM USAGE / LIMIT     MEM %     NET I/O   BLOCK I/O         PIDS
4c8918896d0b   database   9.15%     102.6MiB / 3.762GiB   2.66%     0B / 0B   59.9MB / 7.09MB   21
371269d194bc   swss       106.75%   213.9MiB / 3.762GiB   5.55%     0B / 0B   40MB / 48.4MB     62
3f8b3ff7e0c0   syncd      0.48%     91.79MiB / 3.762GiB   2.38%     0B / 0B   64MB / 7.3MB      41
09ceb1ab8951   bgp        0.21%     118.1MiB / 3.762GiB   3.07%     0B / 0B   32.7MB / 7.29MB   29
### 2026-06-04T05:46:43+00:00
CONTAINER ID   NAME       CPU %     MEM USAGE / LIMIT     MEM %     NET I/O   BLOCK I/O         PIDS
4c8918896d0b   database   5.87%     101.9MiB / 3.762GiB   2.64%     0B / 0B   59.9MB / 7.09MB   21
371269d194bc   swss       114.30%   187.8MiB / 3.762GiB   4.88%     0B / 0B   40MB / 48.4MB     62
3f8b3ff7e0c0   syncd      0.52%     91.79MiB / 3.762GiB   2.38%     0B / 0B   64MB / 7.3MB      41
09ceb1ab8951   bgp        0.07%     118.1MiB / 3.762GiB   3.07%     0B / 0B   32.7MB / 7.29MB   29
### 2026-06-04T05:46:47+00:00
CONTAINER ID   NAME       CPU %     MEM USAGE / LIMIT     MEM %     NET I/O   BLOCK I/O         PIDS
4c8918896d0b   database   5.47%     102.4MiB / 3.762GiB   2.66%     0B / 0B   59.9MB / 7.09MB   21
371269d194bc   swss       107.63%   170.9MiB / 3.762GiB   4.44%     0B / 0B   40MB / 48.4MB     62
3f8b3ff7e0c0   syncd      0.60%     91.79MiB / 3.762GiB   2.38%     0B / 0B   64MB / 7.3MB      41
09ceb1ab8951   bgp        0.19%     118.4MiB / 3.762GiB   3.07%     0B / 0B   32.7MB / 7.29MB   29
### 2026-06-04T05:46:50+00:00
CONTAINER ID   NAME       CPU %     MEM USAGE / LIMIT     MEM %     NET I/O   BLOCK I/O         PIDS
4c8918896d0b   database   3.65%     101.5MiB / 3.762GiB   2.63%     0B / 0B   59.9MB / 7.09MB   21
371269d194bc   swss       104.61%   182.2MiB / 3.762GiB   4.73%     0B / 0B   40MB / 48.4MB     62
3f8b3ff7e0c0   syncd      0.56%     91.79MiB / 3.762GiB   2.38%     0B / 0B   64MB / 7.3MB      41
09ceb1ab8951   bgp        0.11%     118.2MiB / 3.762GiB   3.07%     0B / 0B   32.7MB / 7.29MB   29
### 2026-06-04T05:46:54+00:00
CONTAINER ID   NAME       CPU %     MEM USAGE / LIMIT     MEM %     NET I/O   BLOCK I/O         PIDS
4c8918896d0b   database   13.05%    101.8MiB / 3.762GiB   2.64%     0B / 0B   59.9MB / 7.09MB   21
371269d194bc   swss       101.48%   173.5MiB / 3.762GiB   4.50%     0B / 0B   40MB / 48.4MB     62
3f8b3ff7e0c0   syncd      1.11%     92.04MiB / 3.762GiB   2.39%     0B / 0B   64MB / 7.3MB      41
09ceb1ab8951   bgp        0.23%     118.2MiB / 3.762GiB   3.07%     0B / 0B   32.7MB / 7.29MB   29
### 2026-06-04T05:46:59+00:00
CONTAINER ID   NAME       CPU %     MEM USAGE / LIMIT     MEM %     NET I/O   BLOCK I/O         PIDS
4c8918896d0b   database   9.29%     102.1MiB / 3.762GiB   2.65%     0B / 0B   59.9MB / 7.09MB   21
371269d194bc   swss       102.42%   170.1MiB / 3.762GiB   4.41%     0B / 0B   40MB / 48.4MB     62
3f8b3ff7e0c0   syncd      0.96%     91.79MiB / 3.762GiB   2.38%     0B / 0B   64MB / 7.3MB      41
09ceb1ab8951   bgp        0.61%     118.4MiB / 3.762GiB   3.07%     0B / 0B   32.7MB / 7.29MB   29
### 2026-06-04T05:47:03+00:00
CONTAINER ID   NAME       CPU %     MEM USAGE / LIMIT     MEM %     NET I/O   BLOCK I/O         PIDS
4c8918896d0b   database   9.70%     101.3MiB / 3.762GiB   2.63%     0B / 0B   59.9MB / 7.09MB   21
371269d194bc   swss       93.37%    168.6MiB / 3.762GiB   4.38%     0B / 0B   40MB / 48.4MB     62
3f8b3ff7e0c0   syncd      0.76%     91.79MiB / 3.762GiB   2.38%     0B / 0B   64MB / 7.3MB      41
09ceb1ab8951   bgp        0.07%     118.2MiB / 3.762GiB   3.07%     0B / 0B   32.7MB / 7.29MB   29
### 2026-06-04T05:47:07+00:00
CONTAINER ID   NAME       CPU %     MEM USAGE / LIMIT     MEM %     NET I/O   BLOCK I/O         PIDS
4c8918896d0b   database   8.34%     102.1MiB / 3.762GiB   2.65%     0B / 0B   59.9MB / 7.09MB   21
371269d194bc   swss       73.26%    181.2MiB / 3.762GiB   4.70%     0B / 0B   40MB / 48.4MB     62
3f8b3ff7e0c0   syncd      1.39%     91.79MiB / 3.762GiB   2.38%     0B / 0B   64MB / 7.3MB      41
09ceb1ab8951   bgp        0.07%     118.2MiB / 3.762GiB   3.07%     0B / 0B   32.7MB / 7.29MB   29
### 2026-06-04T05:47:11+00:00
CONTAINER ID   NAME       CPU %     MEM USAGE / LIMIT     MEM %     NET I/O   BLOCK I/O         PIDS
4c8918896d0b   database   52.77%    101.5MiB / 3.762GiB   2.63%     0B / 0B   59.9MB / 7.09MB   21
371269d194bc   swss       114.61%   210.5MiB / 3.762GiB   5.46%     0B / 0B   40MB / 48.9MB     62
3f8b3ff7e0c0   syncd      0.53%     91.79MiB / 3.762GiB   2.38%     0B / 0B   64MB / 7.3MB      41
09ceb1ab8951   bgp        0.72%     118.3MiB / 3.762GiB   3.07%     0B / 0B   32.7MB / 7.29MB   29
### 2026-06-04T05:47:15+00:00
CONTAINER ID   NAME       CPU %     MEM USAGE / LIMIT     MEM %     NET I/O   BLOCK I/O         PIDS
4c8918896d0b   database   76.70%    101.9MiB / 3.762GiB   2.65%     0B / 0B   59.9MB / 7.09MB   21
371269d194bc   swss       138.97%   203.2MiB / 3.762GiB   5.27%     0B / 0B   40MB / 48.9MB     62
3f8b3ff7e0c0   syncd      2.61%     91.79MiB / 3.762GiB   2.38%     0B / 0B   64MB / 7.3MB      41
09ceb1ab8951   bgp        0.80%     118.1MiB / 3.762GiB   3.07%     0B / 0B   32.7MB / 7.29MB   29
### 2026-06-04T05:47:19+00:00
CONTAINER ID   NAME       CPU %     MEM USAGE / LIMIT     MEM %     NET I/O   BLOCK I/O         PIDS
4c8918896d0b   database   98.40%    101.7MiB / 3.762GiB   2.64%     0B / 0B   59.9MB / 7.09MB   21
371269d194bc   swss       220.53%   198.1MiB / 3.762GiB   5.14%     0B / 0B   40MB / 48.9MB     62
3f8b3ff7e0c0   syncd      1.67%     91.79MiB / 3.762GiB   2.38%     0B / 0B   64MB / 7.3MB      41
09ceb1ab8951   bgp        0.17%     118.1MiB / 3.762GiB   3.07%     0B / 0B   32.7MB / 7.29MB   29
### 2026-06-04T05:47:23+00:00
CONTAINER ID   NAME       CPU %     MEM USAGE / LIMIT     MEM %     NET I/O   BLOCK I/O         PIDS
4c8918896d0b   database   10.20%    101.9MiB / 3.762GiB   2.64%     0B / 0B   59.9MB / 7.09MB   21
371269d194bc   swss       100.86%   182.6MiB / 3.762GiB   4.74%     0B / 0B   40MB / 48.9MB     62
3f8b3ff7e0c0   syncd      0.63%     91.79MiB / 3.762GiB   2.38%     0B / 0B   64MB / 7.3MB      41
09ceb1ab8951   bgp        0.28%     118.3MiB / 3.762GiB   3.07%     0B / 0B   32.7MB / 7.29MB   29
### 2026-06-04T05:47:27+00:00
CONTAINER ID   NAME       CPU %     MEM USAGE / LIMIT     MEM %     NET I/O   BLOCK I/O         PIDS
4c8918896d0b   database   6.39%     101.8MiB / 3.762GiB   2.64%     0B / 0B   59.9MB / 7.09MB   21
371269d194bc   swss       108.20%   197.6MiB / 3.762GiB   5.13%     0B / 0B   40MB / 48.9MB     62
3f8b3ff7e0c0   syncd      1.09%     91.79MiB / 3.762GiB   2.38%     0B / 0B   64MB / 7.3MB      41
09ceb1ab8951   bgp        15.41%    118.2MiB / 3.762GiB   3.07%     0B / 0B   32.7MB / 7.29MB   29
### 2026-06-04T05:47:31+00:00
CONTAINER ID   NAME       CPU %     MEM USAGE / LIMIT     MEM %     NET I/O   BLOCK I/O         PIDS
4c8918896d0b   database   5.07%     100.8MiB / 3.762GiB   2.62%     0B / 0B   59.9MB / 7.09MB   21
371269d194bc   swss       122.40%   195.8MiB / 3.762GiB   5.08%     0B / 0B   40MB / 49MB       62
3f8b3ff7e0c0   syncd      0.82%     91.79MiB / 3.762GiB   2.38%     0B / 0B   64MB / 7.3MB      41
09ceb1ab8951   bgp        0.17%     118.2MiB / 3.762GiB   3.07%     0B / 0B   32.7MB / 7.29MB   29
### 2026-06-04T05:47:35+00:00
CONTAINER ID   NAME       CPU %     MEM USAGE / LIMIT     MEM %     NET I/O   BLOCK I/O         PIDS
4c8918896d0b   database   7.26%     100.8MiB / 3.762GiB   2.62%     0B / 0B   59.9MB / 7.09MB   21
371269d194bc   swss       115.51%   203.8MiB / 3.762GiB   5.29%     0B / 0B   40MB / 49MB       62
3f8b3ff7e0c0   syncd      1.73%     91.79MiB / 3.762GiB   2.38%     0B / 0B   64MB / 7.3MB      41
09ceb1ab8951   bgp        0.14%     118.2MiB / 3.762GiB   3.07%     0B / 0B   32.7MB / 7.29MB   29
### 2026-06-04T05:47:39+00:00
CONTAINER ID   NAME       CPU %     MEM USAGE / LIMIT     MEM %     NET I/O   BLOCK I/O         PIDS
4c8918896d0b   database   6.29%     102MiB / 3.762GiB     2.65%     0B / 0B   59.9MB / 7.09MB   21
371269d194bc   swss       114.14%   209.1MiB / 3.762GiB   5.43%     0B / 0B   40MB / 49MB       62
3f8b3ff7e0c0   syncd      0.51%     91.79MiB / 3.762GiB   2.38%     0B / 0B   64MB / 7.3MB      41
09ceb1ab8951   bgp        0.80%     118.3MiB / 3.762GiB   3.07%     0B / 0B   32.7MB / 7.29MB   29
### 2026-06-04T05:47:43+00:00
CONTAINER ID   NAME       CPU %     MEM USAGE / LIMIT     MEM %     NET I/O   BLOCK I/O         PIDS
4c8918896d0b   database   5.64%     101.8MiB / 3.762GiB   2.64%     0B / 0B   59.9MB / 7.09MB   21
371269d194bc   swss       116.27%   178MiB / 3.762GiB     4.62%     0B / 0B   40MB / 49.4MB     62
3f8b3ff7e0c0   syncd      0.60%     91.79MiB / 3.762GiB   2.38%     0B / 0B   64MB / 7.3MB      41
09ceb1ab8951   bgp        25.26%    118.2MiB / 3.762GiB   3.07%     0B / 0B   32.7MB / 7.29MB   29
### 2026-06-04T05:47:47+00:00
CONTAINER ID   NAME       CPU %     MEM USAGE / LIMIT     MEM %     NET I/O   BLOCK I/O         PIDS
4c8918896d0b   database   6.26%     102MiB / 3.762GiB     2.65%     0B / 0B   59.9MB / 7.09MB   21
371269d194bc   swss       107.67%   206.7MiB / 3.762GiB   5.37%     0B / 0B   40MB / 49.4MB     62
3f8b3ff7e0c0   syncd      1.18%     91.79MiB / 3.762GiB   2.38%     0B / 0B   64MB / 7.3MB      41
09ceb1ab8951   bgp        0.07%     118.2MiB / 3.762GiB   3.07%     0B / 0B   32.7MB / 7.29MB   29
### 2026-06-04T05:47:51+00:00
CONTAINER ID   NAME       CPU %     MEM USAGE / LIMIT     MEM %     NET I/O   BLOCK I/O         PIDS
4c8918896d0b   database   9.26%     102.2MiB / 3.762GiB   2.65%     0B / 0B   59.9MB / 7.09MB   21
371269d194bc   swss       116.32%   183.5MiB / 3.762GiB   4.76%     0B / 0B   40MB / 49.4MB     62
3f8b3ff7e0c0   syncd      0.44%     91.79MiB / 3.762GiB   2.38%     0B / 0B   64MB / 7.3MB      41
09ceb1ab8951   bgp        0.30%     118.4MiB / 3.762GiB   3.07%     0B / 0B   32.7MB / 7.29MB   29
### 2026-06-04T05:47:55+00:00
CONTAINER ID   NAME       CPU %     MEM USAGE / LIMIT     MEM %     NET I/O   BLOCK I/O         PIDS
4c8918896d0b   database   17.47%    102.3MiB / 3.762GiB   2.66%     0B / 0B   59.9MB / 7.09MB   21
371269d194bc   swss       123.72%   210.2MiB / 3.762GiB   5.46%     0B / 0B   40MB / 49.4MB     62
3f8b3ff7e0c0   syncd      1.64%     91.79MiB / 3.762GiB   2.38%     0B / 0B   64MB / 7.3MB      41
09ceb1ab8951   bgp        0.79%     118.2MiB / 3.762GiB   3.07%     0B / 0B   32.7MB / 7.29MB   29
### 2026-06-04T05:47:59+00:00
CONTAINER ID   NAME       CPU %     MEM USAGE / LIMIT     MEM %     NET I/O   BLOCK I/O         PIDS
4c8918896d0b   database   16.12%    102.4MiB / 3.762GiB   2.66%     0B / 0B   59.9MB / 7.09MB   21
371269d194bc   swss       108.00%   199.5MiB / 3.762GiB   5.18%     0B / 0B   40MB / 49.4MB     62
3f8b3ff7e0c0   syncd      0.48%     91.79MiB / 3.762GiB   2.38%     0B / 0B   64MB / 7.3MB      41
09ceb1ab8951   bgp        0.06%     118.2MiB / 3.762GiB   3.07%     0B / 0B   32.7MB / 7.29MB   29
### 2026-06-04T05:48:02+00:00
CONTAINER ID   NAME       CPU %     MEM USAGE / LIMIT     MEM %     NET I/O   BLOCK I/O         PIDS
4c8918896d0b   database   5.96%     102.3MiB / 3.762GiB   2.65%     0B / 0B   59.9MB / 7.09MB   21
371269d194bc   swss       87.80%    190.3MiB / 3.762GiB   4.94%     0B / 0B   40MB / 49.4MB     62
3f8b3ff7e0c0   syncd      0.53%     91.79MiB / 3.762GiB   2.38%     0B / 0B   64MB / 7.3MB      41
09ceb1ab8951   bgp        0.08%     118.2MiB / 3.762GiB   3.07%     0B / 0B   32.7MB / 7.29MB   29
### 2026-06-04T05:48:06+00:00
CONTAINER ID   NAME       CPU %     MEM USAGE / LIMIT     MEM %     NET I/O   BLOCK I/O         PIDS
4c8918896d0b   database   9.84%     102.3MiB / 3.762GiB   2.66%     0B / 0B   59.9MB / 7.09MB   21
371269d194bc   swss       83.07%    185.3MiB / 3.762GiB   4.81%     0B / 0B   40MB / 49.4MB     62
3f8b3ff7e0c0   syncd      1.20%     91.79MiB / 3.762GiB   2.38%     0B / 0B   64MB / 7.3MB      41
09ceb1ab8951   bgp        0.47%     118.2MiB / 3.762GiB   3.07%     0B / 0B   32.7MB / 7.29MB   29
### 2026-06-04T05:48:11+00:00
CONTAINER ID   NAME       CPU %     MEM USAGE / LIMIT     MEM %     NET I/O   BLOCK I/O         PIDS
4c8918896d0b   database   15.00%    100.8MiB / 3.762GiB   2.62%     0B / 0B   59.9MB / 7.09MB   21
371269d194bc   swss       110.57%   185MiB / 3.762GiB     4.80%     0B / 0B   40MB / 49.4MB     62
3f8b3ff7e0c0   syncd      0.56%     91.79MiB / 3.762GiB   2.38%     0B / 0B   64MB / 7.3MB      41
09ceb1ab8951   bgp        0.10%     118.2MiB / 3.762GiB   3.07%     0B / 0B   32.7MB / 7.29MB   29
### 2026-06-04T05:48:15+00:00
CONTAINER ID   NAME       CPU %     MEM USAGE / LIMIT     MEM %     NET I/O   BLOCK I/O         PIDS
4c8918896d0b   database   11.13%    102MiB / 3.762GiB     2.65%     0B / 0B   59.9MB / 7.09MB   21
371269d194bc   swss       107.97%   190.1MiB / 3.762GiB   4.94%     0B / 0B   40MB / 49.8MB     62
3f8b3ff7e0c0   syncd      0.49%     91.79MiB / 3.762GiB   2.38%     0B / 0B   64MB / 7.3MB      41
09ceb1ab8951   bgp        0.10%     118.2MiB / 3.762GiB   3.07%     0B / 0B   32.7MB / 7.29MB   29
### 2026-06-04T05:48:18+00:00
CONTAINER ID   NAME       CPU %     MEM USAGE / LIMIT     MEM %     NET I/O   BLOCK I/O         PIDS
4c8918896d0b   database   15.03%    102.3MiB / 3.762GiB   2.66%     0B / 0B   59.9MB / 7.09MB   21
371269d194bc   swss       102.09%   192.4MiB / 3.762GiB   5.00%     0B / 0B   40MB / 49.8MB     62
3f8b3ff7e0c0   syncd      0.79%     91.79MiB / 3.762GiB   2.38%     0B / 0B   64MB / 7.3MB      41
09ceb1ab8951   bgp        0.28%     118.4MiB / 3.762GiB   3.07%     0B / 0B   32.7MB / 7.29MB   29
### 2026-06-04T05:48:22+00:00
CONTAINER ID   NAME       CPU %     MEM USAGE / LIMIT     MEM %     NET I/O   BLOCK I/O         PIDS
4c8918896d0b   database   14.36%    102.1MiB / 3.762GiB   2.65%     0B / 0B   59.9MB / 7.09MB   21
371269d194bc   swss       123.00%   204.3MiB / 3.762GiB   5.30%     0B / 0B   40MB / 49.8MB     62
3f8b3ff7e0c0   syncd      1.43%     91.79MiB / 3.762GiB   2.38%     0B / 0B   64MB / 7.3MB      41
09ceb1ab8951   bgp        0.06%     118.2MiB / 3.762GiB   3.07%     0B / 0B   32.7MB / 7.29MB   29
### 2026-06-04T05:48:26+00:00
CONTAINER ID   NAME       CPU %     MEM USAGE / LIMIT     MEM %     NET I/O   BLOCK I/O         PIDS
4c8918896d0b   database   9.44%     102.2MiB / 3.762GiB   2.65%     0B / 0B   59.9MB / 7.09MB   21
371269d194bc   swss       119.22%   180.6MiB / 3.762GiB   4.69%     0B / 0B   40MB / 49.8MB     62
3f8b3ff7e0c0   syncd      2.79%     91.79MiB / 3.762GiB   2.38%     0B / 0B   64MB / 7.3MB      41
09ceb1ab8951   bgp        0.10%     118.2MiB / 3.762GiB   3.07%     0B / 0B   32.7MB / 7.29MB   29
