### 2026-06-04T06:36:22+00:00
CONTAINER ID   NAME       CPU %     MEM USAGE / LIMIT     MEM %     NET I/O   BLOCK I/O         PIDS
4c8918896d0b   database   56.70%    100MiB / 3.762GiB     2.60%     0B / 0B   59.9MB / 7.09MB   21
371269d194bc   swss       82.59%    193.1MiB / 3.762GiB   5.01%     0B / 0B   40MB / 60.7MB     62
3f8b3ff7e0c0   syncd      2.10%     91.79MiB / 3.762GiB   2.38%     0B / 0B   64MB / 7.3MB      41
09ceb1ab8951   bgp        0.11%     118.3MiB / 3.762GiB   3.07%     0B / 0B   32.7MB / 7.33MB   29
### 2026-06-04T06:36:27+00:00
CONTAINER ID   NAME       CPU %     MEM USAGE / LIMIT     MEM %     NET I/O   BLOCK I/O         PIDS
4c8918896d0b   database   36.99%    102.1MiB / 3.762GiB   2.65%     0B / 0B   59.9MB / 7.09MB   21
371269d194bc   swss       73.17%    191.2MiB / 3.762GiB   4.96%     0B / 0B   40MB / 60.7MB     62
3f8b3ff7e0c0   syncd      2.46%     91.79MiB / 3.762GiB   2.38%     0B / 0B   64MB / 7.3MB      41
09ceb1ab8951   bgp        0.73%     118.6MiB / 3.762GiB   3.08%     0B / 0B   32.7MB / 7.33MB   29
### 2026-06-04T06:36:31+00:00
CONTAINER ID   NAME       CPU %     MEM USAGE / LIMIT     MEM %     NET I/O   BLOCK I/O         PIDS
4c8918896d0b   database   68.05%    102.6MiB / 3.762GiB   2.66%     0B / 0B   59.9MB / 7.09MB   21
371269d194bc   swss       110.66%   201.6MiB / 3.762GiB   5.23%     0B / 0B   40MB / 60.7MB     62
3f8b3ff7e0c0   syncd      0.75%     91.79MiB / 3.762GiB   2.38%     0B / 0B   64MB / 7.3MB      41
09ceb1ab8951   bgp        22.84%    118.3MiB / 3.762GiB   3.07%     0B / 0B   32.7MB / 7.33MB   29
### 2026-06-04T06:36:35+00:00
CONTAINER ID   NAME       CPU %     MEM USAGE / LIMIT     MEM %     NET I/O   BLOCK I/O         PIDS
4c8918896d0b   database   66.65%    103.7MiB / 3.762GiB   2.69%     0B / 0B   59.9MB / 7.09MB   21
371269d194bc   swss       123.23%   189.7MiB / 3.762GiB   4.93%     0B / 0B   40MB / 60.7MB     62
3f8b3ff7e0c0   syncd      0.70%     91.79MiB / 3.762GiB   2.38%     0B / 0B   64MB / 7.3MB      41
09ceb1ab8951   bgp        0.11%     118.3MiB / 3.762GiB   3.07%     0B / 0B   32.7MB / 7.33MB   29
### 2026-06-04T06:36:39+00:00
CONTAINER ID   NAME       CPU %     MEM USAGE / LIMIT     MEM %     NET I/O   BLOCK I/O         PIDS
4c8918896d0b   database   68.87%    105.3MiB / 3.762GiB   2.73%     0B / 0B   59.9MB / 7.09MB   21
371269d194bc   swss       111.26%   229.4MiB / 3.762GiB   5.96%     0B / 0B   40MB / 60.7MB     62
3f8b3ff7e0c0   syncd      0.73%     91.79MiB / 3.762GiB   2.38%     0B / 0B   64MB / 7.3MB      41
09ceb1ab8951   bgp        0.09%     118.3MiB / 3.762GiB   3.07%     0B / 0B   32.7MB / 7.33MB   29
### 2026-06-04T06:36:43+00:00
CONTAINER ID   NAME       CPU %     MEM USAGE / LIMIT     MEM %     NET I/O   BLOCK I/O         PIDS
4c8918896d0b   database   59.69%    105.3MiB / 3.762GiB   2.73%     0B / 0B   59.9MB / 7.09MB   21
371269d194bc   swss       117.38%   209.1MiB / 3.762GiB   5.43%     0B / 0B   40MB / 60.7MB     62
3f8b3ff7e0c0   syncd      0.58%     91.8MiB / 3.762GiB    2.38%     0B / 0B   64MB / 7.3MB      41
09ceb1ab8951   bgp        0.80%     118.3MiB / 3.762GiB   3.07%     0B / 0B   32.7MB / 7.33MB   29
### 2026-06-04T06:36:47+00:00
CONTAINER ID   NAME       CPU %     MEM USAGE / LIMIT     MEM %     NET I/O   BLOCK I/O         PIDS
4c8918896d0b   database   61.29%    108.3MiB / 3.762GiB   2.81%     0B / 0B   59.9MB / 7.09MB   21
371269d194bc   swss       115.39%   193.2MiB / 3.762GiB   5.01%     0B / 0B   40MB / 60.7MB     62
3f8b3ff7e0c0   syncd      1.69%     91.79MiB / 3.762GiB   2.38%     0B / 0B   64MB / 7.3MB      41
09ceb1ab8951   bgp        0.07%     118.3MiB / 3.762GiB   3.07%     0B / 0B   32.7MB / 7.33MB   29
### 2026-06-04T06:36:52+00:00
CONTAINER ID   NAME       CPU %     MEM USAGE / LIMIT     MEM %     NET I/O   BLOCK I/O         PIDS
4c8918896d0b   database   64.03%    110.5MiB / 3.762GiB   2.87%     0B / 0B   59.9MB / 7.09MB   21
371269d194bc   swss       106.69%   209.6MiB / 3.762GiB   5.44%     0B / 0B   40MB / 60.7MB     62
3f8b3ff7e0c0   syncd      0.65%     91.79MiB / 3.762GiB   2.38%     0B / 0B   64MB / 7.3MB      41
09ceb1ab8951   bgp        0.16%     118.3MiB / 3.762GiB   3.07%     0B / 0B   32.7MB / 7.33MB   29
### 2026-06-04T06:36:56+00:00
CONTAINER ID   NAME       CPU %     MEM USAGE / LIMIT     MEM %     NET I/O   BLOCK I/O         PIDS
4c8918896d0b   database   9.56%     113.5MiB / 3.762GiB   2.95%     0B / 0B   59.9MB / 7.09MB   21
371269d194bc   swss       108.20%   188.5MiB / 3.762GiB   4.89%     0B / 0B   40MB / 60.7MB     62
3f8b3ff7e0c0   syncd      0.49%     91.79MiB / 3.762GiB   2.38%     0B / 0B   64MB / 7.3MB      41
09ceb1ab8951   bgp        0.12%     118.6MiB / 3.762GiB   3.08%     0B / 0B   32.7MB / 7.33MB   29
### 2026-06-04T06:37:00+00:00
CONTAINER ID   NAME       CPU %     MEM USAGE / LIMIT     MEM %     NET I/O   BLOCK I/O         PIDS
4c8918896d0b   database   13.41%    115.3MiB / 3.762GiB   2.99%     0B / 0B   59.9MB / 7.09MB   21
371269d194bc   swss       122.29%   211.9MiB / 3.762GiB   5.50%     0B / 0B   40MB / 60.7MB     62
3f8b3ff7e0c0   syncd      0.64%     91.79MiB / 3.762GiB   2.38%     0B / 0B   64MB / 7.3MB      41
09ceb1ab8951   bgp        0.15%     118.3MiB / 3.762GiB   3.07%     0B / 0B   32.7MB / 7.33MB   29
### 2026-06-04T06:37:04+00:00
CONTAINER ID   NAME       CPU %     MEM USAGE / LIMIT     MEM %     NET I/O   BLOCK I/O         PIDS
4c8918896d0b   database   5.63%     112.1MiB / 3.762GiB   2.91%     0B / 0B   59.9MB / 7.09MB   21
371269d194bc   swss       110.48%   210MiB / 3.762GiB     5.45%     0B / 0B   40MB / 61MB       62
3f8b3ff7e0c0   syncd      0.76%     91.79MiB / 3.762GiB   2.38%     0B / 0B   64MB / 7.3MB      41
09ceb1ab8951   bgp        0.20%     118.3MiB / 3.762GiB   3.07%     0B / 0B   32.7MB / 7.33MB   29
### 2026-06-04T06:37:08+00:00
CONTAINER ID   NAME       CPU %     MEM USAGE / LIMIT     MEM %     NET I/O   BLOCK I/O         PIDS
4c8918896d0b   database   8.89%     113.8MiB / 3.762GiB   2.95%     0B / 0B   59.9MB / 7.09MB   21
371269d194bc   swss       126.81%   218.9MiB / 3.762GiB   5.68%     0B / 0B   40MB / 61MB       62
3f8b3ff7e0c0   syncd      1.88%     91.8MiB / 3.762GiB    2.38%     0B / 0B   64MB / 7.3MB      41
09ceb1ab8951   bgp        0.10%     118.6MiB / 3.762GiB   3.08%     0B / 0B   32.7MB / 7.33MB   29
### 2026-06-04T06:37:11+00:00
CONTAINER ID   NAME       CPU %     MEM USAGE / LIMIT     MEM %     NET I/O   BLOCK I/O         PIDS
4c8918896d0b   database   11.03%    112MiB / 3.762GiB     2.91%     0B / 0B   59.9MB / 7.09MB   21
371269d194bc   swss       100.63%   211.4MiB / 3.762GiB   5.49%     0B / 0B   40MB / 61MB       62
3f8b3ff7e0c0   syncd      0.78%     91.79MiB / 3.762GiB   2.38%     0B / 0B   64MB / 7.3MB      41
09ceb1ab8951   bgp        0.07%     118.3MiB / 3.762GiB   3.07%     0B / 0B   32.7MB / 7.33MB   29
### 2026-06-04T06:37:15+00:00
CONTAINER ID   NAME       CPU %     MEM USAGE / LIMIT     MEM %     NET I/O   BLOCK I/O         PIDS
4c8918896d0b   database   15.55%    113.4MiB / 3.762GiB   2.94%     0B / 0B   59.9MB / 7.09MB   21
371269d194bc   swss       109.11%   208.2MiB / 3.762GiB   5.40%     0B / 0B   40MB / 61MB       62
3f8b3ff7e0c0   syncd      0.54%     91.79MiB / 3.762GiB   2.38%     0B / 0B   64MB / 7.3MB      41
09ceb1ab8951   bgp        0.10%     118.3MiB / 3.762GiB   3.07%     0B / 0B   32.7MB / 7.33MB   29
### 2026-06-04T06:37:19+00:00
CONTAINER ID   NAME       CPU %     MEM USAGE / LIMIT     MEM %     NET I/O   BLOCK I/O         PIDS
4c8918896d0b   database   10.66%    113.5MiB / 3.762GiB   2.95%     0B / 0B   59.9MB / 7.09MB   21
371269d194bc   swss       113.58%   224.4MiB / 3.762GiB   5.82%     0B / 0B   40MB / 61MB       62
3f8b3ff7e0c0   syncd      1.06%     91.79MiB / 3.762GiB   2.38%     0B / 0B   64MB / 7.3MB      41
09ceb1ab8951   bgp        0.17%     118.4MiB / 3.762GiB   3.07%     0B / 0B   32.7MB / 7.33MB   29
### 2026-06-04T06:37:23+00:00
CONTAINER ID   NAME       CPU %     MEM USAGE / LIMIT     MEM %     NET I/O   BLOCK I/O         PIDS
4c8918896d0b   database   4.38%     111.7MiB / 3.762GiB   2.90%     0B / 0B   59.9MB / 7.09MB   21
371269d194bc   swss       80.33%    212.9MiB / 3.762GiB   5.53%     0B / 0B   40MB / 61MB       62
3f8b3ff7e0c0   syncd      0.87%     91.79MiB / 3.762GiB   2.38%     0B / 0B   64MB / 7.3MB      41
09ceb1ab8951   bgp        0.11%     118.3MiB / 3.762GiB   3.07%     0B / 0B   32.7MB / 7.33MB   29
### 2026-06-04T06:37:28+00:00
CONTAINER ID   NAME       CPU %     MEM USAGE / LIMIT     MEM %     NET I/O   BLOCK I/O         PIDS
4c8918896d0b   database   65.41%    111.9MiB / 3.762GiB   2.90%     0B / 0B   59.9MB / 7.09MB   21
371269d194bc   swss       123.60%   207.9MiB / 3.762GiB   5.40%     0B / 0B   40MB / 61MB       62
3f8b3ff7e0c0   syncd      0.86%     91.8MiB / 3.762GiB    2.38%     0B / 0B   64MB / 7.3MB      41
09ceb1ab8951   bgp        0.16%     118.3MiB / 3.762GiB   3.07%     0B / 0B   32.7MB / 7.33MB   29
### 2026-06-04T06:37:32+00:00
CONTAINER ID   NAME       CPU %     MEM USAGE / LIMIT     MEM %     NET I/O   BLOCK I/O         PIDS
4c8918896d0b   database   53.91%    110.2MiB / 3.762GiB   2.86%     0B / 0B   59.9MB / 7.09MB   21
371269d194bc   swss       127.91%   208.3MiB / 3.762GiB   5.41%     0B / 0B   40MB / 61MB       62
3f8b3ff7e0c0   syncd      0.78%     91.8MiB / 3.762GiB    2.38%     0B / 0B   64MB / 7.3MB      41
09ceb1ab8951   bgp        3.80%     118.6MiB / 3.762GiB   3.08%     0B / 0B   32.7MB / 7.33MB   29
### 2026-06-04T06:37:36+00:00
CONTAINER ID   NAME       CPU %     MEM USAGE / LIMIT     MEM %     NET I/O   BLOCK I/O         PIDS
4c8918896d0b   database   50.19%    111.7MiB / 3.762GiB   2.90%     0B / 0B   59.9MB / 7.09MB   21
371269d194bc   swss       109.48%   193.6MiB / 3.762GiB   5.03%     0B / 0B   40MB / 61MB       62
3f8b3ff7e0c0   syncd      1.94%     91.8MiB / 3.762GiB    2.38%     0B / 0B   64MB / 7.3MB      41
09ceb1ab8951   bgp        0.07%     118.3MiB / 3.762GiB   3.07%     0B / 0B   32.7MB / 7.33MB   29
### 2026-06-04T06:37:41+00:00
CONTAINER ID   NAME       CPU %     MEM USAGE / LIMIT     MEM %     NET I/O   BLOCK I/O         PIDS
4c8918896d0b   database   57.29%    111.6MiB / 3.762GiB   2.90%     0B / 0B   59.9MB / 7.09MB   21
371269d194bc   swss       111.12%   202.7MiB / 3.762GiB   5.26%     0B / 0B   40MB / 61MB       62
3f8b3ff7e0c0   syncd      0.68%     91.8MiB / 3.762GiB    2.38%     0B / 0B   64MB / 7.3MB      41
09ceb1ab8951   bgp        0.12%     118.3MiB / 3.762GiB   3.07%     0B / 0B   32.7MB / 7.33MB   29
### 2026-06-04T06:37:45+00:00
CONTAINER ID   NAME       CPU %     MEM USAGE / LIMIT     MEM %     NET I/O   BLOCK I/O         PIDS
4c8918896d0b   database   56.74%    111.6MiB / 3.762GiB   2.90%     0B / 0B   59.9MB / 7.09MB   21
371269d194bc   swss       124.01%   232.8MiB / 3.762GiB   6.04%     0B / 0B   40MB / 61.2MB     62
3f8b3ff7e0c0   syncd      0.57%     91.8MiB / 3.762GiB    2.38%     0B / 0B   64MB / 7.3MB      41
09ceb1ab8951   bgp        0.12%     118.3MiB / 3.762GiB   3.07%     0B / 0B   32.7MB / 7.33MB   29
### 2026-06-04T06:37:49+00:00
CONTAINER ID   NAME       CPU %     MEM USAGE / LIMIT     MEM %     NET I/O   BLOCK I/O         PIDS
4c8918896d0b   database   57.03%    111.6MiB / 3.762GiB   2.90%     0B / 0B   59.9MB / 7.09MB   21
371269d194bc   swss       98.09%    194MiB / 3.762GiB     5.03%     0B / 0B   40MB / 61.2MB     62
3f8b3ff7e0c0   syncd      1.37%     91.8MiB / 3.762GiB    2.38%     0B / 0B   64MB / 7.3MB      41
09ceb1ab8951   bgp        7.45%     120.1MiB / 3.762GiB   3.12%     0B / 0B   32.7MB / 7.33MB   39
### 2026-06-04T06:37:53+00:00
CONTAINER ID   NAME       CPU %     MEM USAGE / LIMIT     MEM %     NET I/O   BLOCK I/O         PIDS
4c8918896d0b   database   4.38%     111.4MiB / 3.762GiB   2.89%     0B / 0B   59.9MB / 7.09MB   21
371269d194bc   swss       120.20%   215.4MiB / 3.762GiB   5.59%     0B / 0B   40MB / 61.2MB     62
3f8b3ff7e0c0   syncd      0.72%     92.05MiB / 3.762GiB   2.39%     0B / 0B   64MB / 7.3MB      41
09ceb1ab8951   bgp        0.09%     118.3MiB / 3.762GiB   3.07%     0B / 0B   32.7MB / 7.33MB   29
### 2026-06-04T06:37:57+00:00
CONTAINER ID   NAME       CPU %     MEM USAGE / LIMIT     MEM %     NET I/O   BLOCK I/O         PIDS
4c8918896d0b   database   7.78%     111.6MiB / 3.762GiB   2.90%     0B / 0B   59.9MB / 7.09MB   21
371269d194bc   swss       98.51%    224.9MiB / 3.762GiB   5.84%     0B / 0B   40MB / 61.2MB     62
3f8b3ff7e0c0   syncd      1.26%     91.8MiB / 3.762GiB    2.38%     0B / 0B   64MB / 7.3MB      41
09ceb1ab8951   bgp        0.10%     118.3MiB / 3.762GiB   3.07%     0B / 0B   32.7MB / 7.33MB   29
### 2026-06-04T06:38:01+00:00
CONTAINER ID   NAME       CPU %     MEM USAGE / LIMIT     MEM %     NET I/O   BLOCK I/O         PIDS
4c8918896d0b   database   5.22%     111.5MiB / 3.762GiB   2.89%     0B / 0B   59.9MB / 7.09MB   21
371269d194bc   swss       110.54%   211.5MiB / 3.762GiB   5.49%     0B / 0B   40MB / 61.2MB     62
3f8b3ff7e0c0   syncd      0.52%     91.8MiB / 3.762GiB    2.38%     0B / 0B   64MB / 7.3MB      41
09ceb1ab8951   bgp        1.13%     118.3MiB / 3.762GiB   3.07%     0B / 0B   32.7MB / 7.33MB   29
### 2026-06-04T06:38:05+00:00
CONTAINER ID   NAME       CPU %     MEM USAGE / LIMIT     MEM %     NET I/O   BLOCK I/O         PIDS
4c8918896d0b   database   4.74%     109.4MiB / 3.762GiB   2.84%     0B / 0B   59.9MB / 7.09MB   21
371269d194bc   swss       109.99%   211.8MiB / 3.762GiB   5.50%     0B / 0B   40MB / 61.2MB     62
3f8b3ff7e0c0   syncd      0.78%     91.8MiB / 3.762GiB    2.38%     0B / 0B   64MB / 7.3MB      41
09ceb1ab8951   bgp        0.11%     118.3MiB / 3.762GiB   3.07%     0B / 0B   32.7MB / 7.33MB   29
### 2026-06-04T06:38:09+00:00
CONTAINER ID   NAME       CPU %     MEM USAGE / LIMIT     MEM %     NET I/O   BLOCK I/O         PIDS
4c8918896d0b   database   16.19%    111.3MiB / 3.762GiB   2.89%     0B / 0B   59.9MB / 7.09MB   21
371269d194bc   swss       119.50%   186.3MiB / 3.762GiB   4.83%     0B / 0B   40MB / 61.2MB     62
3f8b3ff7e0c0   syncd      0.56%     91.8MiB / 3.762GiB    2.38%     0B / 0B   64MB / 7.3MB      41
09ceb1ab8951   bgp        0.17%     118.3MiB / 3.762GiB   3.07%     0B / 0B   32.7MB / 7.33MB   29
### 2026-06-04T06:38:13+00:00
CONTAINER ID   NAME       CPU %     MEM USAGE / LIMIT     MEM %     NET I/O   BLOCK I/O         PIDS
4c8918896d0b   database   7.25%     111.1MiB / 3.762GiB   2.88%     0B / 0B   59.9MB / 7.09MB   21
371269d194bc   swss       107.42%   209.8MiB / 3.762GiB   5.45%     0B / 0B   40MB / 61.5MB     62
3f8b3ff7e0c0   syncd      0.71%     91.8MiB / 3.762GiB    2.38%     0B / 0B   64MB / 7.3MB      41
09ceb1ab8951   bgp        0.15%     118.6MiB / 3.762GiB   3.08%     0B / 0B   32.7MB / 7.33MB   29
### 2026-06-04T06:38:17+00:00
CONTAINER ID   NAME       CPU %     MEM USAGE / LIMIT     MEM %     NET I/O   BLOCK I/O         PIDS
4c8918896d0b   database   15.02%    111.2MiB / 3.762GiB   2.89%     0B / 0B   59.9MB / 7.09MB   21
371269d194bc   swss       116.43%   232.5MiB / 3.762GiB   6.04%     0B / 0B   40MB / 61.5MB     62
3f8b3ff7e0c0   syncd      2.76%     91.8MiB / 3.762GiB    2.38%     0B / 0B   64MB / 7.3MB      41
09ceb1ab8951   bgp        0.13%     118.3MiB / 3.762GiB   3.07%     0B / 0B   32.7MB / 7.33MB   29
### 2026-06-04T06:38:21+00:00
CONTAINER ID   NAME       CPU %     MEM USAGE / LIMIT     MEM %     NET I/O   BLOCK I/O         PIDS
4c8918896d0b   database   8.41%     109.3MiB / 3.762GiB   2.84%     0B / 0B   59.9MB / 7.09MB   21
371269d194bc   swss       76.43%    197.7MiB / 3.762GiB   5.13%     0B / 0B   40MB / 61.5MB     62
3f8b3ff7e0c0   syncd      0.75%     91.8MiB / 3.762GiB    2.38%     0B / 0B   64MB / 7.3MB      41
09ceb1ab8951   bgp        0.05%     118.3MiB / 3.762GiB   3.07%     0B / 0B   32.7MB / 7.33MB   29
### 2026-06-04T06:38:26+00:00
CONTAINER ID   NAME       CPU %     MEM USAGE / LIMIT     MEM %     NET I/O   BLOCK I/O         PIDS
4c8918896d0b   database   7.27%     111.1MiB / 3.762GiB   2.88%     0B / 0B   59.9MB / 7.09MB   21
371269d194bc   swss       88.10%    200.2MiB / 3.762GiB   5.20%     0B / 0B   40MB / 61.5MB     62
3f8b3ff7e0c0   syncd      0.82%     91.8MiB / 3.762GiB    2.38%     0B / 0B   64MB / 7.3MB      41
09ceb1ab8951   bgp        0.52%     118.6MiB / 3.762GiB   3.08%     0B / 0B   32.7MB / 7.33MB   29
### 2026-06-04T06:38:30+00:00
CONTAINER ID   NAME       CPU %     MEM USAGE / LIMIT     MEM %     NET I/O   BLOCK I/O         PIDS
4c8918896d0b   database   4.46%     111MiB / 3.762GiB     2.88%     0B / 0B   59.9MB / 7.09MB   21
371269d194bc   swss       106.74%   205.6MiB / 3.762GiB   5.34%     0B / 0B   40MB / 61.5MB     62
3f8b3ff7e0c0   syncd      0.58%     91.8MiB / 3.762GiB    2.38%     0B / 0B   64MB / 7.3MB      41
09ceb1ab8951   bgp        0.08%     118.3MiB / 3.762GiB   3.07%     0B / 0B   32.7MB / 7.33MB   29
### 2026-06-04T06:38:34+00:00
CONTAINER ID   NAME       CPU %     MEM USAGE / LIMIT     MEM %     NET I/O   BLOCK I/O         PIDS
4c8918896d0b   database   12.59%    110.9MiB / 3.762GiB   2.88%     0B / 0B   59.9MB / 7.09MB   21
371269d194bc   swss       110.95%   191.1MiB / 3.762GiB   4.96%     0B / 0B   40MB / 61.5MB     62
3f8b3ff7e0c0   syncd      0.76%     91.8MiB / 3.762GiB    2.38%     0B / 0B   64MB / 7.3MB      41
09ceb1ab8951   bgp        34.52%    118.3MiB / 3.762GiB   3.07%     0B / 0B   32.7MB / 7.33MB   29
### 2026-06-04T06:38:38+00:00
CONTAINER ID   NAME       CPU %     MEM USAGE / LIMIT     MEM %     NET I/O   BLOCK I/O         PIDS
4c8918896d0b   database   6.14%     111MiB / 3.762GiB     2.88%     0B / 0B   59.9MB / 7.09MB   21
371269d194bc   swss       110.20%   204.5MiB / 3.762GiB   5.31%     0B / 0B   40MB / 61.5MB     62
3f8b3ff7e0c0   syncd      0.72%     91.8MiB / 3.762GiB    2.38%     0B / 0B   64MB / 7.3MB      41
09ceb1ab8951   bgp        0.82%     118.6MiB / 3.762GiB   3.08%     0B / 0B   32.7MB / 7.33MB   29
### 2026-06-04T06:38:42+00:00
CONTAINER ID   NAME       CPU %     MEM USAGE / LIMIT     MEM %     NET I/O   BLOCK I/O         PIDS
4c8918896d0b   database   15.86%    110.6MiB / 3.762GiB   2.87%     0B / 0B   59.9MB / 7.09MB   21
371269d194bc   swss       111.71%   204MiB / 3.762GiB     5.30%     0B / 0B   40MB / 61.5MB     62
3f8b3ff7e0c0   syncd      0.95%     91.8MiB / 3.762GiB    2.38%     0B / 0B   64MB / 7.3MB      41
09ceb1ab8951   bgp        0.13%     118.3MiB / 3.762GiB   3.07%     0B / 0B   32.7MB / 7.33MB   29
### 2026-06-04T06:38:46+00:00
CONTAINER ID   NAME       CPU %     MEM USAGE / LIMIT     MEM %     NET I/O   BLOCK I/O         PIDS
4c8918896d0b   database   6.45%     110.7MiB / 3.762GiB   2.87%     0B / 0B   59.9MB / 7.09MB   21
371269d194bc   swss       123.33%   190.1MiB / 3.762GiB   4.93%     0B / 0B   40MB / 61.5MB     62
3f8b3ff7e0c0   syncd      0.82%     91.8MiB / 3.762GiB    2.38%     0B / 0B   64MB / 7.3MB      41
09ceb1ab8951   bgp        0.16%     118.3MiB / 3.762GiB   3.07%     0B / 0B   32.7MB / 7.33MB   29
### 2026-06-04T06:38:50+00:00
CONTAINER ID   NAME       CPU %     MEM USAGE / LIMIT     MEM %     NET I/O   BLOCK I/O         PIDS
4c8918896d0b   database   18.25%    110.8MiB / 3.762GiB   2.88%     0B / 0B   59.9MB / 7.09MB   21
371269d194bc   swss       120.05%   189.1MiB / 3.762GiB   4.91%     0B / 0B   40MB / 61.8MB     62
3f8b3ff7e0c0   syncd      1.15%     91.8MiB / 3.762GiB    2.38%     0B / 0B   64MB / 7.3MB      41
09ceb1ab8951   bgp        17.78%    118.3MiB / 3.762GiB   3.07%     0B / 0B   32.7MB / 7.33MB   29
### 2026-06-04T06:38:54+00:00
CONTAINER ID   NAME       CPU %     MEM USAGE / LIMIT     MEM %     NET I/O   BLOCK I/O         PIDS
4c8918896d0b   database   8.74%     110.9MiB / 3.762GiB   2.88%     0B / 0B   59.9MB / 7.09MB   21
371269d194bc   swss       129.11%   220.1MiB / 3.762GiB   5.71%     0B / 0B   40MB / 61.8MB     62
3f8b3ff7e0c0   syncd      0.63%     91.81MiB / 3.762GiB   2.38%     0B / 0B   64MB / 7.3MB      41
09ceb1ab8951   bgp        0.24%     118.6MiB / 3.762GiB   3.08%     0B / 0B   32.7MB / 7.33MB   29
### 2026-06-04T06:38:58+00:00
CONTAINER ID   NAME       CPU %     MEM USAGE / LIMIT     MEM %     NET I/O   BLOCK I/O         PIDS
4c8918896d0b   database   15.30%    110.8MiB / 3.762GiB   2.88%     0B / 0B   59.9MB / 7.09MB   21
371269d194bc   swss       99.91%    200.8MiB / 3.762GiB   5.21%     0B / 0B   40MB / 61.8MB     62
3f8b3ff7e0c0   syncd      1.00%     91.8MiB / 3.762GiB    2.38%     0B / 0B   64MB / 7.3MB      41
09ceb1ab8951   bgp        0.10%     118.3MiB / 3.762GiB   3.07%     0B / 0B   32.7MB / 7.33MB   29
### 2026-06-04T06:39:02+00:00
CONTAINER ID   NAME       CPU %     MEM USAGE / LIMIT     MEM %     NET I/O   BLOCK I/O         PIDS
4c8918896d0b   database   6.45%     109MiB / 3.762GiB     2.83%     0B / 0B   59.9MB / 7.09MB   21
371269d194bc   swss       109.89%   197.8MiB / 3.762GiB   5.13%     0B / 0B   40MB / 61.8MB     62
3f8b3ff7e0c0   syncd      0.72%     91.8MiB / 3.762GiB    2.38%     0B / 0B   64MB / 7.3MB      41
09ceb1ab8951   bgp        0.10%     118.3MiB / 3.762GiB   3.07%     0B / 0B   32.7MB / 7.33MB   29
### 2026-06-04T06:39:06+00:00
CONTAINER ID   NAME       CPU %     MEM USAGE / LIMIT     MEM %     NET I/O   BLOCK I/O         PIDS
4c8918896d0b   database   10.49%    110.7MiB / 3.762GiB   2.87%     0B / 0B   59.9MB / 7.09MB   21
371269d194bc   swss       125.29%   187.6MiB / 3.762GiB   4.87%     0B / 0B   40MB / 61.8MB     62
3f8b3ff7e0c0   syncd      1.66%     91.8MiB / 3.762GiB    2.38%     0B / 0B   64MB / 7.3MB      41
09ceb1ab8951   bgp        1.35%     118.4MiB / 3.762GiB   3.07%     0B / 0B   32.7MB / 7.33MB   29
### 2026-06-04T06:39:10+00:00
CONTAINER ID   NAME       CPU %     MEM USAGE / LIMIT     MEM %     NET I/O   BLOCK I/O         PIDS
4c8918896d0b   database   6.86%     110.7MiB / 3.762GiB   2.87%     0B / 0B   59.9MB / 7.09MB   21
371269d194bc   swss       112.89%   231MiB / 3.762GiB     6.00%     0B / 0B   40MB / 61.8MB     62
3f8b3ff7e0c0   syncd      0.64%     91.8MiB / 3.762GiB    2.38%     0B / 0B   64MB / 7.3MB      41
09ceb1ab8951   bgp        0.16%     118.3MiB / 3.762GiB   3.07%     0B / 0B   32.7MB / 7.33MB   29
### 2026-06-04T06:39:14+00:00
CONTAINER ID   NAME       CPU %     MEM USAGE / LIMIT     MEM %     NET I/O   BLOCK I/O         PIDS
4c8918896d0b   database   42.86%    110.3MiB / 3.762GiB   2.86%     0B / 0B   59.9MB / 7.09MB   21
371269d194bc   swss       107.15%   216.6MiB / 3.762GiB   5.62%     0B / 0B   40MB / 61.8MB     62
3f8b3ff7e0c0   syncd      1.17%     91.8MiB / 3.762GiB    2.38%     0B / 0B   64MB / 7.3MB      41
09ceb1ab8951   bgp        0.11%     118.3MiB / 3.762GiB   3.07%     0B / 0B   32.7MB / 7.33MB   29
### 2026-06-04T06:39:19+00:00
CONTAINER ID   NAME       CPU %     MEM USAGE / LIMIT     MEM %     NET I/O   BLOCK I/O         PIDS
4c8918896d0b   database   4.76%     110.6MiB / 3.762GiB   2.87%     0B / 0B   59.9MB / 7.09MB   21
371269d194bc   swss       111.12%   195.4MiB / 3.762GiB   5.07%     0B / 0B   40MB / 61.8MB     62
3f8b3ff7e0c0   syncd      0.87%     91.8MiB / 3.762GiB    2.38%     0B / 0B   64MB / 7.3MB      41
09ceb1ab8951   bgp        0.53%     118.6MiB / 3.762GiB   3.08%     0B / 0B   32.7MB / 7.33MB   29
### 2026-06-04T06:39:23+00:00
CONTAINER ID   NAME       CPU %     MEM USAGE / LIMIT     MEM %     NET I/O   BLOCK I/O         PIDS
4c8918896d0b   database   29.62%    110.6MiB / 3.762GiB   2.87%     0B / 0B   59.9MB / 7.09MB   21
371269d194bc   swss       91.74%    185.7MiB / 3.762GiB   4.82%     0B / 0B   40MB / 62MB       62
3f8b3ff7e0c0   syncd      2.13%     91.8MiB / 3.762GiB    2.38%     0B / 0B   64MB / 7.3MB      41
09ceb1ab8951   bgp        0.18%     118.3MiB / 3.762GiB   3.07%     0B / 0B   32.7MB / 7.33MB   29
### 2026-06-04T06:39:27+00:00
CONTAINER ID   NAME       CPU %     MEM USAGE / LIMIT     MEM %     NET I/O   BLOCK I/O         PIDS
4c8918896d0b   database   8.66%     110.6MiB / 3.762GiB   2.87%     0B / 0B   59.9MB / 7.09MB   21
371269d194bc   swss       103.41%   210.4MiB / 3.762GiB   5.46%     0B / 0B   40MB / 62MB       62
3f8b3ff7e0c0   syncd      1.10%     91.8MiB / 3.762GiB    2.38%     0B / 0B   64MB / 7.3MB      41
09ceb1ab8951   bgp        0.22%     118.3MiB / 3.762GiB   3.07%     0B / 0B   32.7MB / 7.33MB   29
### 2026-06-04T06:39:32+00:00
CONTAINER ID   NAME       CPU %     MEM USAGE / LIMIT     MEM %     NET I/O   BLOCK I/O         PIDS
4c8918896d0b   database   12.11%    109.5MiB / 3.762GiB   2.84%     0B / 0B   59.9MB / 7.09MB   21
371269d194bc   swss       110.12%   202.1MiB / 3.762GiB   5.25%     0B / 0B   40MB / 62MB       62
3f8b3ff7e0c0   syncd      0.80%     91.8MiB / 3.762GiB    2.38%     0B / 0B   64MB / 7.3MB      41
09ceb1ab8951   bgp        0.20%     118.6MiB / 3.762GiB   3.08%     0B / 0B   32.7MB / 7.33MB   29
### 2026-06-04T06:39:36+00:00
CONTAINER ID   NAME       CPU %     MEM USAGE / LIMIT     MEM %     NET I/O   BLOCK I/O         PIDS
4c8918896d0b   database   5.96%     110.6MiB / 3.762GiB   2.87%     0B / 0B   59.9MB / 7.09MB   21
371269d194bc   swss       109.12%   189.7MiB / 3.762GiB   4.92%     0B / 0B   40MB / 62MB       62
3f8b3ff7e0c0   syncd      1.35%     91.8MiB / 3.762GiB    2.38%     0B / 0B   64MB / 7.3MB      41
09ceb1ab8951   bgp        9.68%     118.3MiB / 3.762GiB   3.07%     0B / 0B   32.7MB / 7.33MB   29
### 2026-06-04T06:39:40+00:00
CONTAINER ID   NAME       CPU %     MEM USAGE / LIMIT     MEM %     NET I/O   BLOCK I/O         PIDS
4c8918896d0b   database   7.24%     110.4MiB / 3.762GiB   2.87%     0B / 0B   59.9MB / 7.09MB   21
371269d194bc   swss       111.63%   221.9MiB / 3.762GiB   5.76%     0B / 0B   40MB / 62MB       62
3f8b3ff7e0c0   syncd      1.04%     92.04MiB / 3.762GiB   2.39%     0B / 0B   64MB / 7.3MB      41
09ceb1ab8951   bgp        0.28%     118.3MiB / 3.762GiB   3.07%     0B / 0B   32.7MB / 7.33MB   29
### 2026-06-04T06:39:44+00:00
CONTAINER ID   NAME       CPU %     MEM USAGE / LIMIT     MEM %     NET I/O   BLOCK I/O         PIDS
4c8918896d0b   database   13.08%    110.2MiB / 3.762GiB   2.86%     0B / 0B   59.9MB / 7.09MB   21
371269d194bc   swss       128.03%   221.8MiB / 3.762GiB   5.76%     0B / 0B   40MB / 62MB       62
3f8b3ff7e0c0   syncd      0.80%     91.8MiB / 3.762GiB    2.38%     0B / 0B   64MB / 7.3MB      41
09ceb1ab8951   bgp        0.64%     118.6MiB / 3.762GiB   3.08%     0B / 0B   32.7MB / 7.33MB   29
### 2026-06-04T06:39:48+00:00
CONTAINER ID   NAME       CPU %     MEM USAGE / LIMIT     MEM %     NET I/O   BLOCK I/O         PIDS
4c8918896d0b   database   6.30%     110.2MiB / 3.762GiB   2.86%     0B / 0B   59.9MB / 7.09MB   21
371269d194bc   swss       107.58%   202.6MiB / 3.762GiB   5.26%     0B / 0B   40MB / 62MB       62
3f8b3ff7e0c0   syncd      0.60%     91.8MiB / 3.762GiB    2.38%     0B / 0B   64MB / 7.3MB      41
09ceb1ab8951   bgp        0.07%     118.3MiB / 3.762GiB   3.07%     0B / 0B   32.7MB / 7.33MB   29
### 2026-06-04T06:39:52+00:00
CONTAINER ID   NAME       CPU %     MEM USAGE / LIMIT     MEM %     NET I/O   BLOCK I/O         PIDS
4c8918896d0b   database   12.67%    110.2MiB / 3.762GiB   2.86%     0B / 0B   59.9MB / 7.09MB   21
371269d194bc   swss       112.50%   192.4MiB / 3.762GiB   5.00%     0B / 0B   40MB / 62MB       62
3f8b3ff7e0c0   syncd      0.62%     91.8MiB / 3.762GiB    2.38%     0B / 0B   64MB / 7.3MB      41
09ceb1ab8951   bgp        0.22%     118.3MiB / 3.762GiB   3.07%     0B / 0B   32.7MB / 7.33MB   29
### 2026-06-04T06:39:56+00:00
CONTAINER ID   NAME       CPU %     MEM USAGE / LIMIT     MEM %     NET I/O   BLOCK I/O         PIDS
4c8918896d0b   database   22.39%    110.1MiB / 3.762GiB   2.86%     0B / 0B   59.9MB / 7.09MB   21
371269d194bc   swss       114.95%   216.2MiB / 3.762GiB   5.61%     0B / 0B   40MB / 62MB       62
3f8b3ff7e0c0   syncd      0.77%     91.8MiB / 3.762GiB    2.38%     0B / 0B   64MB / 7.3MB      41
09ceb1ab8951   bgp        0.23%     118.3MiB / 3.762GiB   3.07%     0B / 0B   32.7MB / 7.33MB   29
### 2026-06-04T06:39:59+00:00
CONTAINER ID   NAME       CPU %     MEM USAGE / LIMIT     MEM %     NET I/O   BLOCK I/O         PIDS
4c8918896d0b   database   9.68%     110.1MiB / 3.762GiB   2.86%     0B / 0B   59.9MB / 7.09MB   21
371269d194bc   swss       115.51%   206.8MiB / 3.762GiB   5.37%     0B / 0B   40MB / 62MB       62
3f8b3ff7e0c0   syncd      0.88%     91.8MiB / 3.762GiB    2.38%     0B / 0B   64MB / 7.3MB      41
09ceb1ab8951   bgp        0.98%     118.3MiB / 3.762GiB   3.07%     0B / 0B   32.7MB / 7.33MB   29
### 2026-06-04T06:40:03+00:00
CONTAINER ID   NAME       CPU %     MEM USAGE / LIMIT     MEM %     NET I/O   BLOCK I/O         PIDS
4c8918896d0b   database   8.86%     110.2MiB / 3.762GiB   2.86%     0B / 0B   59.9MB / 7.09MB   21
371269d194bc   swss       109.75%   202.9MiB / 3.762GiB   5.27%     0B / 0B   40MB / 62.4MB     62
3f8b3ff7e0c0   syncd      0.56%     91.8MiB / 3.762GiB    2.38%     0B / 0B   64MB / 7.3MB      41
09ceb1ab8951   bgp        0.08%     118.3MiB / 3.762GiB   3.07%     0B / 0B   32.7MB / 7.33MB   29
### 2026-06-04T06:40:07+00:00
CONTAINER ID   NAME       CPU %     MEM USAGE / LIMIT     MEM %     NET I/O   BLOCK I/O         PIDS
4c8918896d0b   database   7.11%     110.2MiB / 3.762GiB   2.86%     0B / 0B   59.9MB / 7.09MB   21
371269d194bc   swss       118.23%   225.3MiB / 3.762GiB   5.85%     0B / 0B   40MB / 62.4MB     62
3f8b3ff7e0c0   syncd      0.58%     91.8MiB / 3.762GiB    2.38%     0B / 0B   64MB / 7.3MB      41
09ceb1ab8951   bgp        0.09%     118.3MiB / 3.762GiB   3.07%     0B / 0B   32.7MB / 7.33MB   29
### 2026-06-04T06:40:10+00:00
CONTAINER ID   NAME       CPU %     MEM USAGE / LIMIT     MEM %     NET I/O   BLOCK I/O         PIDS
4c8918896d0b   database   9.74%     110.4MiB / 3.762GiB   2.86%     0B / 0B   59.9MB / 7.09MB   21
371269d194bc   swss       115.98%   228.2MiB / 3.762GiB   5.92%     0B / 0B   40MB / 62.4MB     62
3f8b3ff7e0c0   syncd      0.77%     91.8MiB / 3.762GiB    2.38%     0B / 0B   64MB / 7.3MB      41
09ceb1ab8951   bgp        0.33%     118.6MiB / 3.762GiB   3.08%     0B / 0B   32.7MB / 7.33MB   29
### 2026-06-04T06:40:14+00:00
CONTAINER ID   NAME       CPU %     MEM USAGE / LIMIT     MEM %     NET I/O   BLOCK I/O         PIDS
4c8918896d0b   database   9.61%     109.2MiB / 3.762GiB   2.83%     0B / 0B   59.9MB / 7.09MB   21
371269d194bc   swss       108.77%   204.3MiB / 3.762GiB   5.30%     0B / 0B   40MB / 62.4MB     62
3f8b3ff7e0c0   syncd      0.58%     91.8MiB / 3.762GiB    2.38%     0B / 0B   64MB / 7.3MB      41
09ceb1ab8951   bgp        0.16%     118.3MiB / 3.762GiB   3.07%     0B / 0B   32.7MB / 7.33MB   29
### 2026-06-04T06:40:18+00:00
CONTAINER ID   NAME       CPU %     MEM USAGE / LIMIT     MEM %     NET I/O   BLOCK I/O         PIDS
4c8918896d0b   database   7.75%     110.4MiB / 3.762GiB   2.86%     0B / 0B   59.9MB / 7.09MB   21
371269d194bc   swss       106.07%   200.9MiB / 3.762GiB   5.22%     0B / 0B   40MB / 62.4MB     62
3f8b3ff7e0c0   syncd      0.83%     91.8MiB / 3.762GiB    2.38%     0B / 0B   64MB / 7.3MB      41
09ceb1ab8951   bgp        0.09%     118.3MiB / 3.762GiB   3.07%     0B / 0B   32.7MB / 7.33MB   29
### 2026-06-04T06:40:22+00:00
CONTAINER ID   NAME       CPU %     MEM USAGE / LIMIT     MEM %     NET I/O   BLOCK I/O         PIDS
4c8918896d0b   database   14.32%    108.6MiB / 3.762GiB   2.82%     0B / 0B   59.9MB / 7.09MB   21
371269d194bc   swss       81.68%    196.6MiB / 3.762GiB   5.10%     0B / 0B   40MB / 62.4MB     62
3f8b3ff7e0c0   syncd      1.67%     91.8MiB / 3.762GiB    2.38%     0B / 0B   64MB / 7.3MB      41
09ceb1ab8951   bgp        0.73%     118.5MiB / 3.762GiB   3.08%     0B / 0B   32.7MB / 7.33MB   29
### 2026-06-04T06:40:27+00:00
CONTAINER ID   NAME       CPU %     MEM USAGE / LIMIT     MEM %     NET I/O   BLOCK I/O         PIDS
4c8918896d0b   database   9.05%     110.4MiB / 3.762GiB   2.87%     0B / 0B   59.9MB / 7.09MB   21
371269d194bc   swss       75.63%    212.2MiB / 3.762GiB   5.51%     0B / 0B   40MB / 62.4MB     62
3f8b3ff7e0c0   syncd      1.89%     91.8MiB / 3.762GiB    2.38%     0B / 0B   64MB / 7.3MB      41
09ceb1ab8951   bgp        0.15%     118.3MiB / 3.762GiB   3.07%     0B / 0B   32.7MB / 7.33MB   29
### 2026-06-04T06:40:31+00:00
CONTAINER ID   NAME       CPU %     MEM USAGE / LIMIT     MEM %     NET I/O   BLOCK I/O         PIDS
4c8918896d0b   database   9.60%     110.3MiB / 3.762GiB   2.86%     0B / 0B   59.9MB / 7.09MB   21
371269d194bc   swss       119.85%   204.2MiB / 3.762GiB   5.30%     0B / 0B   40MB / 62.4MB     62
3f8b3ff7e0c0   syncd      1.09%     91.8MiB / 3.762GiB    2.38%     0B / 0B   64MB / 7.3MB      41
09ceb1ab8951   bgp        0.11%     118.3MiB / 3.762GiB   3.07%     0B / 0B   32.7MB / 7.33MB   29
### 2026-06-04T06:40:34+00:00
CONTAINER ID   NAME       CPU %     MEM USAGE / LIMIT     MEM %     NET I/O   BLOCK I/O         PIDS
4c8918896d0b   database   9.30%     108.4MiB / 3.762GiB   2.81%     0B / 0B   59.9MB / 7.09MB   21
371269d194bc   swss       111.96%   190.4MiB / 3.762GiB   4.94%     0B / 0B   40MB / 62.4MB     62
3f8b3ff7e0c0   syncd      0.79%     91.8MiB / 3.762GiB    2.38%     0B / 0B   64MB / 7.3MB      41
09ceb1ab8951   bgp        0.21%     118.3MiB / 3.762GiB   3.07%     0B / 0B   32.7MB / 7.33MB   29
### 2026-06-04T06:40:38+00:00
CONTAINER ID   NAME       CPU %     MEM USAGE / LIMIT     MEM %     NET I/O   BLOCK I/O         PIDS
4c8918896d0b   database   10.79%    110.3MiB / 3.762GiB   2.86%     0B / 0B   59.9MB / 7.09MB   21
371269d194bc   swss       111.16%   216.5MiB / 3.762GiB   5.62%     0B / 0B   40MB / 62.7MB     62
3f8b3ff7e0c0   syncd      1.08%     91.8MiB / 3.762GiB    2.38%     0B / 0B   64MB / 7.3MB      41
09ceb1ab8951   bgp        0.87%     118.4MiB / 3.762GiB   3.07%     0B / 0B   32.7MB / 7.33MB   29
### 2026-06-04T06:40:42+00:00
CONTAINER ID   NAME       CPU %     MEM USAGE / LIMIT     MEM %     NET I/O   BLOCK I/O         PIDS
4c8918896d0b   database   4.06%     110.1MiB / 3.762GiB   2.86%     0B / 0B   59.9MB / 7.09MB   21
371269d194bc   swss       124.40%   214.1MiB / 3.762GiB   5.56%     0B / 0B   40MB / 62.7MB     62
3f8b3ff7e0c0   syncd      0.82%     91.8MiB / 3.762GiB    2.38%     0B / 0B   64MB / 7.3MB      41
09ceb1ab8951   bgp        0.11%     118.3MiB / 3.762GiB   3.07%     0B / 0B   32.7MB / 7.33MB   29
### 2026-06-04T06:40:47+00:00
CONTAINER ID   NAME       CPU %     MEM USAGE / LIMIT     MEM %     NET I/O   BLOCK I/O         PIDS
4c8918896d0b   database   6.47%     110MiB / 3.762GiB     2.85%     0B / 0B   59.9MB / 7.09MB   21
371269d194bc   swss       115.69%   218.1MiB / 3.762GiB   5.66%     0B / 0B   40MB / 62.7MB     62
3f8b3ff7e0c0   syncd      2.02%     91.8MiB / 3.762GiB    2.38%     0B / 0B   64MB / 7.3MB      41
09ceb1ab8951   bgp        0.09%     118.3MiB / 3.762GiB   3.07%     0B / 0B   32.7MB / 7.33MB   29
### 2026-06-04T06:40:51+00:00
CONTAINER ID   NAME       CPU %     MEM USAGE / LIMIT     MEM %     NET I/O   BLOCK I/O         PIDS
4c8918896d0b   database   12.15%    109.8MiB / 3.762GiB   2.85%     0B / 0B   59.9MB / 7.09MB   21
371269d194bc   swss       107.52%   239.6MiB / 3.762GiB   6.22%     0B / 0B   40MB / 62.8MB     62
3f8b3ff7e0c0   syncd      0.58%     91.8MiB / 3.762GiB    2.38%     0B / 0B   64MB / 7.3MB      41
09ceb1ab8951   bgp        0.89%     118.4MiB / 3.762GiB   3.07%     0B / 0B   32.7MB / 7.33MB   29
### 2026-06-04T06:40:55+00:00
CONTAINER ID   NAME       CPU %     MEM USAGE / LIMIT     MEM %     NET I/O   BLOCK I/O         PIDS
4c8918896d0b   database   8.47%     109.7MiB / 3.762GiB   2.85%     0B / 0B   59.9MB / 7.09MB   21
371269d194bc   swss       120.49%   217.2MiB / 3.762GiB   5.64%     0B / 0B   40MB / 62.8MB     62
3f8b3ff7e0c0   syncd      0.52%     91.8MiB / 3.762GiB    2.38%     0B / 0B   64MB / 7.3MB      41
09ceb1ab8951   bgp        0.14%     118.3MiB / 3.762GiB   3.07%     0B / 0B   32.7MB / 7.33MB   29
### 2026-06-04T06:40:59+00:00
CONTAINER ID   NAME       CPU %     MEM USAGE / LIMIT     MEM %     NET I/O   BLOCK I/O         PIDS
4c8918896d0b   database   6.77%     109.9MiB / 3.762GiB   2.85%     0B / 0B   59.9MB / 7.09MB   21
371269d194bc   swss       117.16%   187.5MiB / 3.762GiB   4.87%     0B / 0B   40MB / 62.9MB     62
3f8b3ff7e0c0   syncd      0.97%     91.8MiB / 3.762GiB    2.38%     0B / 0B   64MB / 7.3MB      41
09ceb1ab8951   bgp        0.18%     118.3MiB / 3.762GiB   3.07%     0B / 0B   32.7MB / 7.33MB   29
### 2026-06-04T06:41:02+00:00
CONTAINER ID   NAME       CPU %     MEM USAGE / LIMIT     MEM %     NET I/O   BLOCK I/O         PIDS
4c8918896d0b   database   3.91%     109.3MiB / 3.762GiB   2.84%     0B / 0B   59.9MB / 7.09MB   21
371269d194bc   swss       107.16%   213.4MiB / 3.762GiB   5.54%     0B / 0B   40MB / 63MB       62
3f8b3ff7e0c0   syncd      0.58%     91.8MiB / 3.762GiB    2.38%     0B / 0B   64MB / 7.3MB      41
09ceb1ab8951   bgp        0.07%     118.6MiB / 3.762GiB   3.08%     0B / 0B   32.7MB / 7.33MB   29
### 2026-06-04T06:41:06+00:00
CONTAINER ID   NAME       CPU %     MEM USAGE / LIMIT     MEM %     NET I/O   BLOCK I/O         PIDS
4c8918896d0b   database   3.71%     107.5MiB / 3.762GiB   2.79%     0B / 0B   59.9MB / 7.09MB   21
371269d194bc   swss       107.47%   195.7MiB / 3.762GiB   5.08%     0B / 0B   40MB / 63MB       62
3f8b3ff7e0c0   syncd      0.93%     91.81MiB / 3.762GiB   2.38%     0B / 0B   64MB / 7.3MB      41
09ceb1ab8951   bgp        24.91%    118.4MiB / 3.762GiB   3.07%     0B / 0B   32.7MB / 7.33MB   29
### 2026-06-04T06:41:10+00:00
CONTAINER ID   NAME       CPU %     MEM USAGE / LIMIT     MEM %     NET I/O   BLOCK I/O         PIDS
4c8918896d0b   database   4.47%     109.3MiB / 3.762GiB   2.84%     0B / 0B   59.9MB / 7.09MB   21
371269d194bc   swss       107.72%   181.4MiB / 3.762GiB   4.71%     0B / 0B   40MB / 63MB       62
3f8b3ff7e0c0   syncd      0.66%     91.8MiB / 3.762GiB    2.38%     0B / 0B   64MB / 7.3MB      41
09ceb1ab8951   bgp        0.07%     118.3MiB / 3.762GiB   3.07%     0B / 0B   32.7MB / 7.33MB   29
### 2026-06-04T06:41:14+00:00
CONTAINER ID   NAME       CPU %     MEM USAGE / LIMIT     MEM %     NET I/O   BLOCK I/O         PIDS
4c8918896d0b   database   9.05%     109.3MiB / 3.762GiB   2.84%     0B / 0B   59.9MB / 7.09MB   21
371269d194bc   swss       109.37%   190.4MiB / 3.762GiB   4.94%     0B / 0B   40MB / 63.1MB     62
3f8b3ff7e0c0   syncd      0.55%     91.8MiB / 3.762GiB    2.38%     0B / 0B   64MB / 7.3MB      41
09ceb1ab8951   bgp        0.31%     118.3MiB / 3.762GiB   3.07%     0B / 0B   32.7MB / 7.33MB   29
### 2026-06-04T06:41:18+00:00
CONTAINER ID   NAME       CPU %     MEM USAGE / LIMIT     MEM %     NET I/O   BLOCK I/O         PIDS
4c8918896d0b   database   16.57%    109.3MiB / 3.762GiB   2.84%     0B / 0B   59.9MB / 7.09MB   21
371269d194bc   swss       138.07%   194.1MiB / 3.762GiB   5.04%     0B / 0B   40MB / 63.1MB     62
3f8b3ff7e0c0   syncd      1.46%     91.8MiB / 3.762GiB    2.38%     0B / 0B   64MB / 7.3MB      41
09ceb1ab8951   bgp        0.99%     118.3MiB / 3.762GiB   3.07%     0B / 0B   32.7MB / 7.33MB   29
